[0.279s] Invoking command in '/home/alumno1/Documents/destroyer_ws/src/odom_tools': AMENT_PREFIX_PATH=/home/alumno1/Documents/destroyer_ws/install/custom_msgs:${AMENT_PREFIX_PATH} CMAKE_PREFIX_PATH=/home/alumno1/Documents/destroyer_ws/install/custom_msgs:${CMAKE_PREFIX_PATH} LD_LIBRARY_PATH=/home/alumno1/Documents/destroyer_ws/install/custom_msgs/lib:/home/alumno1/turtlebot3_ws/install/turtlebot3_msgs/lib:/home/alumno1/turtlebot3_ws/install/dynamixel_sdk_custom_interfaces/lib:/home/alumno1/turtlebot3_ws/install/dynamixel_sdk/lib:/usr/lib/x86_64-linux-gnu/gazebo-11/plugins:/opt/ros/humble/opt/rviz_ogre_vendor/lib:/opt/ros/humble/lib/x86_64-linux-gnu:/opt/ros/humble/lib:/usr/lib/x86_64-linux-gnu/gazebo-11/plugins PYTHONPATH=/home/alumno1/Documents/destroyer_ws/build/odom_tools/prefix_override:/usr/lib/python3/dist-packages/colcon_core/task/python/colcon_distutils_commands:/home/alumno1/Documents/destroyer_ws/install/odom_tools/lib/python3.10/site-packages:/home/alumno1/Documents/destroyer_ws/install/custom_msgs/local/lib/python3.10/dist-packages:${PYTHONPATH} /usr/bin/python3 -W ignore:setup.py install is deprecated -W ignore:easy_install command is deprecated setup.py egg_info --egg-base ../../build/odom_tools build --build-base /home/alumno1/Documents/destroyer_ws/build/odom_tools/build install --record /home/alumno1/Documents/destroyer_ws/build/odom_tools/install.log --single-version-externally-managed install_data
[0.383s] running egg_info
[0.383s] writing ../../build/odom_tools/odom_tools.egg-info/PKG-INFO
[0.383s] writing dependency_links to ../../build/odom_tools/odom_tools.egg-info/dependency_links.txt
[0.383s] writing entry points to ../../build/odom_tools/odom_tools.egg-info/entry_points.txt
[0.383s] writing requirements to ../../build/odom_tools/odom_tools.egg-info/requires.txt
[0.384s] writing top-level names to ../../build/odom_tools/odom_tools.egg-info/top_level.txt
[0.384s] reading manifest file '../../build/odom_tools/odom_tools.egg-info/SOURCES.txt'
[0.384s] adding license file 'LICENSE'
[0.385s] writing manifest file '../../build/odom_tools/odom_tools.egg-info/SOURCES.txt'
[0.385s] running build
[0.385s] running build_py
[0.385s] running install
[0.385s] running install_lib
[0.385s] running install_data
[0.385s] running install_egg_info
[0.386s] removing '/home/alumno1/Documents/destroyer_ws/install/odom_tools/lib/python3.10/site-packages/odom_tools-0.0.0-py3.10.egg-info' (and everything under it)
[0.386s] Copying ../../build/odom_tools/odom_tools.egg-info to /home/alumno1/Documents/destroyer_ws/install/odom_tools/lib/python3.10/site-packages/odom_tools-0.0.0-py3.10.egg-info
[0.387s] running install_scripts
[0.396s] Installing delta_odom script to /home/alumno1/Documents/destroyer_ws/install/odom_tools/lib/odom_tools
[0.397s] writing list of installed files to '/home/alumno1/Documents/destroyer_ws/build/odom_tools/install.log'
[0.408s] Invoked command in '/home/alumno1/Documents/destroyer_ws/src/odom_tools' returned '0': AMENT_PREFIX_PATH=/home/alumno1/Documents/destroyer_ws/install/custom_msgs:${AMENT_PREFIX_PATH} CMAKE_PREFIX_PATH=/home/alumno1/Documents/destroyer_ws/install/custom_msgs:${CMAKE_PREFIX_PATH} LD_LIBRARY_PATH=/home/alumno1/Documents/destroyer_ws/install/custom_msgs/lib:/home/alumno1/turtlebot3_ws/install/turtlebot3_msgs/lib:/home/alumno1/turtlebot3_ws/install/dynamixel_sdk_custom_interfaces/lib:/home/alumno1/turtlebot3_ws/install/dynamixel_sdk/lib:/usr/lib/x86_64-linux-gnu/gazebo-11/plugins:/opt/ros/humble/opt/rviz_ogre_vendor/lib:/opt/ros/humble/lib/x86_64-linux-gnu:/opt/ros/humble/lib:/usr/lib/x86_64-linux-gnu/gazebo-11/plugins PYTHONPATH=/home/alumno1/Documents/destroyer_ws/build/odom_tools/prefix_override:/usr/lib/python3/dist-packages/colcon_core/task/python/colcon_distutils_commands:/home/alumno1/Documents/destroyer_ws/install/odom_tools/lib/python3.10/site-packages:/home/alumno1/Documents/destroyer_ws/install/custom_msgs/local/lib/python3.10/dist-packages:${PYTHONPATH} /usr/bin/python3 -W ignore:setup.py install is deprecated -W ignore:easy_install command is deprecated setup.py egg_info --egg-base ../../build/odom_tools build --build-base /home/alumno1/Documents/destroyer_ws/build/odom_tools/build install --record /home/alumno1/Documents/destroyer_ws/build/odom_tools/install.log --single-version-externally-managed install_data
