[0.783s] Invoking command in '/home/juan/Documents/fundamentos_robotica/destroyer_ws/build/turtlebot3_custom_simulation': CMAKE_PREFIX_PATH=${CMAKE_PREFIX_PATH}:/home/juan/Documents/fundamentos_robotica/ws/install/ubicate_nene:/home/juan/Documents/fundamentos_robotica/ws/install/paquete1:/home/juan/Documents/fundamentos_robotica/ws/install/no_te_choques:/home/juan/Documents/fundamentos_robotica/ws/install/custom_code:/opt/ros/humble /usr/bin/cmake --build /home/juan/Documents/fundamentos_robotica/destroyer_ws/build/turtlebot3_custom_simulation -- -j12 -l12
[0.966s] [100%] Built target turtlebot3_custom_simulation
[1.001s] Invoked command in '/home/juan/Documents/fundamentos_robotica/destroyer_ws/build/turtlebot3_custom_simulation' returned '0': CMAKE_PREFIX_PATH=${CMAKE_PREFIX_PATH}:/home/juan/Documents/fundamentos_robotica/ws/install/ubicate_nene:/home/juan/Documents/fundamentos_robotica/ws/install/paquete1:/home/juan/Documents/fundamentos_robotica/ws/install/no_te_choques:/home/juan/Documents/fundamentos_robotica/ws/install/custom_code:/opt/ros/humble /usr/bin/cmake --build /home/juan/Documents/fundamentos_robotica/destroyer_ws/build/turtlebot3_custom_simulation -- -j12 -l12
[1.033s] Invoking command in '/home/juan/Documents/fundamentos_robotica/destroyer_ws/build/turtlebot3_custom_simulation': CMAKE_PREFIX_PATH=${CMAKE_PREFIX_PATH}:/home/juan/Documents/fundamentos_robotica/ws/install/ubicate_nene:/home/juan/Documents/fundamentos_robotica/ws/install/paquete1:/home/juan/Documents/fundamentos_robotica/ws/install/no_te_choques:/home/juan/Documents/fundamentos_robotica/ws/install/custom_code:/opt/ros/humble /usr/bin/cmake --install /home/juan/Documents/fundamentos_robotica/destroyer_ws/build/turtlebot3_custom_simulation
[1.054s] -- Install configuration: ""
[1.054s] -- Up-to-date: /home/juan/Documents/fundamentos_robotica/destroyer_ws/install/turtlebot3_custom_simulation/lib/turtlebot3_custom_simulation/turtlebot3_custom_simulation
[1.056s] -- Up-to-date: /home/juan/Documents/fundamentos_robotica/destroyer_ws/install/turtlebot3_custom_simulation/share/turtlebot3_custom_simulation/launch
[1.058s] -- Up-to-date: /home/juan/Documents/fundamentos_robotica/destroyer_ws/install/turtlebot3_custom_simulation/share/turtlebot3_custom_simulation/launch/custom_room.launch.py
[1.058s] -- Up-to-date: /home/juan/Documents/fundamentos_robotica/destroyer_ws/install/turtlebot3_custom_simulation/share/turtlebot3_custom_simulation/launch/custom_casa_obs.launch.py
[1.059s] -- Up-to-date: /home/juan/Documents/fundamentos_robotica/destroyer_ws/install/turtlebot3_custom_simulation/share/turtlebot3_custom_simulation/launch/custom_maze.launch.py
[1.060s] -- Up-to-date: /home/juan/Documents/fundamentos_robotica/destroyer_ws/install/turtlebot3_custom_simulation/share/turtlebot3_custom_simulation/launch/custom_casa.launch.py
[1.060s] -- Up-to-date: /home/juan/Documents/fundamentos_robotica/destroyer_ws/install/turtlebot3_custom_simulation/share/turtlebot3_custom_simulation/launch/custom_simulation.launch.py
[1.061s] -- Up-to-date: /home/juan/Documents/fundamentos_robotica/destroyer_ws/install/turtlebot3_custom_simulation/share/turtlebot3_custom_simulation/launch/custom_casa_obs2.launch.py
[1.062s] -- Up-to-date: /home/juan/Documents/fundamentos_robotica/destroyer_ws/install/turtlebot3_custom_simulation/share/turtlebot3_custom_simulation/param
[1.064s] -- Up-to-date: /home/juan/Documents/fundamentos_robotica/destroyer_ws/install/turtlebot3_custom_simulation/share/turtlebot3_custom_simulation/param/burger.yaml
[1.065s] -- Up-to-date: /home/juan/Documents/fundamentos_robotica/destroyer_ws/install/turtlebot3_custom_simulation/share/turtlebot3_custom_simulation/worlds
[1.066s] -- Up-to-date: /home/juan/Documents/fundamentos_robotica/destroyer_ws/install/turtlebot3_custom_simulation/share/turtlebot3_custom_simulation/worlds/casa_obs2.world
[1.066s] -- Up-to-date: /home/juan/Documents/fundamentos_robotica/destroyer_ws/install/turtlebot3_custom_simulation/share/turtlebot3_custom_simulation/worlds/Armchair
[1.067s] -- Up-to-date: /home/juan/Documents/fundamentos_robotica/destroyer_ws/install/turtlebot3_custom_simulation/share/turtlebot3_custom_simulation/worlds/Armchair/model.sdf
[1.067s] -- Up-to-date: /home/juan/Documents/fundamentos_robotica/destroyer_ws/install/turtlebot3_custom_simulation/share/turtlebot3_custom_simulation/worlds/Armchair/model.config
[1.067s] -- Up-to-date: /home/juan/Documents/fundamentos_robotica/destroyer_ws/install/turtlebot3_custom_simulation/share/turtlebot3_custom_simulation/worlds/Walls
[1.068s] -- Up-to-date: /home/juan/Documents/fundamentos_robotica/destroyer_ws/install/turtlebot3_custom_simulation/share/turtlebot3_custom_simulation/worlds/Walls/model.sdf
[1.069s] -- Up-to-date: /home/juan/Documents/fundamentos_robotica/destroyer_ws/install/turtlebot3_custom_simulation/share/turtlebot3_custom_simulation/worlds/Walls/model.config
[1.070s] -- Up-to-date: /home/juan/Documents/fundamentos_robotica/destroyer_ws/install/turtlebot3_custom_simulation/share/turtlebot3_custom_simulation/worlds/slippery.world
[1.070s] -- Up-to-date: /home/juan/Documents/fundamentos_robotica/destroyer_ws/install/turtlebot3_custom_simulation/share/turtlebot3_custom_simulation/worlds/map
[1.071s] -- Up-to-date: /home/juan/Documents/fundamentos_robotica/destroyer_ws/install/turtlebot3_custom_simulation/share/turtlebot3_custom_simulation/worlds/map/map.pgm
[1.071s] -- Up-to-date: /home/juan/Documents/fundamentos_robotica/destroyer_ws/install/turtlebot3_custom_simulation/share/turtlebot3_custom_simulation/worlds/map/map.yaml
[1.071s] -- Up-to-date: /home/juan/Documents/fundamentos_robotica/destroyer_ws/install/turtlebot3_custom_simulation/share/turtlebot3_custom_simulation/worlds/HospitalBot
[1.071s] -- Up-to-date: /home/juan/Documents/fundamentos_robotica/destroyer_ws/install/turtlebot3_custom_simulation/share/turtlebot3_custom_simulation/worlds/HospitalBot/model.sdf
[1.072s] -- Up-to-date: /home/juan/Documents/fundamentos_robotica/destroyer_ws/install/turtlebot3_custom_simulation/share/turtlebot3_custom_simulation/worlds/HospitalBot/model.config
[1.072s] -- Up-to-date: /home/juan/Documents/fundamentos_robotica/destroyer_ws/install/turtlebot3_custom_simulation/share/turtlebot3_custom_simulation/worlds/casa_o.world
[1.072s] -- Up-to-date: /home/juan/Documents/fundamentos_robotica/destroyer_ws/install/turtlebot3_custom_simulation/share/turtlebot3_custom_simulation/worlds/Suitcase2H
[1.072s] -- Up-to-date: /home/juan/Documents/fundamentos_robotica/destroyer_ws/install/turtlebot3_custom_simulation/share/turtlebot3_custom_simulation/worlds/Suitcase2H/model.sdf
[1.073s] -- Up-to-date: /home/juan/Documents/fundamentos_robotica/destroyer_ws/install/turtlebot3_custom_simulation/share/turtlebot3_custom_simulation/worlds/Suitcase2H/model.config
[1.073s] -- Up-to-date: /home/juan/Documents/fundamentos_robotica/destroyer_ws/install/turtlebot3_custom_simulation/share/turtlebot3_custom_simulation/worlds/casa_obs.world
[1.073s] -- Up-to-date: /home/juan/Documents/fundamentos_robotica/destroyer_ws/install/turtlebot3_custom_simulation/share/turtlebot3_custom_simulation/worlds/maze.world
[1.073s] -- Up-to-date: /home/juan/Documents/fundamentos_robotica/destroyer_ws/install/turtlebot3_custom_simulation/share/turtlebot3_custom_simulation/worlds/casa.world
[1.073s] -- Up-to-date: /home/juan/Documents/fundamentos_robotica/destroyer_ws/install/turtlebot3_custom_simulation/share/turtlebot3_custom_simulation/worlds/Suitcase1
[1.073s] -- Up-to-date: /home/juan/Documents/fundamentos_robotica/destroyer_ws/install/turtlebot3_custom_simulation/share/turtlebot3_custom_simulation/worlds/Suitcase1/model.sdf
[1.074s] -- Up-to-date: /home/juan/Documents/fundamentos_robotica/destroyer_ws/install/turtlebot3_custom_simulation/share/turtlebot3_custom_simulation/worlds/Suitcase1/model.config
[1.074s] -- Up-to-date: /home/juan/Documents/fundamentos_robotica/destroyer_ws/install/turtlebot3_custom_simulation/share/turtlebot3_custom_simulation/worlds/room.world
[1.074s] -- Up-to-date: /home/juan/Documents/fundamentos_robotica/destroyer_ws/install/turtlebot3_custom_simulation/share/turtlebot3_custom_simulation/worlds/Sofa
[1.074s] -- Up-to-date: /home/juan/Documents/fundamentos_robotica/destroyer_ws/install/turtlebot3_custom_simulation/share/turtlebot3_custom_simulation/worlds/Sofa/model.sdf
[1.075s] -- Up-to-date: /home/juan/Documents/fundamentos_robotica/destroyer_ws/install/turtlebot3_custom_simulation/share/turtlebot3_custom_simulation/worlds/Sofa/model.config
[1.076s] -- Up-to-date: /home/juan/Documents/fundamentos_robotica/destroyer_ws/install/turtlebot3_custom_simulation/include/
[1.076s] -- Up-to-date: /home/juan/Documents/fundamentos_robotica/destroyer_ws/install/turtlebot3_custom_simulation/include//turtlebot3_custom_simulation
[1.076s] -- Up-to-date: /home/juan/Documents/fundamentos_robotica/destroyer_ws/install/turtlebot3_custom_simulation/include//turtlebot3_custom_simulation/turtlebot3_custom_simulation.hpp
[1.076s] -- Up-to-date: /home/juan/Documents/fundamentos_robotica/destroyer_ws/install/turtlebot3_custom_simulation/share/ament_index/resource_index/package_run_dependencies/turtlebot3_custom_simulation
[1.076s] -- Up-to-date: /home/juan/Documents/fundamentos_robotica/destroyer_ws/install/turtlebot3_custom_simulation/share/ament_index/resource_index/parent_prefix_path/turtlebot3_custom_simulation
[1.077s] -- Up-to-date: /home/juan/Documents/fundamentos_robotica/destroyer_ws/install/turtlebot3_custom_simulation/share/turtlebot3_custom_simulation/environment/ament_prefix_path.sh
[1.078s] -- Up-to-date: /home/juan/Documents/fundamentos_robotica/destroyer_ws/install/turtlebot3_custom_simulation/share/turtlebot3_custom_simulation/environment/ament_prefix_path.dsv
[1.078s] -- Up-to-date: /home/juan/Documents/fundamentos_robotica/destroyer_ws/install/turtlebot3_custom_simulation/share/turtlebot3_custom_simulation/environment/path.sh
[1.078s] -- Up-to-date: /home/juan/Documents/fundamentos_robotica/destroyer_ws/install/turtlebot3_custom_simulation/share/turtlebot3_custom_simulation/environment/path.dsv
[1.079s] -- Up-to-date: /home/juan/Documents/fundamentos_robotica/destroyer_ws/install/turtlebot3_custom_simulation/share/turtlebot3_custom_simulation/local_setup.bash
[1.079s] -- Up-to-date: /home/juan/Documents/fundamentos_robotica/destroyer_ws/install/turtlebot3_custom_simulation/share/turtlebot3_custom_simulation/local_setup.sh
[1.080s] -- Up-to-date: /home/juan/Documents/fundamentos_robotica/destroyer_ws/install/turtlebot3_custom_simulation/share/turtlebot3_custom_simulation/local_setup.zsh
[1.080s] -- Up-to-date: /home/juan/Documents/fundamentos_robotica/destroyer_ws/install/turtlebot3_custom_simulation/share/turtlebot3_custom_simulation/local_setup.dsv
[1.080s] -- Installing: /home/juan/Documents/fundamentos_robotica/destroyer_ws/install/turtlebot3_custom_simulation/share/turtlebot3_custom_simulation/package.dsv
[1.080s] -- Up-to-date: /home/juan/Documents/fundamentos_robotica/destroyer_ws/install/turtlebot3_custom_simulation/share/ament_index/resource_index/packages/turtlebot3_custom_simulation
[1.082s] -- Up-to-date: /home/juan/Documents/fundamentos_robotica/destroyer_ws/install/turtlebot3_custom_simulation/share/turtlebot3_custom_simulation/cmake/ament_cmake_export_include_directories-extras.cmake
[1.082s] -- Up-to-date: /home/juan/Documents/fundamentos_robotica/destroyer_ws/install/turtlebot3_custom_simulation/share/turtlebot3_custom_simulation/cmake/ament_cmake_export_dependencies-extras.cmake
[1.082s] -- Up-to-date: /home/juan/Documents/fundamentos_robotica/destroyer_ws/install/turtlebot3_custom_simulation/share/turtlebot3_custom_simulation/cmake/turtlebot3_custom_simulationConfig.cmake
[1.082s] -- Up-to-date: /home/juan/Documents/fundamentos_robotica/destroyer_ws/install/turtlebot3_custom_simulation/share/turtlebot3_custom_simulation/cmake/turtlebot3_custom_simulationConfig-version.cmake
[1.082s] -- Up-to-date: /home/juan/Documents/fundamentos_robotica/destroyer_ws/install/turtlebot3_custom_simulation/share/turtlebot3_custom_simulation/package.xml
[1.083s] Invoked command in '/home/juan/Documents/fundamentos_robotica/destroyer_ws/build/turtlebot3_custom_simulation' returned '0': CMAKE_PREFIX_PATH=${CMAKE_PREFIX_PATH}:/home/juan/Documents/fundamentos_robotica/ws/install/ubicate_nene:/home/juan/Documents/fundamentos_robotica/ws/install/paquete1:/home/juan/Documents/fundamentos_robotica/ws/install/no_te_choques:/home/juan/Documents/fundamentos_robotica/ws/install/custom_code:/opt/ros/humble /usr/bin/cmake --install /home/juan/Documents/fundamentos_robotica/destroyer_ws/build/turtlebot3_custom_simulation
