[0.361s] Invoking command in '/home/admlinar/Documents/destroyer_ws/src/tools': AMENT_PREFIX_PATH=/home/admlinar/Documents/destroyer_ws/install/custom_msgs:${AMENT_PREFIX_PATH} CMAKE_PREFIX_PATH=/home/admlinar/Documents/destroyer_ws/install/custom_msgs:${CMAKE_PREFIX_PATH} LD_LIBRARY_PATH=/home/admlinar/Documents/destroyer_ws/install/custom_msgs/lib:/home/admlinar/turtlebot3_ws/install/turtlebot3_msgs/lib:/home/admlinar/turtlebot3_ws/install/dynamixel_sdk_custom_interfaces/lib:/home/admlinar/turtlebot3_ws/install/dynamixel_sdk/lib:/usr/lib/x86_64-linux-gnu/gazebo-11/plugins:/opt/ros/humble/opt/rviz_ogre_vendor/lib:/opt/ros/humble/lib/x86_64-linux-gnu:/opt/ros/humble/lib:/usr/lib/x86_64-linux-gnu/gazebo-11/plugins PYTHONPATH=/home/admlinar/Documents/destroyer_ws/build/tools/prefix_override:/usr/lib/python3/dist-packages/colcon_core/task/python/colcon_distutils_commands:/home/admlinar/Documents/destroyer_ws/install/tools/lib/python3.10/site-packages:/home/admlinar/Documents/destroyer_ws/install/custom_msgs/local/lib/python3.10/dist-packages:${PYTHONPATH} /usr/bin/python3 -W ignore:setup.py install is deprecated -W ignore:easy_install command is deprecated setup.py egg_info --egg-base ../../build/tools build --build-base /home/admlinar/Documents/destroyer_ws/build/tools/build install --record /home/admlinar/Documents/destroyer_ws/build/tools/install.log --single-version-externally-managed install_data
[0.493s] running egg_info
[0.493s] creating ../../build/tools/tools.egg-info
[0.493s] writing ../../build/tools/tools.egg-info/PKG-INFO
[0.493s] writing dependency_links to ../../build/tools/tools.egg-info/dependency_links.txt
[0.493s] writing entry points to ../../build/tools/tools.egg-info/entry_points.txt
[0.494s] writing requirements to ../../build/tools/tools.egg-info/requires.txt
[0.494s] writing top-level names to ../../build/tools/tools.egg-info/top_level.txt
[0.494s] writing manifest file '../../build/tools/tools.egg-info/SOURCES.txt'
[0.495s] reading manifest file '../../build/tools/tools.egg-info/SOURCES.txt'
[0.495s] adding license file 'LICENSE'
[0.495s] writing manifest file '../../build/tools/tools.egg-info/SOURCES.txt'
[0.495s] running build
[0.495s] running build_py
[0.495s] creating /home/admlinar/Documents/destroyer_ws/build/tools/build
[0.495s] creating /home/admlinar/Documents/destroyer_ws/build/tools/build/lib
[0.495s] creating /home/admlinar/Documents/destroyer_ws/build/tools/build/lib/tools
[0.495s] copying tools/map_saver.py -> /home/admlinar/Documents/destroyer_ws/build/tools/build/lib/tools
[0.495s] copying tools/delta_odom.py -> /home/admlinar/Documents/destroyer_ws/build/tools/build/lib/tools
[0.495s] copying tools/__init__.py -> /home/admlinar/Documents/destroyer_ws/build/tools/build/lib/tools
[0.495s] running install
[0.495s] running install_lib
[0.496s] creating /home/admlinar/Documents/destroyer_ws/install/tools/lib/python3.10/site-packages/tools
[0.496s] copying /home/admlinar/Documents/destroyer_ws/build/tools/build/lib/tools/map_saver.py -> /home/admlinar/Documents/destroyer_ws/install/tools/lib/python3.10/site-packages/tools
[0.496s] copying /home/admlinar/Documents/destroyer_ws/build/tools/build/lib/tools/delta_odom.py -> /home/admlinar/Documents/destroyer_ws/install/tools/lib/python3.10/site-packages/tools
[0.496s] copying /home/admlinar/Documents/destroyer_ws/build/tools/build/lib/tools/__init__.py -> /home/admlinar/Documents/destroyer_ws/install/tools/lib/python3.10/site-packages/tools
[0.496s] byte-compiling /home/admlinar/Documents/destroyer_ws/install/tools/lib/python3.10/site-packages/tools/map_saver.py to map_saver.cpython-310.pyc
[0.497s] byte-compiling /home/admlinar/Documents/destroyer_ws/install/tools/lib/python3.10/site-packages/tools/delta_odom.py to delta_odom.cpython-310.pyc
[0.497s] byte-compiling /home/admlinar/Documents/destroyer_ws/install/tools/lib/python3.10/site-packages/tools/__init__.py to __init__.cpython-310.pyc
[0.497s] running install_data
[0.497s] creating /home/admlinar/Documents/destroyer_ws/install/tools/share/ament_index
[0.497s] creating /home/admlinar/Documents/destroyer_ws/install/tools/share/ament_index/resource_index
[0.497s] creating /home/admlinar/Documents/destroyer_ws/install/tools/share/ament_index/resource_index/packages
[0.497s] copying resource/tools -> /home/admlinar/Documents/destroyer_ws/install/tools/share/ament_index/resource_index/packages
[0.497s] copying package.xml -> /home/admlinar/Documents/destroyer_ws/install/tools/share/tools
[0.497s] creating /home/admlinar/Documents/destroyer_ws/install/tools/share/tools/launch
[0.498s] copying launch/odom.launch.py -> /home/admlinar/Documents/destroyer_ws/install/tools/share/tools/launch
[0.498s] running install_egg_info
[0.499s] Copying ../../build/tools/tools.egg-info to /home/admlinar/Documents/destroyer_ws/install/tools/lib/python3.10/site-packages/tools-0.0.0-py3.10.egg-info
[0.499s] running install_scripts
[0.511s] Installing delta_odom script to /home/admlinar/Documents/destroyer_ws/install/tools/lib/tools
[0.511s] Installing map_saver script to /home/admlinar/Documents/destroyer_ws/install/tools/lib/tools
[0.512s] writing list of installed files to '/home/admlinar/Documents/destroyer_ws/build/tools/install.log'
[0.526s] Invoked command in '/home/admlinar/Documents/destroyer_ws/src/tools' returned '0': AMENT_PREFIX_PATH=/home/admlinar/Documents/destroyer_ws/install/custom_msgs:${AMENT_PREFIX_PATH} CMAKE_PREFIX_PATH=/home/admlinar/Documents/destroyer_ws/install/custom_msgs:${CMAKE_PREFIX_PATH} LD_LIBRARY_PATH=/home/admlinar/Documents/destroyer_ws/install/custom_msgs/lib:/home/admlinar/turtlebot3_ws/install/turtlebot3_msgs/lib:/home/admlinar/turtlebot3_ws/install/dynamixel_sdk_custom_interfaces/lib:/home/admlinar/turtlebot3_ws/install/dynamixel_sdk/lib:/usr/lib/x86_64-linux-gnu/gazebo-11/plugins:/opt/ros/humble/opt/rviz_ogre_vendor/lib:/opt/ros/humble/lib/x86_64-linux-gnu:/opt/ros/humble/lib:/usr/lib/x86_64-linux-gnu/gazebo-11/plugins PYTHONPATH=/home/admlinar/Documents/destroyer_ws/build/tools/prefix_override:/usr/lib/python3/dist-packages/colcon_core/task/python/colcon_distutils_commands:/home/admlinar/Documents/destroyer_ws/install/tools/lib/python3.10/site-packages:/home/admlinar/Documents/destroyer_ws/install/custom_msgs/local/lib/python3.10/dist-packages:${PYTHONPATH} /usr/bin/python3 -W ignore:setup.py install is deprecated -W ignore:easy_install command is deprecated setup.py egg_info --egg-base ../../build/tools build --build-base /home/admlinar/Documents/destroyer_ws/build/tools/build install --record /home/admlinar/Documents/destroyer_ws/build/tools/install.log --single-version-externally-managed install_data
