[0.013s] Invoking command in '/home/admlinar/Documents/destroyer_ws/build/custom_msgs': CMAKE_PREFIX_PATH=${CMAKE_PREFIX_PATH}:/home/admlinar/turtlebot3_ws/install/turtlebot3_teleop:/home/admlinar/turtlebot3_ws/install/turtlebot3_example:/opt/ros/humble /usr/bin/cmake --build /home/admlinar/Documents/destroyer_ws/build/custom_msgs -- -j16 -l16
[0.163s] [35m[1mConsolidate compiler generated dependencies of target custom_msgs__rosidl_generator_c[0m
[0.163s] [  2%] Built target custom_msgs__cpp
[0.163s] [ 12%] Built target custom_msgs__rosidl_generator_c
[0.163s] [ 12%] Built target ament_cmake_python_copy_custom_msgs
[0.163s] [35m[1mConsolidate compiler generated dependencies of target custom_msgs__rosidl_typesupport_c[0m
[0.163s] [35m[1mConsolidate compiler generated dependencies of target custom_msgs__rosidl_typesupport_introspection_c[0m
[0.163s] [35m[1mConsolidate compiler generated dependencies of target custom_msgs__rosidl_typesupport_introspection_cpp[0m
[0.163s] [35m[1mConsolidate compiler generated dependencies of target custom_msgs__rosidl_typesupport_cpp[0m
[0.163s] [35m[1mConsolidate compiler generated dependencies of target custom_msgs__rosidl_typesupport_fastrtps_cpp[0m
[0.164s] [35m[1mConsolidate compiler generated dependencies of target custom_msgs__rosidl_typesupport_fastrtps_c[0m
[0.164s] [ 23%] Built target custom_msgs__rosidl_typesupport_c
[0.164s] [ 33%] Built target custom_msgs__rosidl_typesupport_introspection_c
[0.164s] [ 43%] Built target custom_msgs__rosidl_typesupport_introspection_cpp
[0.164s] [ 53%] Built target custom_msgs__rosidl_typesupport_cpp
[0.164s] [ 64%] Built target custom_msgs__rosidl_typesupport_fastrtps_c
[0.164s] [ 74%] Built target custom_msgs__rosidl_typesupport_fastrtps_cpp
[0.164s] [ 74%] Built target custom_msgs
[0.164s] [ 76%] Built target custom_msgs__py
[0.164s] [35m[1mConsolidate compiler generated dependencies of target custom_msgs__rosidl_generator_py[0m
[0.164s] [ 84%] Built target custom_msgs__rosidl_generator_py
[0.164s] [35m[1mConsolidate compiler generated dependencies of target custom_msgs__rosidl_typesupport_fastrtps_c__pyext[0m
[0.164s] [35m[1mConsolidate compiler generated dependencies of target custom_msgs__rosidl_typesupport_introspection_c__pyext[0m
[0.164s] [35m[1mConsolidate compiler generated dependencies of target custom_msgs__rosidl_typesupport_c__pyext[0m
[0.164s] [ 89%] Built target custom_msgs__rosidl_typesupport_introspection_c__pyext
[0.164s] [ 94%] Built target custom_msgs__rosidl_typesupport_fastrtps_c__pyext
[0.164s] [100%] Built target custom_msgs__rosidl_typesupport_c__pyext
[0.196s] running egg_info
[0.196s] writing custom_msgs.egg-info/PKG-INFO
[0.196s] writing dependency_links to custom_msgs.egg-info/dependency_links.txt
[0.196s] writing top-level names to custom_msgs.egg-info/top_level.txt
[0.197s] reading manifest file 'custom_msgs.egg-info/SOURCES.txt'
[0.198s] writing manifest file 'custom_msgs.egg-info/SOURCES.txt'
[0.214s] [100%] Built target ament_cmake_python_build_custom_msgs_egg
[0.223s] Invoked command in '/home/admlinar/Documents/destroyer_ws/build/custom_msgs' returned '0': CMAKE_PREFIX_PATH=${CMAKE_PREFIX_PATH}:/home/admlinar/turtlebot3_ws/install/turtlebot3_teleop:/home/admlinar/turtlebot3_ws/install/turtlebot3_example:/opt/ros/humble /usr/bin/cmake --build /home/admlinar/Documents/destroyer_ws/build/custom_msgs -- -j16 -l16
[0.224s] Invoking command in '/home/admlinar/Documents/destroyer_ws/build/custom_msgs': CMAKE_PREFIX_PATH=${CMAKE_PREFIX_PATH}:/home/admlinar/turtlebot3_ws/install/turtlebot3_teleop:/home/admlinar/turtlebot3_ws/install/turtlebot3_example:/opt/ros/humble /usr/bin/cmake --install /home/admlinar/Documents/destroyer_ws/build/custom_msgs
[0.230s] -- Install configuration: ""
[0.230s] -- Up-to-date: /home/admlinar/Documents/destroyer_ws/install/custom_msgs/share/ament_index/resource_index/rosidl_interfaces/custom_msgs
[0.230s] -- Up-to-date: /home/admlinar/Documents/destroyer_ws/install/custom_msgs/include/custom_msgs/custom_msgs
[0.230s] -- Up-to-date: /home/admlinar/Documents/destroyer_ws/install/custom_msgs/include/custom_msgs/custom_msgs/msg
[0.230s] -- Up-to-date: /home/admlinar/Documents/destroyer_ws/install/custom_msgs/include/custom_msgs/custom_msgs/msg/delta_odom.h
[0.230s] -- Up-to-date: /home/admlinar/Documents/destroyer_ws/install/custom_msgs/include/custom_msgs/custom_msgs/msg/rosidl_generator_c__visibility_control.h
[0.230s] -- Up-to-date: /home/admlinar/Documents/destroyer_ws/install/custom_msgs/include/custom_msgs/custom_msgs/msg/detail
[0.230s] -- Up-to-date: /home/admlinar/Documents/destroyer_ws/install/custom_msgs/include/custom_msgs/custom_msgs/msg/detail/delta_odom__type_support.h
[0.230s] -- Up-to-date: /home/admlinar/Documents/destroyer_ws/install/custom_msgs/include/custom_msgs/custom_msgs/msg/detail/belief__functions.c
[0.230s] -- Up-to-date: /home/admlinar/Documents/destroyer_ws/install/custom_msgs/include/custom_msgs/custom_msgs/msg/detail/belief__type_support.h
[0.230s] -- Up-to-date: /home/admlinar/Documents/destroyer_ws/install/custom_msgs/include/custom_msgs/custom_msgs/msg/detail/belief__functions.h
[0.230s] -- Up-to-date: /home/admlinar/Documents/destroyer_ws/install/custom_msgs/include/custom_msgs/custom_msgs/msg/detail/delta_odom__functions.h
[0.230s] -- Up-to-date: /home/admlinar/Documents/destroyer_ws/install/custom_msgs/include/custom_msgs/custom_msgs/msg/detail/delta_odom__functions.c
[0.230s] -- Up-to-date: /home/admlinar/Documents/destroyer_ws/install/custom_msgs/include/custom_msgs/custom_msgs/msg/detail/belief__struct.h
[0.230s] -- Up-to-date: /home/admlinar/Documents/destroyer_ws/install/custom_msgs/include/custom_msgs/custom_msgs/msg/detail/delta_odom__struct.h
[0.230s] -- Up-to-date: /home/admlinar/Documents/destroyer_ws/install/custom_msgs/include/custom_msgs/custom_msgs/msg/belief.h
[0.231s] -- Up-to-date: /home/admlinar/Documents/destroyer_ws/install/custom_msgs/share/custom_msgs/environment/library_path.sh
[0.231s] -- Up-to-date: /home/admlinar/Documents/destroyer_ws/install/custom_msgs/share/custom_msgs/environment/library_path.dsv
[0.231s] -- Up-to-date: /home/admlinar/Documents/destroyer_ws/install/custom_msgs/lib/libcustom_msgs__rosidl_generator_c.so
[0.231s] -- Up-to-date: /home/admlinar/Documents/destroyer_ws/install/custom_msgs/include/custom_msgs/custom_msgs
[0.231s] -- Up-to-date: /home/admlinar/Documents/destroyer_ws/install/custom_msgs/include/custom_msgs/custom_msgs/msg
[0.231s] -- Up-to-date: /home/admlinar/Documents/destroyer_ws/install/custom_msgs/include/custom_msgs/custom_msgs/msg/rosidl_typesupport_fastrtps_c__visibility_control.h
[0.231s] -- Up-to-date: /home/admlinar/Documents/destroyer_ws/install/custom_msgs/include/custom_msgs/custom_msgs/msg/detail
[0.231s] -- Up-to-date: /home/admlinar/Documents/destroyer_ws/install/custom_msgs/include/custom_msgs/custom_msgs/msg/detail/belief__rosidl_typesupport_fastrtps_c.h
[0.231s] -- Up-to-date: /home/admlinar/Documents/destroyer_ws/install/custom_msgs/include/custom_msgs/custom_msgs/msg/detail/delta_odom__rosidl_typesupport_fastrtps_c.h
[0.231s] -- Up-to-date: /home/admlinar/Documents/destroyer_ws/install/custom_msgs/lib/libcustom_msgs__rosidl_typesupport_fastrtps_c.so
[0.231s] -- Up-to-date: /home/admlinar/Documents/destroyer_ws/install/custom_msgs/include/custom_msgs/custom_msgs
[0.231s] -- Up-to-date: /home/admlinar/Documents/destroyer_ws/install/custom_msgs/include/custom_msgs/custom_msgs/msg
[0.231s] -- Up-to-date: /home/admlinar/Documents/destroyer_ws/install/custom_msgs/include/custom_msgs/custom_msgs/msg/rosidl_generator_cpp__visibility_control.hpp
[0.231s] -- Up-to-date: /home/admlinar/Documents/destroyer_ws/install/custom_msgs/include/custom_msgs/custom_msgs/msg/delta_odom.hpp
[0.231s] -- Up-to-date: /home/admlinar/Documents/destroyer_ws/install/custom_msgs/include/custom_msgs/custom_msgs/msg/belief.hpp
[0.231s] -- Up-to-date: /home/admlinar/Documents/destroyer_ws/install/custom_msgs/include/custom_msgs/custom_msgs/msg/detail
[0.231s] -- Up-to-date: /home/admlinar/Documents/destroyer_ws/install/custom_msgs/include/custom_msgs/custom_msgs/msg/detail/belief__builder.hpp
[0.231s] -- Up-to-date: /home/admlinar/Documents/destroyer_ws/install/custom_msgs/include/custom_msgs/custom_msgs/msg/detail/delta_odom__type_support.hpp
[0.231s] -- Up-to-date: /home/admlinar/Documents/destroyer_ws/install/custom_msgs/include/custom_msgs/custom_msgs/msg/detail/belief__traits.hpp
[0.231s] -- Up-to-date: /home/admlinar/Documents/destroyer_ws/install/custom_msgs/include/custom_msgs/custom_msgs/msg/detail/delta_odom__struct.hpp
[0.231s] -- Up-to-date: /home/admlinar/Documents/destroyer_ws/install/custom_msgs/include/custom_msgs/custom_msgs/msg/detail/delta_odom__traits.hpp
[0.231s] -- Up-to-date: /home/admlinar/Documents/destroyer_ws/install/custom_msgs/include/custom_msgs/custom_msgs/msg/detail/belief__type_support.hpp
[0.231s] -- Up-to-date: /home/admlinar/Documents/destroyer_ws/install/custom_msgs/include/custom_msgs/custom_msgs/msg/detail/belief__struct.hpp
[0.231s] -- Up-to-date: /home/admlinar/Documents/destroyer_ws/install/custom_msgs/include/custom_msgs/custom_msgs/msg/detail/delta_odom__builder.hpp
[0.231s] -- Up-to-date: /home/admlinar/Documents/destroyer_ws/install/custom_msgs/include/custom_msgs/custom_msgs
[0.231s] -- Up-to-date: /home/admlinar/Documents/destroyer_ws/install/custom_msgs/include/custom_msgs/custom_msgs/msg
[0.231s] -- Up-to-date: /home/admlinar/Documents/destroyer_ws/install/custom_msgs/include/custom_msgs/custom_msgs/msg/rosidl_typesupport_fastrtps_cpp__visibility_control.h
[0.231s] -- Up-to-date: /home/admlinar/Documents/destroyer_ws/install/custom_msgs/include/custom_msgs/custom_msgs/msg/detail
[0.231s] -- Up-to-date: /home/admlinar/Documents/destroyer_ws/install/custom_msgs/include/custom_msgs/custom_msgs/msg/detail/delta_odom__rosidl_typesupport_fastrtps_cpp.hpp
[0.231s] -- Up-to-date: /home/admlinar/Documents/destroyer_ws/install/custom_msgs/include/custom_msgs/custom_msgs/msg/detail/belief__rosidl_typesupport_fastrtps_cpp.hpp
[0.231s] -- Up-to-date: /home/admlinar/Documents/destroyer_ws/install/custom_msgs/include/custom_msgs/custom_msgs/msg/detail/dds_fastrtps
[0.231s] -- Up-to-date: /home/admlinar/Documents/destroyer_ws/install/custom_msgs/lib/libcustom_msgs__rosidl_typesupport_fastrtps_cpp.so
[0.232s] -- Up-to-date: /home/admlinar/Documents/destroyer_ws/install/custom_msgs/include/custom_msgs/custom_msgs
[0.232s] -- Up-to-date: /home/admlinar/Documents/destroyer_ws/install/custom_msgs/include/custom_msgs/custom_msgs/msg
[0.232s] -- Up-to-date: /home/admlinar/Documents/destroyer_ws/install/custom_msgs/include/custom_msgs/custom_msgs/msg/detail
[0.232s] -- Up-to-date: /home/admlinar/Documents/destroyer_ws/install/custom_msgs/include/custom_msgs/custom_msgs/msg/detail/delta_odom__type_support.c
[0.232s] -- Up-to-date: /home/admlinar/Documents/destroyer_ws/install/custom_msgs/include/custom_msgs/custom_msgs/msg/detail/belief__type_support.c
[0.232s] -- Up-to-date: /home/admlinar/Documents/destroyer_ws/install/custom_msgs/include/custom_msgs/custom_msgs/msg/detail/delta_odom__rosidl_typesupport_introspection_c.h
[0.232s] -- Up-to-date: /home/admlinar/Documents/destroyer_ws/install/custom_msgs/include/custom_msgs/custom_msgs/msg/detail/belief__rosidl_typesupport_introspection_c.h
[0.232s] -- Up-to-date: /home/admlinar/Documents/destroyer_ws/install/custom_msgs/include/custom_msgs/custom_msgs/msg/rosidl_typesupport_introspection_c__visibility_control.h
[0.232s] -- Up-to-date: /home/admlinar/Documents/destroyer_ws/install/custom_msgs/lib/libcustom_msgs__rosidl_typesupport_introspection_c.so
[0.232s] -- Up-to-date: /home/admlinar/Documents/destroyer_ws/install/custom_msgs/lib/libcustom_msgs__rosidl_typesupport_c.so
[0.232s] -- Up-to-date: /home/admlinar/Documents/destroyer_ws/install/custom_msgs/include/custom_msgs/custom_msgs
[0.232s] -- Up-to-date: /home/admlinar/Documents/destroyer_ws/install/custom_msgs/include/custom_msgs/custom_msgs/msg
[0.232s] -- Up-to-date: /home/admlinar/Documents/destroyer_ws/install/custom_msgs/include/custom_msgs/custom_msgs/msg/detail
[0.232s] -- Up-to-date: /home/admlinar/Documents/destroyer_ws/install/custom_msgs/include/custom_msgs/custom_msgs/msg/detail/belief__rosidl_typesupport_introspection_cpp.hpp
[0.232s] -- Up-to-date: /home/admlinar/Documents/destroyer_ws/install/custom_msgs/include/custom_msgs/custom_msgs/msg/detail/delta_odom__type_support.cpp
[0.232s] -- Up-to-date: /home/admlinar/Documents/destroyer_ws/install/custom_msgs/include/custom_msgs/custom_msgs/msg/detail/belief__type_support.cpp
[0.232s] -- Up-to-date: /home/admlinar/Documents/destroyer_ws/install/custom_msgs/include/custom_msgs/custom_msgs/msg/detail/delta_odom__rosidl_typesupport_introspection_cpp.hpp
[0.232s] -- Up-to-date: /home/admlinar/Documents/destroyer_ws/install/custom_msgs/lib/libcustom_msgs__rosidl_typesupport_introspection_cpp.so
[0.232s] -- Up-to-date: /home/admlinar/Documents/destroyer_ws/install/custom_msgs/lib/libcustom_msgs__rosidl_typesupport_cpp.so
[0.232s] -- Up-to-date: /home/admlinar/Documents/destroyer_ws/install/custom_msgs/share/custom_msgs/environment/pythonpath.sh
[0.232s] -- Up-to-date: /home/admlinar/Documents/destroyer_ws/install/custom_msgs/share/custom_msgs/environment/pythonpath.dsv
[0.232s] -- Up-to-date: /home/admlinar/Documents/destroyer_ws/install/custom_msgs/local/lib/python3.10/dist-packages/custom_msgs-0.0.0-py3.10.egg-info
[0.232s] -- Installing: /home/admlinar/Documents/destroyer_ws/install/custom_msgs/local/lib/python3.10/dist-packages/custom_msgs-0.0.0-py3.10.egg-info/SOURCES.txt
[0.232s] -- Installing: /home/admlinar/Documents/destroyer_ws/install/custom_msgs/local/lib/python3.10/dist-packages/custom_msgs-0.0.0-py3.10.egg-info/PKG-INFO
[0.232s] -- Installing: /home/admlinar/Documents/destroyer_ws/install/custom_msgs/local/lib/python3.10/dist-packages/custom_msgs-0.0.0-py3.10.egg-info/top_level.txt
[0.232s] -- Installing: /home/admlinar/Documents/destroyer_ws/install/custom_msgs/local/lib/python3.10/dist-packages/custom_msgs-0.0.0-py3.10.egg-info/dependency_links.txt
[0.232s] -- Up-to-date: /home/admlinar/Documents/destroyer_ws/install/custom_msgs/local/lib/python3.10/dist-packages/custom_msgs
[0.232s] -- Up-to-date: /home/admlinar/Documents/destroyer_ws/install/custom_msgs/local/lib/python3.10/dist-packages/custom_msgs/custom_msgs_s__rosidl_typesupport_c.cpython-310-x86_64-linux-gnu.so
[0.233s] -- Up-to-date: /home/admlinar/Documents/destroyer_ws/install/custom_msgs/local/lib/python3.10/dist-packages/custom_msgs/libcustom_msgs__rosidl_generator_py.so
[0.233s] -- Up-to-date: /home/admlinar/Documents/destroyer_ws/install/custom_msgs/local/lib/python3.10/dist-packages/custom_msgs/_custom_msgs_s.ep.rosidl_typesupport_c.c
[0.233s] -- Up-to-date: /home/admlinar/Documents/destroyer_ws/install/custom_msgs/local/lib/python3.10/dist-packages/custom_msgs/_custom_msgs_s.ep.rosidl_typesupport_introspection_c.c
[0.233s] -- Up-to-date: /home/admlinar/Documents/destroyer_ws/install/custom_msgs/local/lib/python3.10/dist-packages/custom_msgs/custom_msgs_s__rosidl_typesupport_introspection_c.cpython-310-x86_64-linux-gnu.so
[0.233s] -- Up-to-date: /home/admlinar/Documents/destroyer_ws/install/custom_msgs/local/lib/python3.10/dist-packages/custom_msgs/msg
[0.233s] -- Up-to-date: /home/admlinar/Documents/destroyer_ws/install/custom_msgs/local/lib/python3.10/dist-packages/custom_msgs/msg/_delta_odom_s.c
[0.233s] -- Up-to-date: /home/admlinar/Documents/destroyer_ws/install/custom_msgs/local/lib/python3.10/dist-packages/custom_msgs/msg/_belief.py
[0.233s] -- Up-to-date: /home/admlinar/Documents/destroyer_ws/install/custom_msgs/local/lib/python3.10/dist-packages/custom_msgs/msg/_delta_odom.py
[0.233s] -- Up-to-date: /home/admlinar/Documents/destroyer_ws/install/custom_msgs/local/lib/python3.10/dist-packages/custom_msgs/msg/__init__.py
[0.233s] -- Up-to-date: /home/admlinar/Documents/destroyer_ws/install/custom_msgs/local/lib/python3.10/dist-packages/custom_msgs/msg/_belief_s.c
[0.233s] -- Up-to-date: /home/admlinar/Documents/destroyer_ws/install/custom_msgs/local/lib/python3.10/dist-packages/custom_msgs/_custom_msgs_s.ep.rosidl_typesupport_fastrtps_c.c
[0.233s] -- Up-to-date: /home/admlinar/Documents/destroyer_ws/install/custom_msgs/local/lib/python3.10/dist-packages/custom_msgs/__init__.py
[0.233s] -- Up-to-date: /home/admlinar/Documents/destroyer_ws/install/custom_msgs/local/lib/python3.10/dist-packages/custom_msgs/custom_msgs_s__rosidl_typesupport_fastrtps_c.cpython-310-x86_64-linux-gnu.so
[0.252s] Listing '/home/admlinar/Documents/destroyer_ws/install/custom_msgs/local/lib/python3.10/dist-packages/custom_msgs'...
[0.252s] Listing '/home/admlinar/Documents/destroyer_ws/install/custom_msgs/local/lib/python3.10/dist-packages/custom_msgs/msg'...
[0.255s] -- Up-to-date: /home/admlinar/Documents/destroyer_ws/install/custom_msgs/local/lib/python3.10/dist-packages/custom_msgs/custom_msgs_s__rosidl_typesupport_fastrtps_c.cpython-310-x86_64-linux-gnu.so
[0.255s] -- Up-to-date: /home/admlinar/Documents/destroyer_ws/install/custom_msgs/local/lib/python3.10/dist-packages/custom_msgs/custom_msgs_s__rosidl_typesupport_introspection_c.cpython-310-x86_64-linux-gnu.so
[0.255s] -- Up-to-date: /home/admlinar/Documents/destroyer_ws/install/custom_msgs/local/lib/python3.10/dist-packages/custom_msgs/custom_msgs_s__rosidl_typesupport_c.cpython-310-x86_64-linux-gnu.so
[0.256s] -- Up-to-date: /home/admlinar/Documents/destroyer_ws/install/custom_msgs/lib/libcustom_msgs__rosidl_generator_py.so
[0.256s] -- Up-to-date: /home/admlinar/Documents/destroyer_ws/install/custom_msgs/share/custom_msgs/msg/DeltaOdom.idl
[0.256s] -- Up-to-date: /home/admlinar/Documents/destroyer_ws/install/custom_msgs/share/custom_msgs/msg/Belief.idl
[0.256s] -- Up-to-date: /home/admlinar/Documents/destroyer_ws/install/custom_msgs/share/custom_msgs/msg/DeltaOdom.msg
[0.256s] -- Up-to-date: /home/admlinar/Documents/destroyer_ws/install/custom_msgs/share/custom_msgs/msg/Belief.msg
[0.256s] -- Up-to-date: /home/admlinar/Documents/destroyer_ws/install/custom_msgs/share/ament_index/resource_index/package_run_dependencies/custom_msgs
[0.256s] -- Up-to-date: /home/admlinar/Documents/destroyer_ws/install/custom_msgs/share/ament_index/resource_index/parent_prefix_path/custom_msgs
[0.256s] -- Up-to-date: /home/admlinar/Documents/destroyer_ws/install/custom_msgs/share/custom_msgs/environment/ament_prefix_path.sh
[0.256s] -- Up-to-date: /home/admlinar/Documents/destroyer_ws/install/custom_msgs/share/custom_msgs/environment/ament_prefix_path.dsv
[0.256s] -- Up-to-date: /home/admlinar/Documents/destroyer_ws/install/custom_msgs/share/custom_msgs/environment/path.sh
[0.256s] -- Up-to-date: /home/admlinar/Documents/destroyer_ws/install/custom_msgs/share/custom_msgs/environment/path.dsv
[0.256s] -- Up-to-date: /home/admlinar/Documents/destroyer_ws/install/custom_msgs/share/custom_msgs/local_setup.bash
[0.257s] -- Up-to-date: /home/admlinar/Documents/destroyer_ws/install/custom_msgs/share/custom_msgs/local_setup.sh
[0.257s] -- Up-to-date: /home/admlinar/Documents/destroyer_ws/install/custom_msgs/share/custom_msgs/local_setup.zsh
[0.257s] -- Up-to-date: /home/admlinar/Documents/destroyer_ws/install/custom_msgs/share/custom_msgs/local_setup.dsv
[0.257s] -- Installing: /home/admlinar/Documents/destroyer_ws/install/custom_msgs/share/custom_msgs/package.dsv
[0.257s] -- Up-to-date: /home/admlinar/Documents/destroyer_ws/install/custom_msgs/share/ament_index/resource_index/packages/custom_msgs
[0.257s] -- Up-to-date: /home/admlinar/Documents/destroyer_ws/install/custom_msgs/share/custom_msgs/cmake/export_custom_msgs__rosidl_generator_cExport.cmake
[0.257s] -- Up-to-date: /home/admlinar/Documents/destroyer_ws/install/custom_msgs/share/custom_msgs/cmake/export_custom_msgs__rosidl_generator_cExport-noconfig.cmake
[0.257s] -- Up-to-date: /home/admlinar/Documents/destroyer_ws/install/custom_msgs/share/custom_msgs/cmake/export_custom_msgs__rosidl_typesupport_fastrtps_cExport.cmake
[0.257s] -- Up-to-date: /home/admlinar/Documents/destroyer_ws/install/custom_msgs/share/custom_msgs/cmake/export_custom_msgs__rosidl_typesupport_fastrtps_cExport-noconfig.cmake
[0.257s] -- Up-to-date: /home/admlinar/Documents/destroyer_ws/install/custom_msgs/share/custom_msgs/cmake/export_custom_msgs__rosidl_generator_cppExport.cmake
[0.257s] -- Up-to-date: /home/admlinar/Documents/destroyer_ws/install/custom_msgs/share/custom_msgs/cmake/export_custom_msgs__rosidl_typesupport_fastrtps_cppExport.cmake
[0.257s] -- Up-to-date: /home/admlinar/Documents/destroyer_ws/install/custom_msgs/share/custom_msgs/cmake/export_custom_msgs__rosidl_typesupport_fastrtps_cppExport-noconfig.cmake
[0.257s] -- Up-to-date: /home/admlinar/Documents/destroyer_ws/install/custom_msgs/share/custom_msgs/cmake/custom_msgs__rosidl_typesupport_introspection_cExport.cmake
[0.257s] -- Up-to-date: /home/admlinar/Documents/destroyer_ws/install/custom_msgs/share/custom_msgs/cmake/custom_msgs__rosidl_typesupport_introspection_cExport-noconfig.cmake
[0.257s] -- Up-to-date: /home/admlinar/Documents/destroyer_ws/install/custom_msgs/share/custom_msgs/cmake/custom_msgs__rosidl_typesupport_cExport.cmake
[0.257s] -- Up-to-date: /home/admlinar/Documents/destroyer_ws/install/custom_msgs/share/custom_msgs/cmake/custom_msgs__rosidl_typesupport_cExport-noconfig.cmake
[0.257s] -- Up-to-date: /home/admlinar/Documents/destroyer_ws/install/custom_msgs/share/custom_msgs/cmake/custom_msgs__rosidl_typesupport_introspection_cppExport.cmake
[0.258s] -- Up-to-date: /home/admlinar/Documents/destroyer_ws/install/custom_msgs/share/custom_msgs/cmake/custom_msgs__rosidl_typesupport_introspection_cppExport-noconfig.cmake
[0.258s] -- Up-to-date: /home/admlinar/Documents/destroyer_ws/install/custom_msgs/share/custom_msgs/cmake/custom_msgs__rosidl_typesupport_cppExport.cmake
[0.258s] -- Up-to-date: /home/admlinar/Documents/destroyer_ws/install/custom_msgs/share/custom_msgs/cmake/custom_msgs__rosidl_typesupport_cppExport-noconfig.cmake
[0.258s] -- Up-to-date: /home/admlinar/Documents/destroyer_ws/install/custom_msgs/share/custom_msgs/cmake/export_custom_msgs__rosidl_generator_pyExport.cmake
[0.258s] -- Up-to-date: /home/admlinar/Documents/destroyer_ws/install/custom_msgs/share/custom_msgs/cmake/export_custom_msgs__rosidl_generator_pyExport-noconfig.cmake
[0.258s] -- Up-to-date: /home/admlinar/Documents/destroyer_ws/install/custom_msgs/share/custom_msgs/cmake/rosidl_cmake-extras.cmake
[0.258s] -- Up-to-date: /home/admlinar/Documents/destroyer_ws/install/custom_msgs/share/custom_msgs/cmake/ament_cmake_export_dependencies-extras.cmake
[0.258s] -- Up-to-date: /home/admlinar/Documents/destroyer_ws/install/custom_msgs/share/custom_msgs/cmake/ament_cmake_export_include_directories-extras.cmake
[0.258s] -- Up-to-date: /home/admlinar/Documents/destroyer_ws/install/custom_msgs/share/custom_msgs/cmake/ament_cmake_export_libraries-extras.cmake
[0.258s] -- Up-to-date: /home/admlinar/Documents/destroyer_ws/install/custom_msgs/share/custom_msgs/cmake/ament_cmake_export_targets-extras.cmake
[0.258s] -- Up-to-date: /home/admlinar/Documents/destroyer_ws/install/custom_msgs/share/custom_msgs/cmake/rosidl_cmake_export_typesupport_targets-extras.cmake
[0.259s] -- Up-to-date: /home/admlinar/Documents/destroyer_ws/install/custom_msgs/share/custom_msgs/cmake/rosidl_cmake_export_typesupport_libraries-extras.cmake
[0.259s] -- Up-to-date: /home/admlinar/Documents/destroyer_ws/install/custom_msgs/share/custom_msgs/cmake/custom_msgsConfig.cmake
[0.259s] -- Up-to-date: /home/admlinar/Documents/destroyer_ws/install/custom_msgs/share/custom_msgs/cmake/custom_msgsConfig-version.cmake
[0.259s] -- Up-to-date: /home/admlinar/Documents/destroyer_ws/install/custom_msgs/share/custom_msgs/package.xml
[0.259s] Invoked command in '/home/admlinar/Documents/destroyer_ws/build/custom_msgs' returned '0': CMAKE_PREFIX_PATH=${CMAKE_PREFIX_PATH}:/home/admlinar/turtlebot3_ws/install/turtlebot3_teleop:/home/admlinar/turtlebot3_ws/install/turtlebot3_example:/opt/ros/humble /usr/bin/cmake --install /home/admlinar/Documents/destroyer_ws/build/custom_msgs
