[0.702s] Invoking command in '/home/juan/Documents/fundamentos_robotica/destroyer_ws/src/mappeate_y_ubicate': PYTHONPATH=/home/juan/Documents/fundamentos_robotica/destroyer_ws/build/mappeate_y_ubicate/prefix_override:/usr/lib/python3/dist-packages/colcon_core/task/python/colcon_distutils_commands:/home/juan/Documents/fundamentos_robotica/destroyer_ws/install/mappeate_y_ubicate/lib/python3.10/site-packages:${PYTHONPATH} /usr/bin/python3 -W ignore:setup.py install is deprecated -W ignore:easy_install command is deprecated setup.py egg_info --egg-base ../../build/mappeate_y_ubicate build --build-base /home/juan/Documents/fundamentos_robotica/destroyer_ws/build/mappeate_y_ubicate/build install --record /home/juan/Documents/fundamentos_robotica/destroyer_ws/build/mappeate_y_ubicate/install.log --single-version-externally-managed install_data
[0.921s] running egg_info
[0.921s] writing ../../build/mappeate_y_ubicate/mappeate_y_ubicate.egg-info/PKG-INFO
[0.921s] writing dependency_links to ../../build/mappeate_y_ubicate/mappeate_y_ubicate.egg-info/dependency_links.txt
[0.922s] writing entry points to ../../build/mappeate_y_ubicate/mappeate_y_ubicate.egg-info/entry_points.txt
[0.922s] writing requirements to ../../build/mappeate_y_ubicate/mappeate_y_ubicate.egg-info/requires.txt
[0.922s] writing top-level names to ../../build/mappeate_y_ubicate/mappeate_y_ubicate.egg-info/top_level.txt
[0.923s] reading manifest file '../../build/mappeate_y_ubicate/mappeate_y_ubicate.egg-info/SOURCES.txt'
[0.924s] adding license file 'LICENSE'
[0.925s] writing manifest file '../../build/mappeate_y_ubicate/mappeate_y_ubicate.egg-info/SOURCES.txt'
[0.925s] running build
[0.925s] running build_py
[0.925s] copying mappeate_y_ubicate/fastslam.py -> /home/juan/Documents/fundamentos_robotica/destroyer_ws/build/mappeate_y_ubicate/build/lib/mappeate_y_ubicate
[0.925s] copying mappeate_y_ubicate/delta_odom.py -> /home/juan/Documents/fundamentos_robotica/destroyer_ws/build/mappeate_y_ubicate/build/lib/mappeate_y_ubicate
[0.925s] running install
[0.925s] running install_lib
[0.926s] copying /home/juan/Documents/fundamentos_robotica/destroyer_ws/build/mappeate_y_ubicate/build/lib/mappeate_y_ubicate/fastslam.py -> /home/juan/Documents/fundamentos_robotica/destroyer_ws/install/mappeate_y_ubicate/lib/python3.10/site-packages/mappeate_y_ubicate
[0.926s] copying /home/juan/Documents/fundamentos_robotica/destroyer_ws/build/mappeate_y_ubicate/build/lib/mappeate_y_ubicate/delta_odom.py -> /home/juan/Documents/fundamentos_robotica/destroyer_ws/install/mappeate_y_ubicate/lib/python3.10/site-packages/mappeate_y_ubicate
[0.927s] byte-compiling /home/juan/Documents/fundamentos_robotica/destroyer_ws/install/mappeate_y_ubicate/lib/python3.10/site-packages/mappeate_y_ubicate/fastslam.py to fastslam.cpython-310.pyc
[0.928s] byte-compiling /home/juan/Documents/fundamentos_robotica/destroyer_ws/install/mappeate_y_ubicate/lib/python3.10/site-packages/mappeate_y_ubicate/delta_odom.py to delta_odom.cpython-310.pyc
[0.929s] running install_data
[0.929s] running install_egg_info
[0.931s] removing '/home/juan/Documents/fundamentos_robotica/destroyer_ws/install/mappeate_y_ubicate/lib/python3.10/site-packages/mappeate_y_ubicate-0.0.0-py3.10.egg-info' (and everything under it)
[0.931s] Copying ../../build/mappeate_y_ubicate/mappeate_y_ubicate.egg-info to /home/juan/Documents/fundamentos_robotica/destroyer_ws/install/mappeate_y_ubicate/lib/python3.10/site-packages/mappeate_y_ubicate-0.0.0-py3.10.egg-info
[0.932s] running install_scripts
[0.950s] Installing delta_odom script to /home/juan/Documents/fundamentos_robotica/destroyer_ws/install/mappeate_y_ubicate/lib/mappeate_y_ubicate
[0.950s] Installing fastslam script to /home/juan/Documents/fundamentos_robotica/destroyer_ws/install/mappeate_y_ubicate/lib/mappeate_y_ubicate
[0.950s] writing list of installed files to '/home/juan/Documents/fundamentos_robotica/destroyer_ws/build/mappeate_y_ubicate/install.log'
[0.980s] Invoked command in '/home/juan/Documents/fundamentos_robotica/destroyer_ws/src/mappeate_y_ubicate' returned '0': PYTHONPATH=/home/juan/Documents/fundamentos_robotica/destroyer_ws/build/mappeate_y_ubicate/prefix_override:/usr/lib/python3/dist-packages/colcon_core/task/python/colcon_distutils_commands:/home/juan/Documents/fundamentos_robotica/destroyer_ws/install/mappeate_y_ubicate/lib/python3.10/site-packages:${PYTHONPATH} /usr/bin/python3 -W ignore:setup.py install is deprecated -W ignore:easy_install command is deprecated setup.py egg_info --egg-base ../../build/mappeate_y_ubicate build --build-base /home/juan/Documents/fundamentos_robotica/destroyer_ws/build/mappeate_y_ubicate/build install --record /home/juan/Documents/fundamentos_robotica/destroyer_ws/build/mappeate_y_ubicate/install.log --single-version-externally-managed install_data
