-- The C compiler identification is GNU 11.4.0
-- The CXX compiler identification is GNU 11.4.0
-- Detecting C compiler ABI info
-- Detecting C compiler ABI info - done
-- Check for working C compiler: /usr/bin/cc - skipped
-- Detecting C compile features
-- Detecting C compile features - done
-- Detecting CXX compiler ABI info
-- Detecting CXX compiler ABI info - done
-- Check for working CXX compiler: /usr/bin/c++ - skipped
-- Detecting CXX compile features
-- Detecting CXX compile features - done
-- Found ament_cmake: 1.3.11 (/opt/ros/humble/share/ament_cmake/cmake)
-- Found Python3: /usr/bin/python3 (found version "3.10.12") found components: Interpreter 
-- Found rclcpp: 16.0.11 (/opt/ros/humble/share/rclcpp/cmake)
-- Found rosidl_generator_c: 3.1.6 (/opt/ros/humble/share/rosidl_generator_c/cmake)
-- Found rosidl_adapter: 3.1.6 (/opt/ros/humble/share/rosidl_adapter/cmake)
-- Found rosidl_generator_cpp: 3.1.6 (/opt/ros/humble/share/rosidl_generator_cpp/cmake)
-- Using all available rosidl_typesupport_c: rosidl_typesupport_fastrtps_c;rosidl_typesupport_introspection_c
-- Using all available rosidl_typesupport_cpp: rosidl_typesupport_fastrtps_cpp;rosidl_typesupport_introspection_cpp
-- Found rmw_implementation_cmake: 6.1.2 (/opt/ros/humble/share/rmw_implementation_cmake/cmake)
-- Found rmw_fastrtps_cpp: 6.2.7 (/opt/ros/humble/share/rmw_fastrtps_cpp/cmake)
-- Found OpenSSL: /usr/lib/x86_64-linux-gnu/libcrypto.so (found version "3.0.2")  
-- Found FastRTPS: /opt/ros/humble/include  
-- Using RMW implementation 'rmw_fastrtps_cpp' as default
-- Looking for pthread.h
-- Looking for pthread.h - found
-- Performing Test CMAKE_HAVE_LIBC_PTHREAD
-- Performing Test CMAKE_HAVE_LIBC_PTHREAD - Success
-- Found Threads: TRUE  
-- Found sensor_msgs: 4.2.4 (/opt/ros/humble/share/sensor_msgs/cmake)
-- Found nav_msgs: 4.2.4 (/opt/ros/humble/share/nav_msgs/cmake)
-- Found tf2: 0.25.12 (/opt/ros/humble/share/tf2/cmake)
-- Found tf2_ros: 0.25.12 (/opt/ros/humble/share/tf2_ros/cmake)
-- Found custom_msgs: 0.0.0 (/home/alumno1/Documents/destroyer_ws/install/custom_msgs/share/custom_msgs/cmake)
-- Found OpenMP_C: -fopenmp (found version "4.5") 
-- Found OpenMP_CXX: -fopenmp (found version "4.5") 
-- Found OpenMP: TRUE (found version "4.5")  
-- Found ament_lint_auto: 0.12.11 (/opt/ros/humble/share/ament_lint_auto/cmake)
-- Added test 'cppcheck' to perform static code analysis on C / C++ code
-- Configured cppcheck include dirs: /home/alumno1/Documents/destroyer_ws/src/grid_fastslam/include
-- Configured cppcheck exclude dirs and/or files: 
-- Added test 'flake8' to check Python code syntax and style conventions
-- Added test 'lint_cmake' to check CMake code style
-- Added test 'pep257' to check Python code against some of the docstring style conventions in PEP 257
-- Added test 'uncrustify' to check C / C++ code style
-- Configured uncrustify additional arguments: 
-- Added test 'xmllint' to check XML markup files
-- Configuring done
-- Generating done
-- Build files have been written to: /home/alumno1/Documents/destroyer_ws/build/grid_fastslam
[ 33%] [32mBuilding CXX object CMakeFiles/grid_fastslam_node.dir/src/grid_fastslam.cpp.o[0m
[ 66%] [32mBuilding CXX object CMakeFiles/grid_fastslam_node.dir/src/main.cpp.o[0m
[100%] [32m[1mLinking CXX executable grid_fastslam_node[0m
[100%] Built target grid_fastslam_node
-- Install configuration: ""
-- Installing: /home/alumno1/Documents/destroyer_ws/install/grid_fastslam/lib/grid_fastslam/grid_fastslam_node
-- Set runtime path of "/home/alumno1/Documents/destroyer_ws/install/grid_fastslam/lib/grid_fastslam/grid_fastslam_node" to ""
-- Installing: /home/alumno1/Documents/destroyer_ws/install/grid_fastslam/include/
-- Installing: /home/alumno1/Documents/destroyer_ws/install/grid_fastslam/include//grid_fastslam
-- Installing: /home/alumno1/Documents/destroyer_ws/install/grid_fastslam/include//grid_fastslam/grid_fastslam.hpp
-- Installing: /home/alumno1/Documents/destroyer_ws/install/grid_fastslam/share/grid_fastslam/launch
-- Installing: /home/alumno1/Documents/destroyer_ws/install/grid_fastslam/share/grid_fastslam/launch/fastslam.launch.py
-- Installing: /home/alumno1/Documents/destroyer_ws/install/grid_fastslam/share/grid_fastslam/rviz
-- Installing: /home/alumno1/Documents/destroyer_ws/install/grid_fastslam/share/grid_fastslam/rviz/fastslam.rviz
-- Installing: /home/alumno1/Documents/destroyer_ws/install/grid_fastslam/share/ament_index/resource_index/package_run_dependencies/grid_fastslam
-- Installing: /home/alumno1/Documents/destroyer_ws/install/grid_fastslam/share/ament_index/resource_index/parent_prefix_path/grid_fastslam
-- Installing: /home/alumno1/Documents/destroyer_ws/install/grid_fastslam/share/grid_fastslam/environment/ament_prefix_path.sh
-- Installing: /home/alumno1/Documents/destroyer_ws/install/grid_fastslam/share/grid_fastslam/environment/ament_prefix_path.dsv
-- Installing: /home/alumno1/Documents/destroyer_ws/install/grid_fastslam/share/grid_fastslam/environment/path.sh
-- Installing: /home/alumno1/Documents/destroyer_ws/install/grid_fastslam/share/grid_fastslam/environment/path.dsv
-- Installing: /home/alumno1/Documents/destroyer_ws/install/grid_fastslam/share/grid_fastslam/local_setup.bash
-- Installing: /home/alumno1/Documents/destroyer_ws/install/grid_fastslam/share/grid_fastslam/local_setup.sh
-- Installing: /home/alumno1/Documents/destroyer_ws/install/grid_fastslam/share/grid_fastslam/local_setup.zsh
-- Installing: /home/alumno1/Documents/destroyer_ws/install/grid_fastslam/share/grid_fastslam/local_setup.dsv
-- Installing: /home/alumno1/Documents/destroyer_ws/install/grid_fastslam/share/grid_fastslam/package.dsv
-- Installing: /home/alumno1/Documents/destroyer_ws/install/grid_fastslam/share/ament_index/resource_index/packages/grid_fastslam
-- Installing: /home/alumno1/Documents/destroyer_ws/install/grid_fastslam/share/grid_fastslam/cmake/grid_fastslamConfig.cmake
-- Installing: /home/alumno1/Documents/destroyer_ws/install/grid_fastslam/share/grid_fastslam/cmake/grid_fastslamConfig-version.cmake
-- Installing: /home/alumno1/Documents/destroyer_ws/install/grid_fastslam/share/grid_fastslam/package.xml
