[0.012s] Invoking command in '/home/admlinar/Documents/destroyer_ws/build/custom_msgs': CMAKE_PREFIX_PATH=${CMAKE_PREFIX_PATH}:/home/admlinar/turtlebot3_ws/install/turtlebot3_teleop:/home/admlinar/turtlebot3_ws/install/turtlebot3_example:/opt/ros/humble /usr/bin/cmake /home/admlinar/Documents/destroyer_ws/src/custom_msgs -DCMAKE_INSTALL_PREFIX=/home/admlinar/Documents/destroyer_ws/install/custom_msgs
[0.151s] -- The C compiler identification is GNU 11.4.0
[0.151s] -- The CXX compiler identification is GNU 11.4.0
[0.151s] -- Detecting C compiler ABI info
[0.171s] -- Detecting C compiler ABI info - done
[0.175s] -- Check for working C compiler: /usr/bin/cc - skipped
[0.175s] -- Detecting C compile features
[0.176s] -- Detecting C compile features - done
[0.178s] -- Detecting CXX compiler ABI info
[0.231s] -- Detecting CXX compiler ABI info - done
[0.238s] -- Check for working CXX compiler: /usr/bin/c++ - skipped
[0.238s] -- Detecting CXX compile features
[0.238s] -- Detecting CXX compile features - done
[0.241s] -- Found ament_cmake: 1.3.12 (/opt/ros/humble/share/ament_cmake/cmake)
[0.352s] -- Found Python3: /usr/bin/python3 (found version "3.10.12") found components: Interpreter 
[0.419s] -- Found geometry_msgs: 4.9.0 (/opt/ros/humble/share/geometry_msgs/cmake)
[0.448s] -- Found rosidl_generator_c: 3.1.7 (/opt/ros/humble/share/rosidl_generator_c/cmake)
[0.452s] -- Found rosidl_adapter: 3.1.7 (/opt/ros/humble/share/rosidl_adapter/cmake)
[0.458s] -- Found rosidl_generator_cpp: 3.1.7 (/opt/ros/humble/share/rosidl_generator_cpp/cmake)
[0.467s] -- Using all available rosidl_typesupport_c: rosidl_typesupport_fastrtps_c;rosidl_typesupport_introspection_c
[0.479s] -- Using all available rosidl_typesupport_cpp: rosidl_typesupport_fastrtps_cpp;rosidl_typesupport_introspection_cpp
[0.505s] -- Found rosidl_default_generators: 1.2.0 (/opt/ros/humble/share/rosidl_default_generators/cmake)
[0.512s] -- Found ament_lint_auto: 0.12.14 (/opt/ros/humble/share/ament_lint_auto/cmake)
[0.703s] -- Found ament_cmake_ros: 0.10.0 (/opt/ros/humble/share/ament_cmake_ros/cmake)
[0.966s] -- Using all available rosidl_typesupport_c: rosidl_typesupport_fastrtps_c;rosidl_typesupport_introspection_c
[1.071s] -- Using all available rosidl_typesupport_cpp: rosidl_typesupport_fastrtps_cpp;rosidl_typesupport_introspection_cpp
[1.086s] -- Found PythonInterp: /usr/bin/python3 (found suitable version "3.10.12", minimum required is "3.6") 
[1.088s] -- Found python_cmake_module: 0.10.0 (/opt/ros/humble/share/python_cmake_module/cmake)
[1.104s] -- Found PythonLibs: /usr/lib/x86_64-linux-gnu/libpython3.10.so (found suitable version "3.10.12", minimum required is "3.5") 
[1.104s] -- Using PYTHON_EXECUTABLE: /usr/bin/python3
[1.104s] -- Using PYTHON_INCLUDE_DIRS: /usr/include/python3.10
[1.104s] -- Using PYTHON_LIBRARIES: /usr/lib/x86_64-linux-gnu/libpython3.10.so
[1.117s] -- Found PythonExtra: .so  
[1.155s] -- Added test 'lint_cmake' to check CMake code style
[1.155s] -- Added test 'xmllint' to check XML markup files
[1.157s] -- Configuring done
[1.176s] -- Generating done
[1.183s] -- Build files have been written to: /home/admlinar/Documents/destroyer_ws/build/custom_msgs
[1.190s] Invoked command in '/home/admlinar/Documents/destroyer_ws/build/custom_msgs' returned '0': CMAKE_PREFIX_PATH=${CMAKE_PREFIX_PATH}:/home/admlinar/turtlebot3_ws/install/turtlebot3_teleop:/home/admlinar/turtlebot3_ws/install/turtlebot3_example:/opt/ros/humble /usr/bin/cmake /home/admlinar/Documents/destroyer_ws/src/custom_msgs -DCMAKE_INSTALL_PREFIX=/home/admlinar/Documents/destroyer_ws/install/custom_msgs
[1.190s] Invoking command in '/home/admlinar/Documents/destroyer_ws/build/custom_msgs': CMAKE_PREFIX_PATH=${CMAKE_PREFIX_PATH}:/home/admlinar/turtlebot3_ws/install/turtlebot3_teleop:/home/admlinar/turtlebot3_ws/install/turtlebot3_example:/opt/ros/humble /usr/bin/cmake --build /home/admlinar/Documents/destroyer_ws/build/custom_msgs -- -j16 -l16
[1.220s] [  2%] [34m[1mGenerating C code for ROS interfaces[0m
[1.227s] [  5%] [34m[1mGenerating C++ code for ROS interfaces[0m
[1.232s] [  5%] Built target ament_cmake_python_copy_custom_msgs
[1.373s] running egg_info
[1.373s] creating custom_msgs.egg-info
[1.373s] writing custom_msgs.egg-info/PKG-INFO
[1.373s] writing dependency_links to custom_msgs.egg-info/dependency_links.txt
[1.373s] writing top-level names to custom_msgs.egg-info/top_level.txt
[1.373s] writing manifest file 'custom_msgs.egg-info/SOURCES.txt'
[1.374s] reading manifest file 'custom_msgs.egg-info/SOURCES.txt'
[1.375s] writing manifest file 'custom_msgs.egg-info/SOURCES.txt'
[1.397s] [  5%] Built target ament_cmake_python_build_custom_msgs_egg
[1.404s] [  7%] [32mBuilding C object CMakeFiles/custom_msgs__rosidl_generator_c.dir/rosidl_generator_c/custom_msgs/msg/detail/delta_odom__functions.c.o[0m
[1.406s] [ 10%] [32mBuilding C object CMakeFiles/custom_msgs__rosidl_generator_c.dir/rosidl_generator_c/custom_msgs/msg/detail/belief__functions.c.o[0m
[1.406s] [ 10%] Built target custom_msgs__cpp
[1.413s] [ 12%] [34m[1mGenerating C++ introspection for ROS interfaces[0m
[1.413s] [ 15%] [34m[1mGenerating C++ type support for eProsima Fast-RTPS[0m
[1.413s] [ 17%] [34m[1mGenerating C++ type support dispatch for ROS interfaces[0m
[1.444s] [ 20%] [32m[1mLinking C shared library libcustom_msgs__rosidl_generator_c.so[0m
[1.472s] [ 20%] Built target custom_msgs__rosidl_generator_c
[1.479s] [ 23%] [34m[1mGenerating C type support dispatch for ROS interfaces[0m
[1.482s] [ 28%] [34m[1mGenerating C type support for eProsima Fast-RTPS[0m
[1.482s] [ 28%] [34m[1mGenerating C introspection for ROS interfaces[0m
[1.567s] [ 30%] [32mBuilding CXX object CMakeFiles/custom_msgs__rosidl_typesupport_cpp.dir/rosidl_typesupport_cpp/custom_msgs/msg/delta_odom__type_support.cpp.o[0m
[1.569s] [ 33%] [32mBuilding CXX object CMakeFiles/custom_msgs__rosidl_typesupport_cpp.dir/rosidl_typesupport_cpp/custom_msgs/msg/belief__type_support.cpp.o[0m
[1.583s] [ 35%] [32mBuilding CXX object CMakeFiles/custom_msgs__rosidl_typesupport_fastrtps_cpp.dir/rosidl_typesupport_fastrtps_cpp/custom_msgs/msg/detail/dds_fastrtps/belief__type_support.cpp.o[0m
[1.583s] [ 38%] [32mBuilding CXX object CMakeFiles/custom_msgs__rosidl_typesupport_introspection_cpp.dir/rosidl_typesupport_introspection_cpp/custom_msgs/msg/detail/belief__type_support.cpp.o[0m
[1.585s] [ 43%] [32mBuilding CXX object CMakeFiles/custom_msgs__rosidl_typesupport_fastrtps_cpp.dir/rosidl_typesupport_fastrtps_cpp/custom_msgs/msg/detail/dds_fastrtps/delta_odom__type_support.cpp.o[0m
[1.585s] [ 43%] [32mBuilding CXX object CMakeFiles/custom_msgs__rosidl_typesupport_introspection_cpp.dir/rosidl_typesupport_introspection_cpp/custom_msgs/msg/detail/delta_odom__type_support.cpp.o[0m
[1.647s] [ 46%] [32mBuilding CXX object CMakeFiles/custom_msgs__rosidl_typesupport_c.dir/rosidl_typesupport_c/custom_msgs/msg/delta_odom__type_support.cpp.o[0m
[1.650s] [ 48%] [32mBuilding CXX object CMakeFiles/custom_msgs__rosidl_typesupport_c.dir/rosidl_typesupport_c/custom_msgs/msg/belief__type_support.cpp.o[0m
[1.667s] [ 51%] [32mBuilding C object CMakeFiles/custom_msgs__rosidl_typesupport_introspection_c.dir/rosidl_typesupport_introspection_c/custom_msgs/msg/detail/belief__type_support.c.o[0m
[1.671s] [ 53%] [32mBuilding C object CMakeFiles/custom_msgs__rosidl_typesupport_introspection_c.dir/rosidl_typesupport_introspection_c/custom_msgs/msg/detail/delta_odom__type_support.c.o[0m
[1.679s] [ 56%] [32m[1mLinking CXX shared library libcustom_msgs__rosidl_typesupport_c.so[0m
[1.695s] [ 58%] [32m[1mLinking C shared library libcustom_msgs__rosidl_typesupport_introspection_c.so[0m
[1.715s] [ 58%] Built target custom_msgs__rosidl_typesupport_c
[1.717s] [ 58%] Built target custom_msgs__rosidl_typesupport_introspection_c
[1.758s] [ 64%] [32mBuilding CXX object CMakeFiles/custom_msgs__rosidl_typesupport_fastrtps_c.dir/rosidl_typesupport_fastrtps_c/custom_msgs/msg/detail/belief__type_support_c.cpp.o[0m
[1.758s] [ 64%] [32mBuilding CXX object CMakeFiles/custom_msgs__rosidl_typesupport_fastrtps_c.dir/rosidl_typesupport_fastrtps_c/custom_msgs/msg/detail/delta_odom__type_support_c.cpp.o[0m
[1.788s] [ 66%] [32m[1mLinking CXX shared library libcustom_msgs__rosidl_typesupport_cpp.so[0m
[1.827s] [ 66%] Built target custom_msgs__rosidl_typesupport_cpp
[1.841s] [ 69%] [32m[1mLinking CXX shared library libcustom_msgs__rosidl_typesupport_fastrtps_cpp.so[0m
[1.859s] [ 71%] [32m[1mLinking CXX shared library libcustom_msgs__rosidl_typesupport_introspection_cpp.so[0m
[1.894s] [ 71%] Built target custom_msgs__rosidl_typesupport_fastrtps_cpp
[1.912s] [ 71%] Built target custom_msgs__rosidl_typesupport_introspection_cpp
[1.977s] [ 74%] [32m[1mLinking CXX shared library libcustom_msgs__rosidl_typesupport_fastrtps_c.so[0m
[2.022s] [ 74%] Built target custom_msgs__rosidl_typesupport_fastrtps_c
[2.038s] [ 74%] Built target custom_msgs
[2.054s] [ 76%] [34m[1mGenerating Python code for ROS interfaces[0m
[2.264s] [ 76%] Built target custom_msgs__py
[2.280s] [ 82%] [32mBuilding C object CMakeFiles/custom_msgs__rosidl_generator_py.dir/rosidl_generator_py/custom_msgs/msg/_delta_odom_s.c.o[0m
[2.280s] [ 82%] [32mBuilding C object CMakeFiles/custom_msgs__rosidl_generator_py.dir/rosidl_generator_py/custom_msgs/msg/_belief_s.c.o[0m
[2.342s] [ 84%] [32m[1mLinking C shared library rosidl_generator_py/custom_msgs/libcustom_msgs__rosidl_generator_py.so[0m
[2.373s] [ 84%] Built target custom_msgs__rosidl_generator_py
[2.386s] [ 87%] [32mBuilding C object CMakeFiles/custom_msgs__rosidl_typesupport_c__pyext.dir/rosidl_generator_py/custom_msgs/_custom_msgs_s.ep.rosidl_typesupport_c.c.o[0m
[2.387s] [ 89%] [32mBuilding C object CMakeFiles/custom_msgs__rosidl_typesupport_introspection_c__pyext.dir/rosidl_generator_py/custom_msgs/_custom_msgs_s.ep.rosidl_typesupport_introspection_c.c.o[0m
[2.389s] [ 92%] [32mBuilding C object CMakeFiles/custom_msgs__rosidl_typesupport_fastrtps_c__pyext.dir/rosidl_generator_py/custom_msgs/_custom_msgs_s.ep.rosidl_typesupport_fastrtps_c.c.o[0m
[2.443s] [ 94%] [32m[1mLinking C shared library rosidl_generator_py/custom_msgs/custom_msgs_s__rosidl_typesupport_introspection_c.cpython-310-x86_64-linux-gnu.so[0m
[2.444s] [ 97%] [32m[1mLinking C shared library rosidl_generator_py/custom_msgs/custom_msgs_s__rosidl_typesupport_c.cpython-310-x86_64-linux-gnu.so[0m
[2.447s] [100%] [32m[1mLinking C shared library rosidl_generator_py/custom_msgs/custom_msgs_s__rosidl_typesupport_fastrtps_c.cpython-310-x86_64-linux-gnu.so[0m
[2.467s] [100%] Built target custom_msgs__rosidl_typesupport_c__pyext
[2.475s] [100%] Built target custom_msgs__rosidl_typesupport_introspection_c__pyext
[2.478s] [100%] Built target custom_msgs__rosidl_typesupport_fastrtps_c__pyext
[2.486s] Invoked command in '/home/admlinar/Documents/destroyer_ws/build/custom_msgs' returned '0': CMAKE_PREFIX_PATH=${CMAKE_PREFIX_PATH}:/home/admlinar/turtlebot3_ws/install/turtlebot3_teleop:/home/admlinar/turtlebot3_ws/install/turtlebot3_example:/opt/ros/humble /usr/bin/cmake --build /home/admlinar/Documents/destroyer_ws/build/custom_msgs -- -j16 -l16
[2.494s] Invoking command in '/home/admlinar/Documents/destroyer_ws/build/custom_msgs': CMAKE_PREFIX_PATH=${CMAKE_PREFIX_PATH}:/home/admlinar/turtlebot3_ws/install/turtlebot3_teleop:/home/admlinar/turtlebot3_ws/install/turtlebot3_example:/opt/ros/humble /usr/bin/cmake --install /home/admlinar/Documents/destroyer_ws/build/custom_msgs
[2.500s] -- Install configuration: ""
[2.500s] -- Installing: /home/admlinar/Documents/destroyer_ws/install/custom_msgs/share/ament_index/resource_index/rosidl_interfaces/custom_msgs
[2.500s] -- Installing: /home/admlinar/Documents/destroyer_ws/install/custom_msgs/include/custom_msgs/custom_msgs
[2.500s] -- Installing: /home/admlinar/Documents/destroyer_ws/install/custom_msgs/include/custom_msgs/custom_msgs/msg
[2.500s] -- Installing: /home/admlinar/Documents/destroyer_ws/install/custom_msgs/include/custom_msgs/custom_msgs/msg/delta_odom.h
[2.500s] -- Installing: /home/admlinar/Documents/destroyer_ws/install/custom_msgs/include/custom_msgs/custom_msgs/msg/rosidl_generator_c__visibility_control.h
[2.501s] -- Installing: /home/admlinar/Documents/destroyer_ws/install/custom_msgs/include/custom_msgs/custom_msgs/msg/detail
[2.501s] -- Installing: /home/admlinar/Documents/destroyer_ws/install/custom_msgs/include/custom_msgs/custom_msgs/msg/detail/delta_odom__type_support.h
[2.501s] -- Installing: /home/admlinar/Documents/destroyer_ws/install/custom_msgs/include/custom_msgs/custom_msgs/msg/detail/belief__functions.c
[2.501s] -- Installing: /home/admlinar/Documents/destroyer_ws/install/custom_msgs/include/custom_msgs/custom_msgs/msg/detail/belief__type_support.h
[2.501s] -- Installing: /home/admlinar/Documents/destroyer_ws/install/custom_msgs/include/custom_msgs/custom_msgs/msg/detail/belief__functions.h
[2.501s] -- Installing: /home/admlinar/Documents/destroyer_ws/install/custom_msgs/include/custom_msgs/custom_msgs/msg/detail/delta_odom__functions.h
[2.501s] -- Installing: /home/admlinar/Documents/destroyer_ws/install/custom_msgs/include/custom_msgs/custom_msgs/msg/detail/delta_odom__functions.c
[2.501s] -- Installing: /home/admlinar/Documents/destroyer_ws/install/custom_msgs/include/custom_msgs/custom_msgs/msg/detail/belief__struct.h
[2.501s] -- Installing: /home/admlinar/Documents/destroyer_ws/install/custom_msgs/include/custom_msgs/custom_msgs/msg/detail/delta_odom__struct.h
[2.501s] -- Installing: /home/admlinar/Documents/destroyer_ws/install/custom_msgs/include/custom_msgs/custom_msgs/msg/belief.h
[2.501s] -- Installing: /home/admlinar/Documents/destroyer_ws/install/custom_msgs/share/custom_msgs/environment/library_path.sh
[2.501s] -- Installing: /home/admlinar/Documents/destroyer_ws/install/custom_msgs/share/custom_msgs/environment/library_path.dsv
[2.501s] -- Installing: /home/admlinar/Documents/destroyer_ws/install/custom_msgs/lib/libcustom_msgs__rosidl_generator_c.so
[2.501s] -- Set runtime path of "/home/admlinar/Documents/destroyer_ws/install/custom_msgs/lib/libcustom_msgs__rosidl_generator_c.so" to ""
[2.501s] -- Up-to-date: /home/admlinar/Documents/destroyer_ws/install/custom_msgs/include/custom_msgs/custom_msgs
[2.501s] -- Up-to-date: /home/admlinar/Documents/destroyer_ws/install/custom_msgs/include/custom_msgs/custom_msgs/msg
[2.501s] -- Installing: /home/admlinar/Documents/destroyer_ws/install/custom_msgs/include/custom_msgs/custom_msgs/msg/rosidl_typesupport_fastrtps_c__visibility_control.h
[2.501s] -- Up-to-date: /home/admlinar/Documents/destroyer_ws/install/custom_msgs/include/custom_msgs/custom_msgs/msg/detail
[2.501s] -- Installing: /home/admlinar/Documents/destroyer_ws/install/custom_msgs/include/custom_msgs/custom_msgs/msg/detail/belief__rosidl_typesupport_fastrtps_c.h
[2.501s] -- Installing: /home/admlinar/Documents/destroyer_ws/install/custom_msgs/include/custom_msgs/custom_msgs/msg/detail/delta_odom__rosidl_typesupport_fastrtps_c.h
[2.501s] -- Installing: /home/admlinar/Documents/destroyer_ws/install/custom_msgs/lib/libcustom_msgs__rosidl_typesupport_fastrtps_c.so
[2.501s] -- Set runtime path of "/home/admlinar/Documents/destroyer_ws/install/custom_msgs/lib/libcustom_msgs__rosidl_typesupport_fastrtps_c.so" to ""
[2.501s] -- Up-to-date: /home/admlinar/Documents/destroyer_ws/install/custom_msgs/include/custom_msgs/custom_msgs
[2.502s] -- Up-to-date: /home/admlinar/Documents/destroyer_ws/install/custom_msgs/include/custom_msgs/custom_msgs/msg
[2.502s] -- Installing: /home/admlinar/Documents/destroyer_ws/install/custom_msgs/include/custom_msgs/custom_msgs/msg/rosidl_generator_cpp__visibility_control.hpp
[2.502s] -- Installing: /home/admlinar/Documents/destroyer_ws/install/custom_msgs/include/custom_msgs/custom_msgs/msg/delta_odom.hpp
[2.502s] -- Installing: /home/admlinar/Documents/destroyer_ws/install/custom_msgs/include/custom_msgs/custom_msgs/msg/belief.hpp
[2.502s] -- Up-to-date: /home/admlinar/Documents/destroyer_ws/install/custom_msgs/include/custom_msgs/custom_msgs/msg/detail
[2.502s] -- Installing: /home/admlinar/Documents/destroyer_ws/install/custom_msgs/include/custom_msgs/custom_msgs/msg/detail/belief__builder.hpp
[2.502s] -- Installing: /home/admlinar/Documents/destroyer_ws/install/custom_msgs/include/custom_msgs/custom_msgs/msg/detail/delta_odom__type_support.hpp
[2.502s] -- Installing: /home/admlinar/Documents/destroyer_ws/install/custom_msgs/include/custom_msgs/custom_msgs/msg/detail/belief__traits.hpp
[2.502s] -- Installing: /home/admlinar/Documents/destroyer_ws/install/custom_msgs/include/custom_msgs/custom_msgs/msg/detail/delta_odom__struct.hpp
[2.502s] -- Installing: /home/admlinar/Documents/destroyer_ws/install/custom_msgs/include/custom_msgs/custom_msgs/msg/detail/delta_odom__traits.hpp
[2.502s] -- Installing: /home/admlinar/Documents/destroyer_ws/install/custom_msgs/include/custom_msgs/custom_msgs/msg/detail/belief__type_support.hpp
[2.502s] -- Installing: /home/admlinar/Documents/destroyer_ws/install/custom_msgs/include/custom_msgs/custom_msgs/msg/detail/belief__struct.hpp
[2.502s] -- Installing: /home/admlinar/Documents/destroyer_ws/install/custom_msgs/include/custom_msgs/custom_msgs/msg/detail/delta_odom__builder.hpp
[2.502s] -- Up-to-date: /home/admlinar/Documents/destroyer_ws/install/custom_msgs/include/custom_msgs/custom_msgs
[2.502s] -- Up-to-date: /home/admlinar/Documents/destroyer_ws/install/custom_msgs/include/custom_msgs/custom_msgs/msg
[2.502s] -- Installing: /home/admlinar/Documents/destroyer_ws/install/custom_msgs/include/custom_msgs/custom_msgs/msg/rosidl_typesupport_fastrtps_cpp__visibility_control.h
[2.502s] -- Up-to-date: /home/admlinar/Documents/destroyer_ws/install/custom_msgs/include/custom_msgs/custom_msgs/msg/detail
[2.502s] -- Installing: /home/admlinar/Documents/destroyer_ws/install/custom_msgs/include/custom_msgs/custom_msgs/msg/detail/delta_odom__rosidl_typesupport_fastrtps_cpp.hpp
[2.502s] -- Installing: /home/admlinar/Documents/destroyer_ws/install/custom_msgs/include/custom_msgs/custom_msgs/msg/detail/belief__rosidl_typesupport_fastrtps_cpp.hpp
[2.502s] -- Installing: /home/admlinar/Documents/destroyer_ws/install/custom_msgs/include/custom_msgs/custom_msgs/msg/detail/dds_fastrtps
[2.502s] -- Installing: /home/admlinar/Documents/destroyer_ws/install/custom_msgs/lib/libcustom_msgs__rosidl_typesupport_fastrtps_cpp.so
[2.502s] -- Set runtime path of "/home/admlinar/Documents/destroyer_ws/install/custom_msgs/lib/libcustom_msgs__rosidl_typesupport_fastrtps_cpp.so" to ""
[2.502s] -- Up-to-date: /home/admlinar/Documents/destroyer_ws/install/custom_msgs/include/custom_msgs/custom_msgs
[2.502s] -- Up-to-date: /home/admlinar/Documents/destroyer_ws/install/custom_msgs/include/custom_msgs/custom_msgs/msg
[2.502s] -- Up-to-date: /home/admlinar/Documents/destroyer_ws/install/custom_msgs/include/custom_msgs/custom_msgs/msg/detail
[2.502s] -- Installing: /home/admlinar/Documents/destroyer_ws/install/custom_msgs/include/custom_msgs/custom_msgs/msg/detail/delta_odom__type_support.c
[2.502s] -- Installing: /home/admlinar/Documents/destroyer_ws/install/custom_msgs/include/custom_msgs/custom_msgs/msg/detail/belief__type_support.c
[2.503s] -- Installing: /home/admlinar/Documents/destroyer_ws/install/custom_msgs/include/custom_msgs/custom_msgs/msg/detail/delta_odom__rosidl_typesupport_introspection_c.h
[2.503s] -- Installing: /home/admlinar/Documents/destroyer_ws/install/custom_msgs/include/custom_msgs/custom_msgs/msg/detail/belief__rosidl_typesupport_introspection_c.h
[2.503s] -- Installing: /home/admlinar/Documents/destroyer_ws/install/custom_msgs/include/custom_msgs/custom_msgs/msg/rosidl_typesupport_introspection_c__visibility_control.h
[2.503s] -- Installing: /home/admlinar/Documents/destroyer_ws/install/custom_msgs/lib/libcustom_msgs__rosidl_typesupport_introspection_c.so
[2.503s] -- Set runtime path of "/home/admlinar/Documents/destroyer_ws/install/custom_msgs/lib/libcustom_msgs__rosidl_typesupport_introspection_c.so" to ""
[2.503s] -- Installing: /home/admlinar/Documents/destroyer_ws/install/custom_msgs/lib/libcustom_msgs__rosidl_typesupport_c.so
[2.503s] -- Set runtime path of "/home/admlinar/Documents/destroyer_ws/install/custom_msgs/lib/libcustom_msgs__rosidl_typesupport_c.so" to ""
[2.503s] -- Up-to-date: /home/admlinar/Documents/destroyer_ws/install/custom_msgs/include/custom_msgs/custom_msgs
[2.503s] -- Up-to-date: /home/admlinar/Documents/destroyer_ws/install/custom_msgs/include/custom_msgs/custom_msgs/msg
[2.503s] -- Up-to-date: /home/admlinar/Documents/destroyer_ws/install/custom_msgs/include/custom_msgs/custom_msgs/msg/detail
[2.503s] -- Installing: /home/admlinar/Documents/destroyer_ws/install/custom_msgs/include/custom_msgs/custom_msgs/msg/detail/belief__rosidl_typesupport_introspection_cpp.hpp
[2.503s] -- Installing: /home/admlinar/Documents/destroyer_ws/install/custom_msgs/include/custom_msgs/custom_msgs/msg/detail/delta_odom__type_support.cpp
[2.503s] -- Installing: /home/admlinar/Documents/destroyer_ws/install/custom_msgs/include/custom_msgs/custom_msgs/msg/detail/belief__type_support.cpp
[2.503s] -- Installing: /home/admlinar/Documents/destroyer_ws/install/custom_msgs/include/custom_msgs/custom_msgs/msg/detail/delta_odom__rosidl_typesupport_introspection_cpp.hpp
[2.503s] -- Installing: /home/admlinar/Documents/destroyer_ws/install/custom_msgs/lib/libcustom_msgs__rosidl_typesupport_introspection_cpp.so
[2.503s] -- Set runtime path of "/home/admlinar/Documents/destroyer_ws/install/custom_msgs/lib/libcustom_msgs__rosidl_typesupport_introspection_cpp.so" to ""
[2.503s] -- Installing: /home/admlinar/Documents/destroyer_ws/install/custom_msgs/lib/libcustom_msgs__rosidl_typesupport_cpp.so
[2.503s] -- Set runtime path of "/home/admlinar/Documents/destroyer_ws/install/custom_msgs/lib/libcustom_msgs__rosidl_typesupport_cpp.so" to ""
[2.503s] -- Installing: /home/admlinar/Documents/destroyer_ws/install/custom_msgs/share/custom_msgs/environment/pythonpath.sh
[2.503s] -- Installing: /home/admlinar/Documents/destroyer_ws/install/custom_msgs/share/custom_msgs/environment/pythonpath.dsv
[2.503s] -- Installing: /home/admlinar/Documents/destroyer_ws/install/custom_msgs/local/lib/python3.10/dist-packages/custom_msgs-0.0.0-py3.10.egg-info
[2.503s] -- Installing: /home/admlinar/Documents/destroyer_ws/install/custom_msgs/local/lib/python3.10/dist-packages/custom_msgs-0.0.0-py3.10.egg-info/SOURCES.txt
[2.504s] -- Installing: /home/admlinar/Documents/destroyer_ws/install/custom_msgs/local/lib/python3.10/dist-packages/custom_msgs-0.0.0-py3.10.egg-info/PKG-INFO
[2.504s] -- Installing: /home/admlinar/Documents/destroyer_ws/install/custom_msgs/local/lib/python3.10/dist-packages/custom_msgs-0.0.0-py3.10.egg-info/top_level.txt
[2.504s] -- Installing: /home/admlinar/Documents/destroyer_ws/install/custom_msgs/local/lib/python3.10/dist-packages/custom_msgs-0.0.0-py3.10.egg-info/dependency_links.txt
[2.504s] -- Installing: /home/admlinar/Documents/destroyer_ws/install/custom_msgs/local/lib/python3.10/dist-packages/custom_msgs
[2.504s] -- Installing: /home/admlinar/Documents/destroyer_ws/install/custom_msgs/local/lib/python3.10/dist-packages/custom_msgs/custom_msgs_s__rosidl_typesupport_c.cpython-310-x86_64-linux-gnu.so
[2.504s] -- Installing: /home/admlinar/Documents/destroyer_ws/install/custom_msgs/local/lib/python3.10/dist-packages/custom_msgs/libcustom_msgs__rosidl_generator_py.so
[2.504s] -- Installing: /home/admlinar/Documents/destroyer_ws/install/custom_msgs/local/lib/python3.10/dist-packages/custom_msgs/_custom_msgs_s.ep.rosidl_typesupport_c.c
[2.504s] -- Installing: /home/admlinar/Documents/destroyer_ws/install/custom_msgs/local/lib/python3.10/dist-packages/custom_msgs/_custom_msgs_s.ep.rosidl_typesupport_introspection_c.c
[2.504s] -- Installing: /home/admlinar/Documents/destroyer_ws/install/custom_msgs/local/lib/python3.10/dist-packages/custom_msgs/custom_msgs_s__rosidl_typesupport_introspection_c.cpython-310-x86_64-linux-gnu.so
[2.504s] -- Installing: /home/admlinar/Documents/destroyer_ws/install/custom_msgs/local/lib/python3.10/dist-packages/custom_msgs/msg
[2.504s] -- Installing: /home/admlinar/Documents/destroyer_ws/install/custom_msgs/local/lib/python3.10/dist-packages/custom_msgs/msg/_delta_odom_s.c
[2.504s] -- Installing: /home/admlinar/Documents/destroyer_ws/install/custom_msgs/local/lib/python3.10/dist-packages/custom_msgs/msg/_belief.py
[2.504s] -- Installing: /home/admlinar/Documents/destroyer_ws/install/custom_msgs/local/lib/python3.10/dist-packages/custom_msgs/msg/_delta_odom.py
[2.504s] -- Installing: /home/admlinar/Documents/destroyer_ws/install/custom_msgs/local/lib/python3.10/dist-packages/custom_msgs/msg/__init__.py
[2.504s] -- Installing: /home/admlinar/Documents/destroyer_ws/install/custom_msgs/local/lib/python3.10/dist-packages/custom_msgs/msg/_belief_s.c
[2.504s] -- Installing: /home/admlinar/Documents/destroyer_ws/install/custom_msgs/local/lib/python3.10/dist-packages/custom_msgs/_custom_msgs_s.ep.rosidl_typesupport_fastrtps_c.c
[2.504s] -- Installing: /home/admlinar/Documents/destroyer_ws/install/custom_msgs/local/lib/python3.10/dist-packages/custom_msgs/__init__.py
[2.504s] -- Installing: /home/admlinar/Documents/destroyer_ws/install/custom_msgs/local/lib/python3.10/dist-packages/custom_msgs/custom_msgs_s__rosidl_typesupport_fastrtps_c.cpython-310-x86_64-linux-gnu.so
[2.529s] Listing '/home/admlinar/Documents/destroyer_ws/install/custom_msgs/local/lib/python3.10/dist-packages/custom_msgs'...
[2.529s] Compiling '/home/admlinar/Documents/destroyer_ws/install/custom_msgs/local/lib/python3.10/dist-packages/custom_msgs/__init__.py'...
[2.529s] Listing '/home/admlinar/Documents/destroyer_ws/install/custom_msgs/local/lib/python3.10/dist-packages/custom_msgs/msg'...
[2.529s] Compiling '/home/admlinar/Documents/destroyer_ws/install/custom_msgs/local/lib/python3.10/dist-packages/custom_msgs/msg/__init__.py'...
[2.529s] Compiling '/home/admlinar/Documents/destroyer_ws/install/custom_msgs/local/lib/python3.10/dist-packages/custom_msgs/msg/_belief.py'...
[2.529s] Compiling '/home/admlinar/Documents/destroyer_ws/install/custom_msgs/local/lib/python3.10/dist-packages/custom_msgs/msg/_delta_odom.py'...
[2.532s] -- Installing: /home/admlinar/Documents/destroyer_ws/install/custom_msgs/local/lib/python3.10/dist-packages/custom_msgs/custom_msgs_s__rosidl_typesupport_fastrtps_c.cpython-310-x86_64-linux-gnu.so
[2.532s] -- Set runtime path of "/home/admlinar/Documents/destroyer_ws/install/custom_msgs/local/lib/python3.10/dist-packages/custom_msgs/custom_msgs_s__rosidl_typesupport_fastrtps_c.cpython-310-x86_64-linux-gnu.so" to ""
[2.532s] -- Installing: /home/admlinar/Documents/destroyer_ws/install/custom_msgs/local/lib/python3.10/dist-packages/custom_msgs/custom_msgs_s__rosidl_typesupport_introspection_c.cpython-310-x86_64-linux-gnu.so
[2.532s] -- Set runtime path of "/home/admlinar/Documents/destroyer_ws/install/custom_msgs/local/lib/python3.10/dist-packages/custom_msgs/custom_msgs_s__rosidl_typesupport_introspection_c.cpython-310-x86_64-linux-gnu.so" to ""
[2.532s] -- Installing: /home/admlinar/Documents/destroyer_ws/install/custom_msgs/local/lib/python3.10/dist-packages/custom_msgs/custom_msgs_s__rosidl_typesupport_c.cpython-310-x86_64-linux-gnu.so
[2.532s] -- Set runtime path of "/home/admlinar/Documents/destroyer_ws/install/custom_msgs/local/lib/python3.10/dist-packages/custom_msgs/custom_msgs_s__rosidl_typesupport_c.cpython-310-x86_64-linux-gnu.so" to ""
[2.532s] -- Installing: /home/admlinar/Documents/destroyer_ws/install/custom_msgs/lib/libcustom_msgs__rosidl_generator_py.so
[2.532s] -- Set runtime path of "/home/admlinar/Documents/destroyer_ws/install/custom_msgs/lib/libcustom_msgs__rosidl_generator_py.so" to ""
[2.532s] -- Installing: /home/admlinar/Documents/destroyer_ws/install/custom_msgs/share/custom_msgs/msg/DeltaOdom.idl
[2.532s] -- Installing: /home/admlinar/Documents/destroyer_ws/install/custom_msgs/share/custom_msgs/msg/Belief.idl
[2.533s] -- Installing: /home/admlinar/Documents/destroyer_ws/install/custom_msgs/share/custom_msgs/msg/DeltaOdom.msg
[2.533s] -- Installing: /home/admlinar/Documents/destroyer_ws/install/custom_msgs/share/custom_msgs/msg/Belief.msg
[2.533s] -- Installing: /home/admlinar/Documents/destroyer_ws/install/custom_msgs/share/ament_index/resource_index/package_run_dependencies/custom_msgs
[2.533s] -- Installing: /home/admlinar/Documents/destroyer_ws/install/custom_msgs/share/ament_index/resource_index/parent_prefix_path/custom_msgs
[2.533s] -- Installing: /home/admlinar/Documents/destroyer_ws/install/custom_msgs/share/custom_msgs/environment/ament_prefix_path.sh
[2.533s] -- Installing: /home/admlinar/Documents/destroyer_ws/install/custom_msgs/share/custom_msgs/environment/ament_prefix_path.dsv
[2.533s] -- Installing: /home/admlinar/Documents/destroyer_ws/install/custom_msgs/share/custom_msgs/environment/path.sh
[2.533s] -- Installing: /home/admlinar/Documents/destroyer_ws/install/custom_msgs/share/custom_msgs/environment/path.dsv
[2.533s] -- Installing: /home/admlinar/Documents/destroyer_ws/install/custom_msgs/share/custom_msgs/local_setup.bash
[2.533s] -- Installing: /home/admlinar/Documents/destroyer_ws/install/custom_msgs/share/custom_msgs/local_setup.sh
[2.533s] -- Installing: /home/admlinar/Documents/destroyer_ws/install/custom_msgs/share/custom_msgs/local_setup.zsh
[2.533s] -- Installing: /home/admlinar/Documents/destroyer_ws/install/custom_msgs/share/custom_msgs/local_setup.dsv
[2.533s] -- Installing: /home/admlinar/Documents/destroyer_ws/install/custom_msgs/share/custom_msgs/package.dsv
[2.533s] -- Installing: /home/admlinar/Documents/destroyer_ws/install/custom_msgs/share/ament_index/resource_index/packages/custom_msgs
[2.533s] -- Installing: /home/admlinar/Documents/destroyer_ws/install/custom_msgs/share/custom_msgs/cmake/export_custom_msgs__rosidl_generator_cExport.cmake
[2.533s] -- Installing: /home/admlinar/Documents/destroyer_ws/install/custom_msgs/share/custom_msgs/cmake/export_custom_msgs__rosidl_generator_cExport-noconfig.cmake
[2.533s] -- Installing: /home/admlinar/Documents/destroyer_ws/install/custom_msgs/share/custom_msgs/cmake/export_custom_msgs__rosidl_typesupport_fastrtps_cExport.cmake
[2.533s] -- Installing: /home/admlinar/Documents/destroyer_ws/install/custom_msgs/share/custom_msgs/cmake/export_custom_msgs__rosidl_typesupport_fastrtps_cExport-noconfig.cmake
[2.533s] -- Installing: /home/admlinar/Documents/destroyer_ws/install/custom_msgs/share/custom_msgs/cmake/export_custom_msgs__rosidl_generator_cppExport.cmake
[2.533s] -- Installing: /home/admlinar/Documents/destroyer_ws/install/custom_msgs/share/custom_msgs/cmake/export_custom_msgs__rosidl_typesupport_fastrtps_cppExport.cmake
[2.533s] -- Installing: /home/admlinar/Documents/destroyer_ws/install/custom_msgs/share/custom_msgs/cmake/export_custom_msgs__rosidl_typesupport_fastrtps_cppExport-noconfig.cmake
[2.533s] -- Installing: /home/admlinar/Documents/destroyer_ws/install/custom_msgs/share/custom_msgs/cmake/custom_msgs__rosidl_typesupport_introspection_cExport.cmake
[2.534s] -- Installing: /home/admlinar/Documents/destroyer_ws/install/custom_msgs/share/custom_msgs/cmake/custom_msgs__rosidl_typesupport_introspection_cExport-noconfig.cmake
[2.534s] -- Installing: /home/admlinar/Documents/destroyer_ws/install/custom_msgs/share/custom_msgs/cmake/custom_msgs__rosidl_typesupport_cExport.cmake
[2.534s] -- Installing: /home/admlinar/Documents/destroyer_ws/install/custom_msgs/share/custom_msgs/cmake/custom_msgs__rosidl_typesupport_cExport-noconfig.cmake
[2.534s] -- Installing: /home/admlinar/Documents/destroyer_ws/install/custom_msgs/share/custom_msgs/cmake/custom_msgs__rosidl_typesupport_introspection_cppExport.cmake
[2.534s] -- Installing: /home/admlinar/Documents/destroyer_ws/install/custom_msgs/share/custom_msgs/cmake/custom_msgs__rosidl_typesupport_introspection_cppExport-noconfig.cmake
[2.534s] -- Installing: /home/admlinar/Documents/destroyer_ws/install/custom_msgs/share/custom_msgs/cmake/custom_msgs__rosidl_typesupport_cppExport.cmake
[2.534s] -- Installing: /home/admlinar/Documents/destroyer_ws/install/custom_msgs/share/custom_msgs/cmake/custom_msgs__rosidl_typesupport_cppExport-noconfig.cmake
[2.534s] -- Installing: /home/admlinar/Documents/destroyer_ws/install/custom_msgs/share/custom_msgs/cmake/export_custom_msgs__rosidl_generator_pyExport.cmake
[2.534s] -- Installing: /home/admlinar/Documents/destroyer_ws/install/custom_msgs/share/custom_msgs/cmake/export_custom_msgs__rosidl_generator_pyExport-noconfig.cmake
[2.534s] -- Installing: /home/admlinar/Documents/destroyer_ws/install/custom_msgs/share/custom_msgs/cmake/rosidl_cmake-extras.cmake
[2.534s] -- Installing: /home/admlinar/Documents/destroyer_ws/install/custom_msgs/share/custom_msgs/cmake/ament_cmake_export_dependencies-extras.cmake
[2.534s] -- Installing: /home/admlinar/Documents/destroyer_ws/install/custom_msgs/share/custom_msgs/cmake/ament_cmake_export_include_directories-extras.cmake
[2.534s] -- Installing: /home/admlinar/Documents/destroyer_ws/install/custom_msgs/share/custom_msgs/cmake/ament_cmake_export_libraries-extras.cmake
[2.534s] -- Installing: /home/admlinar/Documents/destroyer_ws/install/custom_msgs/share/custom_msgs/cmake/ament_cmake_export_targets-extras.cmake
[2.534s] -- Installing: /home/admlinar/Documents/destroyer_ws/install/custom_msgs/share/custom_msgs/cmake/rosidl_cmake_export_typesupport_targets-extras.cmake
[2.534s] -- Installing: /home/admlinar/Documents/destroyer_ws/install/custom_msgs/share/custom_msgs/cmake/rosidl_cmake_export_typesupport_libraries-extras.cmake
[2.534s] -- Installing: /home/admlinar/Documents/destroyer_ws/install/custom_msgs/share/custom_msgs/cmake/custom_msgsConfig.cmake
[2.534s] -- Installing: /home/admlinar/Documents/destroyer_ws/install/custom_msgs/share/custom_msgs/cmake/custom_msgsConfig-version.cmake
[2.534s] -- Installing: /home/admlinar/Documents/destroyer_ws/install/custom_msgs/share/custom_msgs/package.xml
[2.536s] Invoked command in '/home/admlinar/Documents/destroyer_ws/build/custom_msgs' returned '0': CMAKE_PREFIX_PATH=${CMAKE_PREFIX_PATH}:/home/admlinar/turtlebot3_ws/install/turtlebot3_teleop:/home/admlinar/turtlebot3_ws/install/turtlebot3_example:/opt/ros/humble /usr/bin/cmake --install /home/admlinar/Documents/destroyer_ws/build/custom_msgs
