[0.007s] Invoking command in '/home/admlinar/Documents/destroyer_ws/build/grid_fastslam': AMENT_PREFIX_PATH=/home/admlinar/Documents/destroyer_ws/install/custom_msgs:${AMENT_PREFIX_PATH} CMAKE_PREFIX_PATH=/home/admlinar/Documents/destroyer_ws/install/custom_msgs:/home/admlinar/turtlebot3_ws/install/turtlebot3:/home/admlinar/turtlebot3_ws/install/turtlebot3_simulations:/home/admlinar/turtlebot3_ws/install/turtlebot3_bringup:/home/admlinar/turtlebot3_ws/install/turtlebot3_node:/home/admlinar/turtlebot3_ws/install/turtlebot3_navigation2:/home/admlinar/turtlebot3_ws/install/turtlebot3_fake_node:/home/admlinar/turtlebot3_ws/install/turtlebot3_custom_simulation:/home/admlinar/turtlebot3_ws/install/turtlebot3_msgs:/home/admlinar/turtlebot3_ws/install/turtlebot3_manipulation_gazebo:/home/admlinar/turtlebot3_ws/install/turtlebot3_gazebo:/home/admlinar/turtlebot3_ws/install/turtlebot3_description:/home/admlinar/turtlebot3_ws/install/turtlebot3_cartographer:/home/admlinar/turtlebot3_ws/install/dynamixel_sdk_examples:/home/admlinar/turtlebot3_ws/install/dynamixel_sdk_custom_interfaces:/home/admlinar/turtlebot3_ws/install/dynamixel_sdk:/home/admlinar/turtlebot3_ws/install/turtlebot3_teleop:/home/admlinar/turtlebot3_ws/install/turtlebot3_example:/opt/ros/humble LD_LIBRARY_PATH=/home/admlinar/Documents/destroyer_ws/install/custom_msgs/lib:/home/admlinar/turtlebot3_ws/install/turtlebot3_msgs/lib:/home/admlinar/turtlebot3_ws/install/dynamixel_sdk_custom_interfaces/lib:/home/admlinar/turtlebot3_ws/install/dynamixel_sdk/lib:/usr/lib/x86_64-linux-gnu/gazebo-11/plugins:/opt/ros/humble/opt/rviz_ogre_vendor/lib:/opt/ros/humble/lib/x86_64-linux-gnu:/opt/ros/humble/lib:/usr/lib/x86_64-linux-gnu/gazebo-11/plugins PYTHONPATH=/home/admlinar/Documents/destroyer_ws/install/custom_msgs/local/lib/python3.10/dist-packages:${PYTHONPATH} /usr/bin/cmake /home/admlinar/Documents/destroyer_ws/src/grid_fastslam -DCMAKE_INSTALL_PREFIX=/home/admlinar/Documents/destroyer_ws/install/grid_fastslam
[0.045s] -- The C compiler identification is GNU 11.4.0
[0.081s] -- The CXX compiler identification is GNU 11.4.0
[0.086s] -- Detecting C compiler ABI info
[0.136s] -- Detecting C compiler ABI info - done
[0.141s] -- Check for working C compiler: /usr/bin/cc - skipped
[0.141s] -- Detecting C compile features
[0.142s] -- Detecting C compile features - done
[0.143s] -- Detecting CXX compiler ABI info
[0.196s] -- Detecting CXX compiler ABI info - done
[0.200s] -- Check for working CXX compiler: /usr/bin/c++ - skipped
[0.200s] -- Detecting CXX compile features
[0.201s] -- Detecting CXX compile features - done
[0.203s] -- Found ament_cmake: 1.3.12 (/opt/ros/humble/share/ament_cmake/cmake)
[0.310s] -- Found Python3: /usr/bin/python3 (found version "3.10.12") found components: Interpreter 
[0.374s] -- Found rclcpp: 16.0.15 (/opt/ros/humble/share/rclcpp/cmake)
[0.405s] -- Found rosidl_generator_c: 3.1.7 (/opt/ros/humble/share/rosidl_generator_c/cmake)
[0.409s] -- Found rosidl_adapter: 3.1.7 (/opt/ros/humble/share/rosidl_adapter/cmake)
[0.416s] -- Found rosidl_generator_cpp: 3.1.7 (/opt/ros/humble/share/rosidl_generator_cpp/cmake)
[0.424s] -- Using all available rosidl_typesupport_c: rosidl_typesupport_fastrtps_c;rosidl_typesupport_introspection_c
[0.436s] -- Using all available rosidl_typesupport_cpp: rosidl_typesupport_fastrtps_cpp;rosidl_typesupport_introspection_cpp
[0.467s] -- Found rmw_implementation_cmake: 6.1.2 (/opt/ros/humble/share/rmw_implementation_cmake/cmake)
[0.469s] -- Found rmw_fastrtps_cpp: 6.2.8 (/opt/ros/humble/share/rmw_fastrtps_cpp/cmake)
[0.527s] -- Found OpenSSL: /usr/lib/x86_64-linux-gnu/libcrypto.so (found version "3.0.2")  
[0.546s] -- Found FastRTPS: /opt/ros/humble/include  
[0.572s] -- Using RMW implementation 'rmw_fastrtps_cpp' as default
[0.578s] -- Looking for pthread.h
[0.636s] -- Looking for pthread.h - found
[0.637s] -- Performing Test CMAKE_HAVE_LIBC_PTHREAD
[0.686s] -- Performing Test CMAKE_HAVE_LIBC_PTHREAD - Success
[0.687s] -- Found Threads: TRUE  
[0.719s] -- Found sensor_msgs: 4.9.0 (/opt/ros/humble/share/sensor_msgs/cmake)
[0.737s] -- Found nav_msgs: 4.9.0 (/opt/ros/humble/share/nav_msgs/cmake)
[0.747s] -- Found tf2: 0.25.16 (/opt/ros/humble/share/tf2/cmake)
[0.754s] -- Found tf2_ros: 0.25.16 (/opt/ros/humble/share/tf2_ros/cmake)
[0.812s] -- Found custom_msgs: 0.0.0 (/home/admlinar/Documents/destroyer_ws/install/custom_msgs/share/custom_msgs/cmake)
[0.986s] -- Found OpenMP_C: -fopenmp (found version "4.5") 
[1.042s] -- Found OpenMP_CXX: -fopenmp (found version "4.5") 
[1.042s] -- Found OpenMP: TRUE (found version "4.5")  
[1.046s] -- Found ament_lint_auto: 0.12.14 (/opt/ros/humble/share/ament_lint_auto/cmake)
[1.100s] -- Added test 'cppcheck' to perform static code analysis on C / C++ code
[1.100s] -- Configured cppcheck include dirs: /home/admlinar/Documents/destroyer_ws/src/grid_fastslam/include
[1.100s] -- Configured cppcheck exclude dirs and/or files: 
[1.101s] -- Added test 'flake8' to check Python code syntax and style conventions
[1.101s] -- Added test 'lint_cmake' to check CMake code style
[1.101s] -- Added test 'pep257' to check Python code against some of the docstring style conventions in PEP 257
[1.102s] -- Added test 'uncrustify' to check C / C++ code style
[1.102s] -- Configured uncrustify additional arguments: 
[1.102s] -- Added test 'xmllint' to check XML markup files
[1.103s] -- Configuring done
[1.111s] -- Generating done
[1.113s] -- Build files have been written to: /home/admlinar/Documents/destroyer_ws/build/grid_fastslam
[1.120s] Invoked command in '/home/admlinar/Documents/destroyer_ws/build/grid_fastslam' returned '0': AMENT_PREFIX_PATH=/home/admlinar/Documents/destroyer_ws/install/custom_msgs:${AMENT_PREFIX_PATH} CMAKE_PREFIX_PATH=/home/admlinar/Documents/destroyer_ws/install/custom_msgs:/home/admlinar/turtlebot3_ws/install/turtlebot3:/home/admlinar/turtlebot3_ws/install/turtlebot3_simulations:/home/admlinar/turtlebot3_ws/install/turtlebot3_bringup:/home/admlinar/turtlebot3_ws/install/turtlebot3_node:/home/admlinar/turtlebot3_ws/install/turtlebot3_navigation2:/home/admlinar/turtlebot3_ws/install/turtlebot3_fake_node:/home/admlinar/turtlebot3_ws/install/turtlebot3_custom_simulation:/home/admlinar/turtlebot3_ws/install/turtlebot3_msgs:/home/admlinar/turtlebot3_ws/install/turtlebot3_manipulation_gazebo:/home/admlinar/turtlebot3_ws/install/turtlebot3_gazebo:/home/admlinar/turtlebot3_ws/install/turtlebot3_description:/home/admlinar/turtlebot3_ws/install/turtlebot3_cartographer:/home/admlinar/turtlebot3_ws/install/dynamixel_sdk_examples:/home/admlinar/turtlebot3_ws/install/dynamixel_sdk_custom_interfaces:/home/admlinar/turtlebot3_ws/install/dynamixel_sdk:/home/admlinar/turtlebot3_ws/install/turtlebot3_teleop:/home/admlinar/turtlebot3_ws/install/turtlebot3_example:/opt/ros/humble LD_LIBRARY_PATH=/home/admlinar/Documents/destroyer_ws/install/custom_msgs/lib:/home/admlinar/turtlebot3_ws/install/turtlebot3_msgs/lib:/home/admlinar/turtlebot3_ws/install/dynamixel_sdk_custom_interfaces/lib:/home/admlinar/turtlebot3_ws/install/dynamixel_sdk/lib:/usr/lib/x86_64-linux-gnu/gazebo-11/plugins:/opt/ros/humble/opt/rviz_ogre_vendor/lib:/opt/ros/humble/lib/x86_64-linux-gnu:/opt/ros/humble/lib:/usr/lib/x86_64-linux-gnu/gazebo-11/plugins PYTHONPATH=/home/admlinar/Documents/destroyer_ws/install/custom_msgs/local/lib/python3.10/dist-packages:${PYTHONPATH} /usr/bin/cmake /home/admlinar/Documents/destroyer_ws/src/grid_fastslam -DCMAKE_INSTALL_PREFIX=/home/admlinar/Documents/destroyer_ws/install/grid_fastslam
[1.121s] Invoking command in '/home/admlinar/Documents/destroyer_ws/build/grid_fastslam': AMENT_PREFIX_PATH=/home/admlinar/Documents/destroyer_ws/install/custom_msgs:${AMENT_PREFIX_PATH} CMAKE_PREFIX_PATH=/home/admlinar/Documents/destroyer_ws/install/custom_msgs:/home/admlinar/turtlebot3_ws/install/turtlebot3:/home/admlinar/turtlebot3_ws/install/turtlebot3_simulations:/home/admlinar/turtlebot3_ws/install/turtlebot3_bringup:/home/admlinar/turtlebot3_ws/install/turtlebot3_node:/home/admlinar/turtlebot3_ws/install/turtlebot3_navigation2:/home/admlinar/turtlebot3_ws/install/turtlebot3_fake_node:/home/admlinar/turtlebot3_ws/install/turtlebot3_custom_simulation:/home/admlinar/turtlebot3_ws/install/turtlebot3_msgs:/home/admlinar/turtlebot3_ws/install/turtlebot3_manipulation_gazebo:/home/admlinar/turtlebot3_ws/install/turtlebot3_gazebo:/home/admlinar/turtlebot3_ws/install/turtlebot3_description:/home/admlinar/turtlebot3_ws/install/turtlebot3_cartographer:/home/admlinar/turtlebot3_ws/install/dynamixel_sdk_examples:/home/admlinar/turtlebot3_ws/install/dynamixel_sdk_custom_interfaces:/home/admlinar/turtlebot3_ws/install/dynamixel_sdk:/home/admlinar/turtlebot3_ws/install/turtlebot3_teleop:/home/admlinar/turtlebot3_ws/install/turtlebot3_example:/opt/ros/humble LD_LIBRARY_PATH=/home/admlinar/Documents/destroyer_ws/install/custom_msgs/lib:/home/admlinar/turtlebot3_ws/install/turtlebot3_msgs/lib:/home/admlinar/turtlebot3_ws/install/dynamixel_sdk_custom_interfaces/lib:/home/admlinar/turtlebot3_ws/install/dynamixel_sdk/lib:/usr/lib/x86_64-linux-gnu/gazebo-11/plugins:/opt/ros/humble/opt/rviz_ogre_vendor/lib:/opt/ros/humble/lib/x86_64-linux-gnu:/opt/ros/humble/lib:/usr/lib/x86_64-linux-gnu/gazebo-11/plugins PYTHONPATH=/home/admlinar/Documents/destroyer_ws/install/custom_msgs/local/lib/python3.10/dist-packages:${PYTHONPATH} /usr/bin/cmake --build /home/admlinar/Documents/destroyer_ws/build/grid_fastslam -- -j16 -l16
[1.156s] [ 33%] [32mBuilding CXX object CMakeFiles/grid_fastslam_node.dir/src/grid_fastslam.cpp.o[0m
[1.156s] [ 66%] [32mBuilding CXX object CMakeFiles/grid_fastslam_node.dir/src/main.cpp.o[0m
[7.931s] [100%] [32m[1mLinking CXX executable grid_fastslam_node[0m
[8.318s] [100%] Built target grid_fastslam_node
[8.327s] Invoked command in '/home/admlinar/Documents/destroyer_ws/build/grid_fastslam' returned '0': AMENT_PREFIX_PATH=/home/admlinar/Documents/destroyer_ws/install/custom_msgs:${AMENT_PREFIX_PATH} CMAKE_PREFIX_PATH=/home/admlinar/Documents/destroyer_ws/install/custom_msgs:/home/admlinar/turtlebot3_ws/install/turtlebot3:/home/admlinar/turtlebot3_ws/install/turtlebot3_simulations:/home/admlinar/turtlebot3_ws/install/turtlebot3_bringup:/home/admlinar/turtlebot3_ws/install/turtlebot3_node:/home/admlinar/turtlebot3_ws/install/turtlebot3_navigation2:/home/admlinar/turtlebot3_ws/install/turtlebot3_fake_node:/home/admlinar/turtlebot3_ws/install/turtlebot3_custom_simulation:/home/admlinar/turtlebot3_ws/install/turtlebot3_msgs:/home/admlinar/turtlebot3_ws/install/turtlebot3_manipulation_gazebo:/home/admlinar/turtlebot3_ws/install/turtlebot3_gazebo:/home/admlinar/turtlebot3_ws/install/turtlebot3_description:/home/admlinar/turtlebot3_ws/install/turtlebot3_cartographer:/home/admlinar/turtlebot3_ws/install/dynamixel_sdk_examples:/home/admlinar/turtlebot3_ws/install/dynamixel_sdk_custom_interfaces:/home/admlinar/turtlebot3_ws/install/dynamixel_sdk:/home/admlinar/turtlebot3_ws/install/turtlebot3_teleop:/home/admlinar/turtlebot3_ws/install/turtlebot3_example:/opt/ros/humble LD_LIBRARY_PATH=/home/admlinar/Documents/destroyer_ws/install/custom_msgs/lib:/home/admlinar/turtlebot3_ws/install/turtlebot3_msgs/lib:/home/admlinar/turtlebot3_ws/install/dynamixel_sdk_custom_interfaces/lib:/home/admlinar/turtlebot3_ws/install/dynamixel_sdk/lib:/usr/lib/x86_64-linux-gnu/gazebo-11/plugins:/opt/ros/humble/opt/rviz_ogre_vendor/lib:/opt/ros/humble/lib/x86_64-linux-gnu:/opt/ros/humble/lib:/usr/lib/x86_64-linux-gnu/gazebo-11/plugins PYTHONPATH=/home/admlinar/Documents/destroyer_ws/install/custom_msgs/local/lib/python3.10/dist-packages:${PYTHONPATH} /usr/bin/cmake --build /home/admlinar/Documents/destroyer_ws/build/grid_fastslam -- -j16 -l16
[8.328s] Invoking command in '/home/admlinar/Documents/destroyer_ws/build/grid_fastslam': AMENT_PREFIX_PATH=/home/admlinar/Documents/destroyer_ws/install/custom_msgs:${AMENT_PREFIX_PATH} CMAKE_PREFIX_PATH=/home/admlinar/Documents/destroyer_ws/install/custom_msgs:/home/admlinar/turtlebot3_ws/install/turtlebot3:/home/admlinar/turtlebot3_ws/install/turtlebot3_simulations:/home/admlinar/turtlebot3_ws/install/turtlebot3_bringup:/home/admlinar/turtlebot3_ws/install/turtlebot3_node:/home/admlinar/turtlebot3_ws/install/turtlebot3_navigation2:/home/admlinar/turtlebot3_ws/install/turtlebot3_fake_node:/home/admlinar/turtlebot3_ws/install/turtlebot3_custom_simulation:/home/admlinar/turtlebot3_ws/install/turtlebot3_msgs:/home/admlinar/turtlebot3_ws/install/turtlebot3_manipulation_gazebo:/home/admlinar/turtlebot3_ws/install/turtlebot3_gazebo:/home/admlinar/turtlebot3_ws/install/turtlebot3_description:/home/admlinar/turtlebot3_ws/install/turtlebot3_cartographer:/home/admlinar/turtlebot3_ws/install/dynamixel_sdk_examples:/home/admlinar/turtlebot3_ws/install/dynamixel_sdk_custom_interfaces:/home/admlinar/turtlebot3_ws/install/dynamixel_sdk:/home/admlinar/turtlebot3_ws/install/turtlebot3_teleop:/home/admlinar/turtlebot3_ws/install/turtlebot3_example:/opt/ros/humble LD_LIBRARY_PATH=/home/admlinar/Documents/destroyer_ws/install/custom_msgs/lib:/home/admlinar/turtlebot3_ws/install/turtlebot3_msgs/lib:/home/admlinar/turtlebot3_ws/install/dynamixel_sdk_custom_interfaces/lib:/home/admlinar/turtlebot3_ws/install/dynamixel_sdk/lib:/usr/lib/x86_64-linux-gnu/gazebo-11/plugins:/opt/ros/humble/opt/rviz_ogre_vendor/lib:/opt/ros/humble/lib/x86_64-linux-gnu:/opt/ros/humble/lib:/usr/lib/x86_64-linux-gnu/gazebo-11/plugins PYTHONPATH=/home/admlinar/Documents/destroyer_ws/install/custom_msgs/local/lib/python3.10/dist-packages:${PYTHONPATH} /usr/bin/cmake --install /home/admlinar/Documents/destroyer_ws/build/grid_fastslam
[8.333s] -- Install configuration: ""
[8.333s] -- Installing: /home/admlinar/Documents/destroyer_ws/install/grid_fastslam/lib/grid_fastslam/grid_fastslam_node
[8.336s] -- Set runtime path of "/home/admlinar/Documents/destroyer_ws/install/grid_fastslam/lib/grid_fastslam/grid_fastslam_node" to ""
[8.336s] -- Installing: /home/admlinar/Documents/destroyer_ws/install/grid_fastslam/include/
[8.336s] -- Installing: /home/admlinar/Documents/destroyer_ws/install/grid_fastslam/include//grid_fastslam
[8.336s] -- Installing: /home/admlinar/Documents/destroyer_ws/install/grid_fastslam/include//grid_fastslam/grid_fastslam.hpp
[8.336s] -- Installing: /home/admlinar/Documents/destroyer_ws/install/grid_fastslam/share/grid_fastslam/launch
[8.336s] -- Installing: /home/admlinar/Documents/destroyer_ws/install/grid_fastslam/share/grid_fastslam/launch/fastslam.launch.py
[8.336s] -- Installing: /home/admlinar/Documents/destroyer_ws/install/grid_fastslam/share/grid_fastslam/rviz
[8.336s] -- Installing: /home/admlinar/Documents/destroyer_ws/install/grid_fastslam/share/grid_fastslam/rviz/fastslam.rviz
[8.336s] -- Installing: /home/admlinar/Documents/destroyer_ws/install/grid_fastslam/share/ament_index/resource_index/package_run_dependencies/grid_fastslam
[8.336s] -- Installing: /home/admlinar/Documents/destroyer_ws/install/grid_fastslam/share/ament_index/resource_index/parent_prefix_path/grid_fastslam
[8.336s] -- Installing: /home/admlinar/Documents/destroyer_ws/install/grid_fastslam/share/grid_fastslam/environment/ament_prefix_path.sh
[8.336s] -- Installing: /home/admlinar/Documents/destroyer_ws/install/grid_fastslam/share/grid_fastslam/environment/ament_prefix_path.dsv
[8.336s] -- Installing: /home/admlinar/Documents/destroyer_ws/install/grid_fastslam/share/grid_fastslam/environment/path.sh
[8.336s] -- Installing: /home/admlinar/Documents/destroyer_ws/install/grid_fastslam/share/grid_fastslam/environment/path.dsv
[8.336s] -- Installing: /home/admlinar/Documents/destroyer_ws/install/grid_fastslam/share/grid_fastslam/local_setup.bash
[8.336s] -- Installing: /home/admlinar/Documents/destroyer_ws/install/grid_fastslam/share/grid_fastslam/local_setup.sh
[8.336s] -- Installing: /home/admlinar/Documents/destroyer_ws/install/grid_fastslam/share/grid_fastslam/local_setup.zsh
[8.336s] -- Installing: /home/admlinar/Documents/destroyer_ws/install/grid_fastslam/share/grid_fastslam/local_setup.dsv
[8.336s] -- Installing: /home/admlinar/Documents/destroyer_ws/install/grid_fastslam/share/grid_fastslam/package.dsv
[8.337s] -- Installing: /home/admlinar/Documents/destroyer_ws/install/grid_fastslam/share/ament_index/resource_index/packages/grid_fastslam
[8.337s] -- Installing: /home/admlinar/Documents/destroyer_ws/install/grid_fastslam/share/grid_fastslam/cmake/grid_fastslamConfig.cmake
[8.337s] -- Installing: /home/admlinar/Documents/destroyer_ws/install/grid_fastslam/share/grid_fastslam/cmake/grid_fastslamConfig-version.cmake
[8.337s] -- Installing: /home/admlinar/Documents/destroyer_ws/install/grid_fastslam/share/grid_fastslam/package.xml
[8.338s] Invoked command in '/home/admlinar/Documents/destroyer_ws/build/grid_fastslam' returned '0': AMENT_PREFIX_PATH=/home/admlinar/Documents/destroyer_ws/install/custom_msgs:${AMENT_PREFIX_PATH} CMAKE_PREFIX_PATH=/home/admlinar/Documents/destroyer_ws/install/custom_msgs:/home/admlinar/turtlebot3_ws/install/turtlebot3:/home/admlinar/turtlebot3_ws/install/turtlebot3_simulations:/home/admlinar/turtlebot3_ws/install/turtlebot3_bringup:/home/admlinar/turtlebot3_ws/install/turtlebot3_node:/home/admlinar/turtlebot3_ws/install/turtlebot3_navigation2:/home/admlinar/turtlebot3_ws/install/turtlebot3_fake_node:/home/admlinar/turtlebot3_ws/install/turtlebot3_custom_simulation:/home/admlinar/turtlebot3_ws/install/turtlebot3_msgs:/home/admlinar/turtlebot3_ws/install/turtlebot3_manipulation_gazebo:/home/admlinar/turtlebot3_ws/install/turtlebot3_gazebo:/home/admlinar/turtlebot3_ws/install/turtlebot3_description:/home/admlinar/turtlebot3_ws/install/turtlebot3_cartographer:/home/admlinar/turtlebot3_ws/install/dynamixel_sdk_examples:/home/admlinar/turtlebot3_ws/install/dynamixel_sdk_custom_interfaces:/home/admlinar/turtlebot3_ws/install/dynamixel_sdk:/home/admlinar/turtlebot3_ws/install/turtlebot3_teleop:/home/admlinar/turtlebot3_ws/install/turtlebot3_example:/opt/ros/humble LD_LIBRARY_PATH=/home/admlinar/Documents/destroyer_ws/install/custom_msgs/lib:/home/admlinar/turtlebot3_ws/install/turtlebot3_msgs/lib:/home/admlinar/turtlebot3_ws/install/dynamixel_sdk_custom_interfaces/lib:/home/admlinar/turtlebot3_ws/install/dynamixel_sdk/lib:/usr/lib/x86_64-linux-gnu/gazebo-11/plugins:/opt/ros/humble/opt/rviz_ogre_vendor/lib:/opt/ros/humble/lib/x86_64-linux-gnu:/opt/ros/humble/lib:/usr/lib/x86_64-linux-gnu/gazebo-11/plugins PYTHONPATH=/home/admlinar/Documents/destroyer_ws/install/custom_msgs/local/lib/python3.10/dist-packages:${PYTHONPATH} /usr/bin/cmake --install /home/admlinar/Documents/destroyer_ws/build/grid_fastslam
