[0.011s] Invoking command in '/home/alumno1/Documents/destroyer_ws/build/custom_msgs': CMAKE_PREFIX_PATH=${CMAKE_PREFIX_PATH}:/home/alumno1/turtlebot3_ws/install/turtlebot3_teleop:/home/alumno1/turtlebot3_ws/install/turtlebot3_example:/opt/ros/humble /usr/bin/cmake --build /home/alumno1/Documents/destroyer_ws/build/custom_msgs -- -j28 -l28
[0.129s] -- Found ament_cmake: 1.3.11 (/opt/ros/humble/share/ament_cmake/cmake)
[0.129s] -- Override CMake install command with custom implementation using symlinks instead of copying resources
[0.129s] -- Found geometry_msgs: 4.2.4 (/opt/ros/humble/share/geometry_msgs/cmake)
[0.141s] -- Found rosidl_generator_c: 3.1.6 (/opt/ros/humble/share/rosidl_generator_c/cmake)
[0.143s] -- Found rosidl_adapter: 3.1.6 (/opt/ros/humble/share/rosidl_adapter/cmake)
[0.148s] -- Found rosidl_generator_cpp: 3.1.6 (/opt/ros/humble/share/rosidl_generator_cpp/cmake)
[0.157s] -- Using all available rosidl_typesupport_c: rosidl_typesupport_fastrtps_c;rosidl_typesupport_introspection_c
[0.164s] -- Using all available rosidl_typesupport_cpp: rosidl_typesupport_fastrtps_cpp;rosidl_typesupport_introspection_cpp
[0.184s] -- Found rosidl_default_generators: 1.2.0 (/opt/ros/humble/share/rosidl_default_generators/cmake)
[0.188s] -- Found ament_lint_auto: 0.12.11 (/opt/ros/humble/share/ament_lint_auto/cmake)
[0.337s] -- Found ament_cmake_ros: 0.10.0 (/opt/ros/humble/share/ament_cmake_ros/cmake)
[0.544s] -- Using all available rosidl_typesupport_c: rosidl_typesupport_fastrtps_c;rosidl_typesupport_introspection_c
[0.625s] -- Using all available rosidl_typesupport_cpp: rosidl_typesupport_fastrtps_cpp;rosidl_typesupport_introspection_cpp
[0.637s] -- Found python_cmake_module: 0.10.0 (/opt/ros/humble/share/python_cmake_module/cmake)
[0.652s] -- Using PYTHON_EXECUTABLE: /usr/bin/python3
[0.652s] -- Using PYTHON_INCLUDE_DIRS: /usr/include/python3.10
[0.652s] -- Using PYTHON_LIBRARIES: /usr/lib/x86_64-linux-gnu/libpython3.10.so
[0.674s] -- Added test 'lint_cmake' to check CMake code style
[0.674s] -- Added test 'xmllint' to check XML markup files
[0.676s] -- Configuring done
[0.691s] -- Generating done
[0.696s] -- Build files have been written to: /home/alumno1/Documents/destroyer_ws/build/custom_msgs
[0.711s] [35m[1mConsolidate compiler generated dependencies of target custom_msgs__rosidl_generator_c[0m
[0.719s] [  5%] Built target custom_msgs__cpp
[0.719s] [  5%] [32mBuilding C object CMakeFiles/custom_msgs__rosidl_generator_c.dir/rosidl_generator_c/custom_msgs/msg/detail/belief__functions.c.o[0m
[0.719s] [  7%] [32mBuilding C object CMakeFiles/custom_msgs__rosidl_generator_c.dir/rosidl_generator_c/custom_msgs/msg/detail/delta_odom__functions.c.o[0m
[0.724s] [  7%] Built target ament_cmake_python_symlink_custom_msgs
[0.726s] [35m[1mConsolidate compiler generated dependencies of target custom_msgs__rosidl_typesupport_fastrtps_cpp[0m
[0.726s] [35m[1mConsolidate compiler generated dependencies of target custom_msgs__rosidl_typesupport_cpp[0m
[0.726s] [35m[1mConsolidate compiler generated dependencies of target custom_msgs__rosidl_typesupport_introspection_cpp[0m
[0.734s] [ 10%] [32mBuilding CXX object CMakeFiles/custom_msgs__rosidl_typesupport_cpp.dir/rosidl_typesupport_cpp/custom_msgs/msg/delta_odom__type_support.cpp.o[0m
[0.734s] [ 12%] [32mBuilding CXX object CMakeFiles/custom_msgs__rosidl_typesupport_introspection_cpp.dir/rosidl_typesupport_introspection_cpp/custom_msgs/msg/detail/belief__type_support.cpp.o[0m
[0.734s] [ 15%] [32mBuilding CXX object CMakeFiles/custom_msgs__rosidl_typesupport_fastrtps_cpp.dir/rosidl_typesupport_fastrtps_cpp/custom_msgs/msg/detail/dds_fastrtps/delta_odom__type_support.cpp.o[0m
[0.734s] [ 17%] [32mBuilding CXX object CMakeFiles/custom_msgs__rosidl_typesupport_fastrtps_cpp.dir/rosidl_typesupport_fastrtps_cpp/custom_msgs/msg/detail/dds_fastrtps/belief__type_support.cpp.o[0m
[0.735s] [ 20%] [32mBuilding CXX object CMakeFiles/custom_msgs__rosidl_typesupport_cpp.dir/rosidl_typesupport_cpp/custom_msgs/msg/belief__type_support.cpp.o[0m
[0.735s] [ 23%] [32mBuilding CXX object CMakeFiles/custom_msgs__rosidl_typesupport_introspection_cpp.dir/rosidl_typesupport_introspection_cpp/custom_msgs/msg/detail/delta_odom__type_support.cpp.o[0m
[0.760s] [ 25%] [32m[1mLinking C shared library libcustom_msgs__rosidl_generator_c.so[0m
[0.789s] [ 28%] Built target custom_msgs__rosidl_generator_c
[0.798s] [35m[1mConsolidate compiler generated dependencies of target custom_msgs__rosidl_typesupport_c[0m
[0.798s] [35m[1mConsolidate compiler generated dependencies of target custom_msgs__rosidl_typesupport_introspection_c[0m
[0.798s] [35m[1mConsolidate compiler generated dependencies of target custom_msgs__rosidl_typesupport_fastrtps_c[0m
[0.806s] [ 30%] [32mBuilding CXX object CMakeFiles/custom_msgs__rosidl_typesupport_fastrtps_c.dir/rosidl_typesupport_fastrtps_c/custom_msgs/msg/detail/belief__type_support_c.cpp.o[0m
[0.806s] [ 41%] [32mBuilding CXX object CMakeFiles/custom_msgs__rosidl_typesupport_c.dir/rosidl_typesupport_c/custom_msgs/msg/delta_odom__type_support.cpp.o[0m
[0.806s] [ 41%] [32mBuilding C object CMakeFiles/custom_msgs__rosidl_typesupport_introspection_c.dir/rosidl_typesupport_introspection_c/custom_msgs/msg/detail/belief__type_support.c.o[0m
[0.806s] [ 41%] [32mBuilding CXX object CMakeFiles/custom_msgs__rosidl_typesupport_c.dir/rosidl_typesupport_c/custom_msgs/msg/belief__type_support.cpp.o[0m
[0.806s] [ 41%] [32mBuilding C object CMakeFiles/custom_msgs__rosidl_typesupport_introspection_c.dir/rosidl_typesupport_introspection_c/custom_msgs/msg/detail/delta_odom__type_support.c.o[0m
[0.807s] [ 43%] [32mBuilding CXX object CMakeFiles/custom_msgs__rosidl_typesupport_fastrtps_c.dir/rosidl_typesupport_fastrtps_c/custom_msgs/msg/detail/delta_odom__type_support_c.cpp.o[0m
[0.828s] [ 46%] [32m[1mLinking CXX shared library libcustom_msgs__rosidl_typesupport_c.so[0m
[0.832s] [ 48%] [32m[1mLinking C shared library libcustom_msgs__rosidl_typesupport_introspection_c.so[0m
[0.846s] [ 51%] [32m[1mLinking CXX shared library libcustom_msgs__rosidl_typesupport_cpp.so[0m
[0.853s] [ 53%] Built target custom_msgs__rosidl_typesupport_introspection_c
[0.853s] [ 56%] Built target custom_msgs__rosidl_typesupport_c
[0.863s] running egg_info
[0.863s] writing custom_msgs.egg-info/PKG-INFO
[0.863s] writing dependency_links to custom_msgs.egg-info/dependency_links.txt
[0.863s] writing top-level names to custom_msgs.egg-info/top_level.txt
[0.865s] reading manifest file 'custom_msgs.egg-info/SOURCES.txt'
[0.865s] writing manifest file 'custom_msgs.egg-info/SOURCES.txt'
[0.870s] [ 58%] Built target custom_msgs__rosidl_typesupport_cpp
[0.881s] [ 58%] Built target ament_cmake_python_build_custom_msgs_egg
[0.951s] [ 61%] [32m[1mLinking CXX shared library libcustom_msgs__rosidl_typesupport_fastrtps_cpp.so[0m
[0.966s] [ 64%] [32m[1mLinking CXX shared library libcustom_msgs__rosidl_typesupport_introspection_cpp.so[0m
[0.968s] [ 66%] [32m[1mLinking CXX shared library libcustom_msgs__rosidl_typesupport_fastrtps_c.so[0m
[1.000s] [ 69%] Built target custom_msgs__rosidl_typesupport_fastrtps_cpp
[1.009s] [ 71%] Built target custom_msgs__rosidl_typesupport_introspection_cpp
[1.009s] [ 74%] Built target custom_msgs__rosidl_typesupport_fastrtps_c
[1.020s] [ 74%] Built target custom_msgs
[1.033s] [ 76%] Built target custom_msgs__py
[1.040s] [35m[1mConsolidate compiler generated dependencies of target custom_msgs__rosidl_generator_py[0m
[1.046s] [ 79%] [32mBuilding C object CMakeFiles/custom_msgs__rosidl_generator_py.dir/rosidl_generator_py/custom_msgs/msg/_delta_odom_s.c.o[0m
[1.048s] [ 82%] [32mBuilding C object CMakeFiles/custom_msgs__rosidl_generator_py.dir/rosidl_generator_py/custom_msgs/msg/_belief_s.c.o[0m
[1.096s] [ 84%] [32m[1mLinking C shared library rosidl_generator_py/custom_msgs/libcustom_msgs__rosidl_generator_py.so[0m
[1.124s] [ 84%] Built target custom_msgs__rosidl_generator_py
[1.130s] [35m[1mConsolidate compiler generated dependencies of target custom_msgs__rosidl_typesupport_c__pyext[0m
[1.130s] [35m[1mConsolidate compiler generated dependencies of target custom_msgs__rosidl_typesupport_introspection_c__pyext[0m
[1.131s] [35m[1mConsolidate compiler generated dependencies of target custom_msgs__rosidl_typesupport_fastrtps_c__pyext[0m
[1.139s] [ 92%] [32mBuilding C object CMakeFiles/custom_msgs__rosidl_typesupport_c__pyext.dir/rosidl_generator_py/custom_msgs/_custom_msgs_s.ep.rosidl_typesupport_c.c.o[0m
[1.139s] [ 92%] [32mBuilding C object CMakeFiles/custom_msgs__rosidl_typesupport_introspection_c__pyext.dir/rosidl_generator_py/custom_msgs/_custom_msgs_s.ep.rosidl_typesupport_introspection_c.c.o[0m
[1.139s] [ 92%] [32mBuilding C object CMakeFiles/custom_msgs__rosidl_typesupport_fastrtps_c__pyext.dir/rosidl_generator_py/custom_msgs/_custom_msgs_s.ep.rosidl_typesupport_fastrtps_c.c.o[0m
[1.183s] [ 94%] [32m[1mLinking C shared library rosidl_generator_py/custom_msgs/custom_msgs_s__rosidl_typesupport_introspection_c.cpython-310-x86_64-linux-gnu.so[0m
[1.187s] [ 97%] [32m[1mLinking C shared library rosidl_generator_py/custom_msgs/custom_msgs_s__rosidl_typesupport_c.cpython-310-x86_64-linux-gnu.so[0m
[1.188s] [100%] [32m[1mLinking C shared library rosidl_generator_py/custom_msgs/custom_msgs_s__rosidl_typesupport_fastrtps_c.cpython-310-x86_64-linux-gnu.so[0m
[1.207s] [100%] Built target custom_msgs__rosidl_typesupport_introspection_c__pyext
[1.207s] [100%] Built target custom_msgs__rosidl_typesupport_fastrtps_c__pyext
[1.208s] [100%] Built target custom_msgs__rosidl_typesupport_c__pyext
[1.215s] Invoked command in '/home/alumno1/Documents/destroyer_ws/build/custom_msgs' returned '0': CMAKE_PREFIX_PATH=${CMAKE_PREFIX_PATH}:/home/alumno1/turtlebot3_ws/install/turtlebot3_teleop:/home/alumno1/turtlebot3_ws/install/turtlebot3_example:/opt/ros/humble /usr/bin/cmake --build /home/alumno1/Documents/destroyer_ws/build/custom_msgs -- -j28 -l28
[1.221s] Invoking command in '/home/alumno1/Documents/destroyer_ws/build/custom_msgs': CMAKE_PREFIX_PATH=${CMAKE_PREFIX_PATH}:/home/alumno1/turtlebot3_ws/install/turtlebot3_teleop:/home/alumno1/turtlebot3_ws/install/turtlebot3_example:/opt/ros/humble /usr/bin/cmake --install /home/alumno1/Documents/destroyer_ws/build/custom_msgs
[1.226s] -- Install configuration: ""
[1.227s] -- Execute custom install script
[1.227s] -- Up-to-date symlink: /home/alumno1/Documents/destroyer_ws/install/custom_msgs/share/ament_index/resource_index/rosidl_interfaces/custom_msgs
[1.227s] -- Up-to-date symlink: /home/alumno1/Documents/destroyer_ws/install/custom_msgs/include/custom_msgs/custom_msgs/msg/belief.h
[1.227s] -- Up-to-date symlink: /home/alumno1/Documents/destroyer_ws/install/custom_msgs/include/custom_msgs/custom_msgs/msg/delta_odom.h
[1.227s] -- Up-to-date symlink: /home/alumno1/Documents/destroyer_ws/install/custom_msgs/include/custom_msgs/custom_msgs/msg/detail/belief__functions.h
[1.227s] -- Up-to-date symlink: /home/alumno1/Documents/destroyer_ws/install/custom_msgs/include/custom_msgs/custom_msgs/msg/detail/belief__struct.h
[1.227s] -- Up-to-date symlink: /home/alumno1/Documents/destroyer_ws/install/custom_msgs/include/custom_msgs/custom_msgs/msg/detail/belief__type_support.h
[1.227s] -- Up-to-date symlink: /home/alumno1/Documents/destroyer_ws/install/custom_msgs/include/custom_msgs/custom_msgs/msg/detail/delta_odom__functions.h
[1.227s] -- Up-to-date symlink: /home/alumno1/Documents/destroyer_ws/install/custom_msgs/include/custom_msgs/custom_msgs/msg/detail/delta_odom__struct.h
[1.227s] -- Up-to-date symlink: /home/alumno1/Documents/destroyer_ws/install/custom_msgs/include/custom_msgs/custom_msgs/msg/detail/delta_odom__type_support.h
[1.227s] -- Up-to-date symlink: /home/alumno1/Documents/destroyer_ws/install/custom_msgs/include/custom_msgs/custom_msgs/msg/rosidl_generator_c__visibility_control.h
[1.227s] -- Up-to-date symlink: /home/alumno1/Documents/destroyer_ws/install/custom_msgs/share/custom_msgs/environment/library_path.sh
[1.227s] -- Up-to-date symlink: /home/alumno1/Documents/destroyer_ws/install/custom_msgs/share/custom_msgs/environment/library_path.dsv
[1.228s] -- Up-to-date symlink: /home/alumno1/Documents/destroyer_ws/install/custom_msgs/include/custom_msgs/custom_msgs/msg/detail/belief__rosidl_typesupport_fastrtps_c.h
[1.228s] -- Up-to-date symlink: /home/alumno1/Documents/destroyer_ws/install/custom_msgs/include/custom_msgs/custom_msgs/msg/detail/delta_odom__rosidl_typesupport_fastrtps_c.h
[1.228s] -- Up-to-date symlink: /home/alumno1/Documents/destroyer_ws/install/custom_msgs/include/custom_msgs/custom_msgs/msg/rosidl_typesupport_fastrtps_c__visibility_control.h
[1.228s] -- Up-to-date symlink: /home/alumno1/Documents/destroyer_ws/install/custom_msgs/include/custom_msgs/custom_msgs/msg/belief.hpp
[1.228s] -- Up-to-date symlink: /home/alumno1/Documents/destroyer_ws/install/custom_msgs/include/custom_msgs/custom_msgs/msg/delta_odom.hpp
[1.228s] -- Up-to-date symlink: /home/alumno1/Documents/destroyer_ws/install/custom_msgs/include/custom_msgs/custom_msgs/msg/detail/belief__builder.hpp
[1.228s] -- Up-to-date symlink: /home/alumno1/Documents/destroyer_ws/install/custom_msgs/include/custom_msgs/custom_msgs/msg/detail/belief__struct.hpp
[1.228s] -- Up-to-date symlink: /home/alumno1/Documents/destroyer_ws/install/custom_msgs/include/custom_msgs/custom_msgs/msg/detail/belief__traits.hpp
[1.228s] -- Up-to-date symlink: /home/alumno1/Documents/destroyer_ws/install/custom_msgs/include/custom_msgs/custom_msgs/msg/detail/belief__type_support.hpp
[1.228s] -- Up-to-date symlink: /home/alumno1/Documents/destroyer_ws/install/custom_msgs/include/custom_msgs/custom_msgs/msg/detail/delta_odom__builder.hpp
[1.228s] -- Up-to-date symlink: /home/alumno1/Documents/destroyer_ws/install/custom_msgs/include/custom_msgs/custom_msgs/msg/detail/delta_odom__struct.hpp
[1.228s] -- Up-to-date symlink: /home/alumno1/Documents/destroyer_ws/install/custom_msgs/include/custom_msgs/custom_msgs/msg/detail/delta_odom__traits.hpp
[1.228s] -- Up-to-date symlink: /home/alumno1/Documents/destroyer_ws/install/custom_msgs/include/custom_msgs/custom_msgs/msg/detail/delta_odom__type_support.hpp
[1.228s] -- Up-to-date symlink: /home/alumno1/Documents/destroyer_ws/install/custom_msgs/include/custom_msgs/custom_msgs/msg/rosidl_generator_cpp__visibility_control.hpp
[1.228s] -- Up-to-date symlink: /home/alumno1/Documents/destroyer_ws/install/custom_msgs/include/custom_msgs/custom_msgs/msg/detail/belief__rosidl_typesupport_fastrtps_cpp.hpp
[1.228s] -- Up-to-date symlink: /home/alumno1/Documents/destroyer_ws/install/custom_msgs/include/custom_msgs/custom_msgs/msg/detail/delta_odom__rosidl_typesupport_fastrtps_cpp.hpp
[1.228s] -- Up-to-date symlink: /home/alumno1/Documents/destroyer_ws/install/custom_msgs/include/custom_msgs/custom_msgs/msg/rosidl_typesupport_fastrtps_cpp__visibility_control.h
[1.228s] -- Up-to-date symlink: /home/alumno1/Documents/destroyer_ws/install/custom_msgs/include/custom_msgs/custom_msgs/msg/detail/belief__rosidl_typesupport_introspection_c.h
[1.229s] -- Up-to-date symlink: /home/alumno1/Documents/destroyer_ws/install/custom_msgs/include/custom_msgs/custom_msgs/msg/detail/delta_odom__rosidl_typesupport_introspection_c.h
[1.229s] -- Up-to-date symlink: /home/alumno1/Documents/destroyer_ws/install/custom_msgs/include/custom_msgs/custom_msgs/msg/rosidl_typesupport_introspection_c__visibility_control.h
[1.229s] -- Up-to-date symlink: /home/alumno1/Documents/destroyer_ws/install/custom_msgs/include/custom_msgs/custom_msgs/msg/detail/belief__rosidl_typesupport_introspection_cpp.hpp
[1.229s] -- Up-to-date symlink: /home/alumno1/Documents/destroyer_ws/install/custom_msgs/include/custom_msgs/custom_msgs/msg/detail/delta_odom__rosidl_typesupport_introspection_cpp.hpp
[1.229s] -- Up-to-date symlink: /home/alumno1/Documents/destroyer_ws/install/custom_msgs/share/custom_msgs/environment/pythonpath.sh
[1.229s] -- Up-to-date symlink: /home/alumno1/Documents/destroyer_ws/install/custom_msgs/share/custom_msgs/environment/pythonpath.dsv
[1.229s] -- Up-to-date symlink: /home/alumno1/Documents/destroyer_ws/install/custom_msgs/local/lib/python3.10/dist-packages/custom_msgs-0.0.0-py3.10.egg-info/PKG-INFO
[1.229s] -- Up-to-date symlink: /home/alumno1/Documents/destroyer_ws/install/custom_msgs/local/lib/python3.10/dist-packages/custom_msgs-0.0.0-py3.10.egg-info/SOURCES.txt
[1.229s] -- Up-to-date symlink: /home/alumno1/Documents/destroyer_ws/install/custom_msgs/local/lib/python3.10/dist-packages/custom_msgs-0.0.0-py3.10.egg-info/dependency_links.txt
[1.229s] -- Up-to-date symlink: /home/alumno1/Documents/destroyer_ws/install/custom_msgs/local/lib/python3.10/dist-packages/custom_msgs-0.0.0-py3.10.egg-info/top_level.txt
[1.229s] -- Up-to-date symlink: /home/alumno1/Documents/destroyer_ws/install/custom_msgs/local/lib/python3.10/dist-packages/custom_msgs/__init__.py
[1.229s] -- Up-to-date symlink: /home/alumno1/Documents/destroyer_ws/install/custom_msgs/local/lib/python3.10/dist-packages/custom_msgs/_custom_msgs_s.ep.rosidl_typesupport_c.c
[1.229s] -- Up-to-date symlink: /home/alumno1/Documents/destroyer_ws/install/custom_msgs/local/lib/python3.10/dist-packages/custom_msgs/_custom_msgs_s.ep.rosidl_typesupport_fastrtps_c.c
[1.229s] -- Up-to-date symlink: /home/alumno1/Documents/destroyer_ws/install/custom_msgs/local/lib/python3.10/dist-packages/custom_msgs/_custom_msgs_s.ep.rosidl_typesupport_introspection_c.c
[1.229s] -- Up-to-date symlink: /home/alumno1/Documents/destroyer_ws/install/custom_msgs/local/lib/python3.10/dist-packages/custom_msgs/custom_msgs_s__rosidl_typesupport_c.cpython-310-x86_64-linux-gnu.so
[1.229s] -- Up-to-date symlink: /home/alumno1/Documents/destroyer_ws/install/custom_msgs/local/lib/python3.10/dist-packages/custom_msgs/custom_msgs_s__rosidl_typesupport_fastrtps_c.cpython-310-x86_64-linux-gnu.so
[1.229s] -- Up-to-date symlink: /home/alumno1/Documents/destroyer_ws/install/custom_msgs/local/lib/python3.10/dist-packages/custom_msgs/custom_msgs_s__rosidl_typesupport_introspection_c.cpython-310-x86_64-linux-gnu.so
[1.229s] -- Up-to-date symlink: /home/alumno1/Documents/destroyer_ws/install/custom_msgs/local/lib/python3.10/dist-packages/custom_msgs/libcustom_msgs__rosidl_generator_py.so
[1.229s] -- Up-to-date symlink: /home/alumno1/Documents/destroyer_ws/install/custom_msgs/local/lib/python3.10/dist-packages/custom_msgs/msg/__init__.py
[1.230s] -- Up-to-date symlink: /home/alumno1/Documents/destroyer_ws/install/custom_msgs/local/lib/python3.10/dist-packages/custom_msgs/msg/_belief.py
[1.230s] -- Up-to-date symlink: /home/alumno1/Documents/destroyer_ws/install/custom_msgs/local/lib/python3.10/dist-packages/custom_msgs/msg/_belief_s.c
[1.230s] -- Up-to-date symlink: /home/alumno1/Documents/destroyer_ws/install/custom_msgs/local/lib/python3.10/dist-packages/custom_msgs/msg/_delta_odom.py
[1.230s] -- Up-to-date symlink: /home/alumno1/Documents/destroyer_ws/install/custom_msgs/local/lib/python3.10/dist-packages/custom_msgs/msg/_delta_odom_s.c
[1.230s] -- Up-to-date symlink: /home/alumno1/Documents/destroyer_ws/install/custom_msgs/local/lib/python3.10/dist-packages/custom_msgs/custom_msgs_s__rosidl_typesupport_fastrtps_c.cpython-310-x86_64-linux-gnu.so
[1.230s] -- Up-to-date symlink: /home/alumno1/Documents/destroyer_ws/install/custom_msgs/local/lib/python3.10/dist-packages/custom_msgs/custom_msgs_s__rosidl_typesupport_introspection_c.cpython-310-x86_64-linux-gnu.so
[1.230s] -- Up-to-date symlink: /home/alumno1/Documents/destroyer_ws/install/custom_msgs/local/lib/python3.10/dist-packages/custom_msgs/custom_msgs_s__rosidl_typesupport_c.cpython-310-x86_64-linux-gnu.so
[1.230s] -- Up-to-date symlink: /home/alumno1/Documents/destroyer_ws/install/custom_msgs/share/custom_msgs/msg/DeltaOdom.idl
[1.230s] -- Up-to-date symlink: /home/alumno1/Documents/destroyer_ws/install/custom_msgs/share/custom_msgs/msg/Belief.idl
[1.230s] -- Up-to-date symlink: /home/alumno1/Documents/destroyer_ws/install/custom_msgs/share/custom_msgs/msg/DeltaOdom.msg
[1.230s] -- Up-to-date symlink: /home/alumno1/Documents/destroyer_ws/install/custom_msgs/share/custom_msgs/msg/Belief.msg
[1.230s] -- Up-to-date symlink: /home/alumno1/Documents/destroyer_ws/install/custom_msgs/share/ament_index/resource_index/package_run_dependencies/custom_msgs
[1.230s] -- Up-to-date symlink: /home/alumno1/Documents/destroyer_ws/install/custom_msgs/share/ament_index/resource_index/parent_prefix_path/custom_msgs
[1.230s] -- Up-to-date symlink: /home/alumno1/Documents/destroyer_ws/install/custom_msgs/share/custom_msgs/environment/ament_prefix_path.sh
[1.230s] -- Up-to-date symlink: /home/alumno1/Documents/destroyer_ws/install/custom_msgs/share/custom_msgs/environment/ament_prefix_path.dsv
[1.230s] -- Up-to-date symlink: /home/alumno1/Documents/destroyer_ws/install/custom_msgs/share/custom_msgs/environment/path.sh
[1.230s] -- Up-to-date symlink: /home/alumno1/Documents/destroyer_ws/install/custom_msgs/share/custom_msgs/environment/path.dsv
[1.230s] -- Up-to-date symlink: /home/alumno1/Documents/destroyer_ws/install/custom_msgs/share/custom_msgs/local_setup.bash
[1.231s] -- Up-to-date symlink: /home/alumno1/Documents/destroyer_ws/install/custom_msgs/share/custom_msgs/local_setup.sh
[1.231s] -- Up-to-date symlink: /home/alumno1/Documents/destroyer_ws/install/custom_msgs/share/custom_msgs/local_setup.zsh
[1.231s] -- Up-to-date symlink: /home/alumno1/Documents/destroyer_ws/install/custom_msgs/share/custom_msgs/local_setup.dsv
[1.231s] -- Symlinking: /home/alumno1/Documents/destroyer_ws/install/custom_msgs/share/custom_msgs/package.dsv
[1.235s] -- Up-to-date symlink: /home/alumno1/Documents/destroyer_ws/install/custom_msgs/share/ament_index/resource_index/packages/custom_msgs
[1.235s] -- Up-to-date symlink: /home/alumno1/Documents/destroyer_ws/install/custom_msgs/share/custom_msgs/cmake/rosidl_cmake-extras.cmake
[1.235s] -- Up-to-date symlink: /home/alumno1/Documents/destroyer_ws/install/custom_msgs/share/custom_msgs/cmake/ament_cmake_export_dependencies-extras.cmake
[1.235s] -- Up-to-date symlink: /home/alumno1/Documents/destroyer_ws/install/custom_msgs/share/custom_msgs/cmake/ament_cmake_export_include_directories-extras.cmake
[1.235s] -- Up-to-date symlink: /home/alumno1/Documents/destroyer_ws/install/custom_msgs/share/custom_msgs/cmake/ament_cmake_export_libraries-extras.cmake
[1.235s] -- Up-to-date symlink: /home/alumno1/Documents/destroyer_ws/install/custom_msgs/share/custom_msgs/cmake/ament_cmake_export_targets-extras.cmake
[1.235s] -- Up-to-date symlink: /home/alumno1/Documents/destroyer_ws/install/custom_msgs/share/custom_msgs/cmake/rosidl_cmake_export_typesupport_targets-extras.cmake
[1.235s] -- Up-to-date symlink: /home/alumno1/Documents/destroyer_ws/install/custom_msgs/share/custom_msgs/cmake/rosidl_cmake_export_typesupport_libraries-extras.cmake
[1.235s] -- Up-to-date symlink: /home/alumno1/Documents/destroyer_ws/install/custom_msgs/share/custom_msgs/cmake/custom_msgsConfig.cmake
[1.235s] -- Up-to-date symlink: /home/alumno1/Documents/destroyer_ws/install/custom_msgs/share/custom_msgs/cmake/custom_msgsConfig-version.cmake
[1.235s] -- Up-to-date symlink: /home/alumno1/Documents/destroyer_ws/install/custom_msgs/share/custom_msgs/package.xml
[1.235s] -- Installing: /home/alumno1/Documents/destroyer_ws/install/custom_msgs/lib/libcustom_msgs__rosidl_generator_c.so
[1.236s] -- Set runtime path of "/home/alumno1/Documents/destroyer_ws/install/custom_msgs/lib/libcustom_msgs__rosidl_generator_c.so" to ""
[1.236s] -- Installing: /home/alumno1/Documents/destroyer_ws/install/custom_msgs/lib/libcustom_msgs__rosidl_typesupport_fastrtps_c.so
[1.236s] -- Set runtime path of "/home/alumno1/Documents/destroyer_ws/install/custom_msgs/lib/libcustom_msgs__rosidl_typesupport_fastrtps_c.so" to ""
[1.236s] -- Installing: /home/alumno1/Documents/destroyer_ws/install/custom_msgs/lib/libcustom_msgs__rosidl_typesupport_fastrtps_cpp.so
[1.236s] -- Set runtime path of "/home/alumno1/Documents/destroyer_ws/install/custom_msgs/lib/libcustom_msgs__rosidl_typesupport_fastrtps_cpp.so" to ""
[1.236s] -- Installing: /home/alumno1/Documents/destroyer_ws/install/custom_msgs/lib/libcustom_msgs__rosidl_typesupport_introspection_c.so
[1.236s] -- Set runtime path of "/home/alumno1/Documents/destroyer_ws/install/custom_msgs/lib/libcustom_msgs__rosidl_typesupport_introspection_c.so" to ""
[1.236s] -- Installing: /home/alumno1/Documents/destroyer_ws/install/custom_msgs/lib/libcustom_msgs__rosidl_typesupport_c.so
[1.236s] -- Set runtime path of "/home/alumno1/Documents/destroyer_ws/install/custom_msgs/lib/libcustom_msgs__rosidl_typesupport_c.so" to ""
[1.236s] -- Installing: /home/alumno1/Documents/destroyer_ws/install/custom_msgs/lib/libcustom_msgs__rosidl_typesupport_introspection_cpp.so
[1.236s] -- Set runtime path of "/home/alumno1/Documents/destroyer_ws/install/custom_msgs/lib/libcustom_msgs__rosidl_typesupport_introspection_cpp.so" to ""
[1.236s] -- Installing: /home/alumno1/Documents/destroyer_ws/install/custom_msgs/lib/libcustom_msgs__rosidl_typesupport_cpp.so
[1.237s] -- Set runtime path of "/home/alumno1/Documents/destroyer_ws/install/custom_msgs/lib/libcustom_msgs__rosidl_typesupport_cpp.so" to ""
[1.254s] Listing '/home/alumno1/Documents/destroyer_ws/install/custom_msgs/local/lib/python3.10/dist-packages/custom_msgs'...
[1.254s] Compiling '/home/alumno1/Documents/destroyer_ws/install/custom_msgs/local/lib/python3.10/dist-packages/custom_msgs/__init__.py'...
[1.254s] Listing '/home/alumno1/Documents/destroyer_ws/install/custom_msgs/local/lib/python3.10/dist-packages/custom_msgs/msg'...
[1.254s] Compiling '/home/alumno1/Documents/destroyer_ws/install/custom_msgs/local/lib/python3.10/dist-packages/custom_msgs/msg/__init__.py'...
[1.254s] Compiling '/home/alumno1/Documents/destroyer_ws/install/custom_msgs/local/lib/python3.10/dist-packages/custom_msgs/msg/_belief.py'...
[1.254s] Compiling '/home/alumno1/Documents/destroyer_ws/install/custom_msgs/local/lib/python3.10/dist-packages/custom_msgs/msg/_delta_odom.py'...
[1.257s] -- Installing: /home/alumno1/Documents/destroyer_ws/install/custom_msgs/lib/libcustom_msgs__rosidl_generator_py.so
[1.257s] -- Set runtime path of "/home/alumno1/Documents/destroyer_ws/install/custom_msgs/lib/libcustom_msgs__rosidl_generator_py.so" to ""
[1.257s] -- Up-to-date: /home/alumno1/Documents/destroyer_ws/install/custom_msgs/share/custom_msgs/cmake/export_custom_msgs__rosidl_generator_cExport.cmake
[1.257s] -- Up-to-date: /home/alumno1/Documents/destroyer_ws/install/custom_msgs/share/custom_msgs/cmake/export_custom_msgs__rosidl_generator_cExport-noconfig.cmake
[1.257s] -- Up-to-date: /home/alumno1/Documents/destroyer_ws/install/custom_msgs/share/custom_msgs/cmake/export_custom_msgs__rosidl_typesupport_fastrtps_cExport.cmake
[1.257s] -- Up-to-date: /home/alumno1/Documents/destroyer_ws/install/custom_msgs/share/custom_msgs/cmake/export_custom_msgs__rosidl_typesupport_fastrtps_cExport-noconfig.cmake
[1.257s] -- Up-to-date: /home/alumno1/Documents/destroyer_ws/install/custom_msgs/share/custom_msgs/cmake/export_custom_msgs__rosidl_generator_cppExport.cmake
[1.257s] -- Up-to-date: /home/alumno1/Documents/destroyer_ws/install/custom_msgs/share/custom_msgs/cmake/export_custom_msgs__rosidl_typesupport_fastrtps_cppExport.cmake
[1.257s] -- Up-to-date: /home/alumno1/Documents/destroyer_ws/install/custom_msgs/share/custom_msgs/cmake/export_custom_msgs__rosidl_typesupport_fastrtps_cppExport-noconfig.cmake
[1.257s] -- Up-to-date: /home/alumno1/Documents/destroyer_ws/install/custom_msgs/share/custom_msgs/cmake/custom_msgs__rosidl_typesupport_introspection_cExport.cmake
[1.257s] -- Up-to-date: /home/alumno1/Documents/destroyer_ws/install/custom_msgs/share/custom_msgs/cmake/custom_msgs__rosidl_typesupport_introspection_cExport-noconfig.cmake
[1.257s] -- Up-to-date: /home/alumno1/Documents/destroyer_ws/install/custom_msgs/share/custom_msgs/cmake/custom_msgs__rosidl_typesupport_cExport.cmake
[1.257s] -- Up-to-date: /home/alumno1/Documents/destroyer_ws/install/custom_msgs/share/custom_msgs/cmake/custom_msgs__rosidl_typesupport_cExport-noconfig.cmake
[1.257s] -- Up-to-date: /home/alumno1/Documents/destroyer_ws/install/custom_msgs/share/custom_msgs/cmake/custom_msgs__rosidl_typesupport_introspection_cppExport.cmake
[1.257s] -- Up-to-date: /home/alumno1/Documents/destroyer_ws/install/custom_msgs/share/custom_msgs/cmake/custom_msgs__rosidl_typesupport_introspection_cppExport-noconfig.cmake
[1.257s] -- Up-to-date: /home/alumno1/Documents/destroyer_ws/install/custom_msgs/share/custom_msgs/cmake/custom_msgs__rosidl_typesupport_cppExport.cmake
[1.257s] -- Up-to-date: /home/alumno1/Documents/destroyer_ws/install/custom_msgs/share/custom_msgs/cmake/custom_msgs__rosidl_typesupport_cppExport-noconfig.cmake
[1.257s] -- Up-to-date: /home/alumno1/Documents/destroyer_ws/install/custom_msgs/share/custom_msgs/cmake/export_custom_msgs__rosidl_generator_pyExport.cmake
[1.257s] -- Up-to-date: /home/alumno1/Documents/destroyer_ws/install/custom_msgs/share/custom_msgs/cmake/export_custom_msgs__rosidl_generator_pyExport-noconfig.cmake
[1.259s] Invoked command in '/home/alumno1/Documents/destroyer_ws/build/custom_msgs' returned '0': CMAKE_PREFIX_PATH=${CMAKE_PREFIX_PATH}:/home/alumno1/turtlebot3_ws/install/turtlebot3_teleop:/home/alumno1/turtlebot3_ws/install/turtlebot3_example:/opt/ros/humble /usr/bin/cmake --install /home/alumno1/Documents/destroyer_ws/build/custom_msgs
