[35m[1mConsolidate compiler generated dependencies of target grid_fastslam_node[0m
[ 33%] [32mBuilding CXX object CMakeFiles/grid_fastslam_node.dir/src/grid_fastslam.cpp.o[0m
[ 66%] [32mBuilding CXX object CMakeFiles/grid_fastslam_node.dir/src/main.cpp.o[0m
[01m[K/home/admlinar/Documents/destroyer_ws/src/grid_fastslam/src/grid_fastslam.cpp:[m[K In member function ‘[01m[Kvoid grid_fastslam::GridFastSlam::update_grid(grid_fastslam::Particle&, sensor_msgs::msg::LaserScan_<std::allocator<void> >::SharedPtr)[m[K’:
[01m[K/home/admlinar/Documents/destroyer_ws/src/grid_fastslam/src/grid_fastslam.cpp:236:13:[m[K [01;35m[Kwarning: [m[Kvariable ‘[01m[Klast_r[m[K’ set but not used [[01;35m[K]8;;https://gcc.gnu.org/onlinedocs/gcc/Warning-Options.html#index-Wunused-but-set-variable-Wunused-but-set-variable]8;;[m[K]
  236 |         int [01;35m[Klast_r[m[K = -1000;
      |             [01;35m[K^~~~~~[m[K
[01m[K/home/admlinar/Documents/destroyer_ws/src/grid_fastslam/src/grid_fastslam.cpp:237:13:[m[K [01;35m[Kwarning: [m[Kvariable ‘[01m[Klast_c[m[K’ set but not used [[01;35m[K]8;;https://gcc.gnu.org/onlinedocs/gcc/Warning-Options.html#index-Wunused-but-set-variable-Wunused-but-set-variable]8;;[m[K]
  237 |         int [01;35m[Klast_c[m[K = -1000;
      |             [01;35m[K^~~~~~[m[K
[100%] [32m[1mLinking CXX executable grid_fastslam_node[0m
[100%] Built target grid_fastslam_node
-- Install configuration: ""
-- Installing: /home/admlinar/Documents/destroyer_ws/install/grid_fastslam/lib/grid_fastslam/grid_fastslam_node
-- Set runtime path of "/home/admlinar/Documents/destroyer_ws/install/grid_fastslam/lib/grid_fastslam/grid_fastslam_node" to ""
-- Up-to-date: /home/admlinar/Documents/destroyer_ws/install/grid_fastslam/include/
-- Up-to-date: /home/admlinar/Documents/destroyer_ws/install/grid_fastslam/include//grid_fastslam
-- Installing: /home/admlinar/Documents/destroyer_ws/install/grid_fastslam/include//grid_fastslam/grid_fastslam.hpp
-- Up-to-date: /home/admlinar/Documents/destroyer_ws/install/grid_fastslam/share/grid_fastslam/launch
-- Up-to-date: /home/admlinar/Documents/destroyer_ws/install/grid_fastslam/share/grid_fastslam/launch/fastslam.launch.py
-- Up-to-date: /home/admlinar/Documents/destroyer_ws/install/grid_fastslam/share/grid_fastslam/rviz
-- Up-to-date: /home/admlinar/Documents/destroyer_ws/install/grid_fastslam/share/grid_fastslam/rviz/fastslam.rviz
-- Up-to-date: /home/admlinar/Documents/destroyer_ws/install/grid_fastslam/share/ament_index/resource_index/package_run_dependencies/grid_fastslam
-- Up-to-date: /home/admlinar/Documents/destroyer_ws/install/grid_fastslam/share/ament_index/resource_index/parent_prefix_path/grid_fastslam
-- Up-to-date: /home/admlinar/Documents/destroyer_ws/install/grid_fastslam/share/grid_fastslam/environment/ament_prefix_path.sh
-- Up-to-date: /home/admlinar/Documents/destroyer_ws/install/grid_fastslam/share/grid_fastslam/environment/ament_prefix_path.dsv
-- Up-to-date: /home/admlinar/Documents/destroyer_ws/install/grid_fastslam/share/grid_fastslam/environment/path.sh
-- Up-to-date: /home/admlinar/Documents/destroyer_ws/install/grid_fastslam/share/grid_fastslam/environment/path.dsv
-- Up-to-date: /home/admlinar/Documents/destroyer_ws/install/grid_fastslam/share/grid_fastslam/local_setup.bash
-- Up-to-date: /home/admlinar/Documents/destroyer_ws/install/grid_fastslam/share/grid_fastslam/local_setup.sh
-- Up-to-date: /home/admlinar/Documents/destroyer_ws/install/grid_fastslam/share/grid_fastslam/local_setup.zsh
-- Up-to-date: /home/admlinar/Documents/destroyer_ws/install/grid_fastslam/share/grid_fastslam/local_setup.dsv
-- Installing: /home/admlinar/Documents/destroyer_ws/install/grid_fastslam/share/grid_fastslam/package.dsv
-- Up-to-date: /home/admlinar/Documents/destroyer_ws/install/grid_fastslam/share/ament_index/resource_index/packages/grid_fastslam
-- Up-to-date: /home/admlinar/Documents/destroyer_ws/install/grid_fastslam/share/grid_fastslam/cmake/grid_fastslamConfig.cmake
-- Up-to-date: /home/admlinar/Documents/destroyer_ws/install/grid_fastslam/share/grid_fastslam/cmake/grid_fastslamConfig-version.cmake
-- Up-to-date: /home/admlinar/Documents/destroyer_ws/install/grid_fastslam/share/grid_fastslam/package.xml
