[0.287s] Invoking command in '/home/juan/Documents/fundamentos_robotica/destroyer_ws/build/turtlebot3_custom_simulation': CMAKE_PREFIX_PATH=${CMAKE_PREFIX_PATH}:/home/juan/Documents/fundamentos_robotica/ws/install/ubicate_nene:/home/juan/Documents/fundamentos_robotica/ws/install/paquete1:/home/juan/Documents/fundamentos_robotica/ws/install/no_te_choques:/home/juan/Documents/fundamentos_robotica/ws/install/custom_code:/opt/ros/humble /usr/bin/cmake --build /home/juan/Documents/fundamentos_robotica/destroyer_ws/build/turtlebot3_custom_simulation -- -j12 -l12
[0.356s] [100%] Built target turtlebot3_custom_simulation
[0.370s] Invoked command in '/home/juan/Documents/fundamentos_robotica/destroyer_ws/build/turtlebot3_custom_simulation' returned '0': CMAKE_PREFIX_PATH=${CMAKE_PREFIX_PATH}:/home/juan/Documents/fundamentos_robotica/ws/install/ubicate_nene:/home/juan/Documents/fundamentos_robotica/ws/install/paquete1:/home/juan/Documents/fundamentos_robotica/ws/install/no_te_choques:/home/juan/Documents/fundamentos_robotica/ws/install/custom_code:/opt/ros/humble /usr/bin/cmake --build /home/juan/Documents/fundamentos_robotica/destroyer_ws/build/turtlebot3_custom_simulation -- -j12 -l12
[0.382s] Invoking command in '/home/juan/Documents/fundamentos_robotica/destroyer_ws/build/turtlebot3_custom_simulation': CMAKE_PREFIX_PATH=${CMAKE_PREFIX_PATH}:/home/juan/Documents/fundamentos_robotica/ws/install/ubicate_nene:/home/juan/Documents/fundamentos_robotica/ws/install/paquete1:/home/juan/Documents/fundamentos_robotica/ws/install/no_te_choques:/home/juan/Documents/fundamentos_robotica/ws/install/custom_code:/opt/ros/humble /usr/bin/cmake --install /home/juan/Documents/fundamentos_robotica/destroyer_ws/build/turtlebot3_custom_simulation
[0.390s] -- Install configuration: ""
[0.391s] -- Up-to-date: /home/juan/Documents/fundamentos_robotica/destroyer_ws/install/turtlebot3_custom_simulation/lib/turtlebot3_custom_simulation/turtlebot3_custom_simulation
[0.391s] -- Up-to-date: /home/juan/Documents/fundamentos_robotica/destroyer_ws/install/turtlebot3_custom_simulation/share/turtlebot3_custom_simulation/launch
[0.391s] -- Up-to-date: /home/juan/Documents/fundamentos_robotica/destroyer_ws/install/turtlebot3_custom_simulation/share/turtlebot3_custom_simulation/launch/custom_room.launch.py
[0.391s] -- Up-to-date: /home/juan/Documents/fundamentos_robotica/destroyer_ws/install/turtlebot3_custom_simulation/share/turtlebot3_custom_simulation/launch/custom_casa_obs.launch.py
[0.391s] -- Up-to-date: /home/juan/Documents/fundamentos_robotica/destroyer_ws/install/turtlebot3_custom_simulation/share/turtlebot3_custom_simulation/launch/custom_maze.launch.py
[0.391s] -- Up-to-date: /home/juan/Documents/fundamentos_robotica/destroyer_ws/install/turtlebot3_custom_simulation/share/turtlebot3_custom_simulation/launch/custom_casa.launch.py
[0.391s] -- Up-to-date: /home/juan/Documents/fundamentos_robotica/destroyer_ws/install/turtlebot3_custom_simulation/share/turtlebot3_custom_simulation/launch/custom_simulation.launch.py
[0.391s] -- Up-to-date: /home/juan/Documents/fundamentos_robotica/destroyer_ws/install/turtlebot3_custom_simulation/share/turtlebot3_custom_simulation/launch/custom_casa_obs2.launch.py
[0.392s] -- Up-to-date: /home/juan/Documents/fundamentos_robotica/destroyer_ws/install/turtlebot3_custom_simulation/share/turtlebot3_custom_simulation/param
[0.392s] -- Up-to-date: /home/juan/Documents/fundamentos_robotica/destroyer_ws/install/turtlebot3_custom_simulation/share/turtlebot3_custom_simulation/param/burger.yaml
[0.392s] -- Up-to-date: /home/juan/Documents/fundamentos_robotica/destroyer_ws/install/turtlebot3_custom_simulation/share/turtlebot3_custom_simulation/worlds
[0.392s] -- Up-to-date: /home/juan/Documents/fundamentos_robotica/destroyer_ws/install/turtlebot3_custom_simulation/share/turtlebot3_custom_simulation/worlds/casa_obs2.world
[0.392s] -- Up-to-date: /home/juan/Documents/fundamentos_robotica/destroyer_ws/install/turtlebot3_custom_simulation/share/turtlebot3_custom_simulation/worlds/Armchair
[0.392s] -- Up-to-date: /home/juan/Documents/fundamentos_robotica/destroyer_ws/install/turtlebot3_custom_simulation/share/turtlebot3_custom_simulation/worlds/Armchair/model.sdf
[0.392s] -- Up-to-date: /home/juan/Documents/fundamentos_robotica/destroyer_ws/install/turtlebot3_custom_simulation/share/turtlebot3_custom_simulation/worlds/Armchair/model.config
[0.392s] -- Up-to-date: /home/juan/Documents/fundamentos_robotica/destroyer_ws/install/turtlebot3_custom_simulation/share/turtlebot3_custom_simulation/worlds/Walls
[0.392s] -- Up-to-date: /home/juan/Documents/fundamentos_robotica/destroyer_ws/install/turtlebot3_custom_simulation/share/turtlebot3_custom_simulation/worlds/Walls/model.sdf
[0.393s] -- Up-to-date: /home/juan/Documents/fundamentos_robotica/destroyer_ws/install/turtlebot3_custom_simulation/share/turtlebot3_custom_simulation/worlds/Walls/model.config
[0.393s] -- Up-to-date: /home/juan/Documents/fundamentos_robotica/destroyer_ws/install/turtlebot3_custom_simulation/share/turtlebot3_custom_simulation/worlds/slippery.world
[0.393s] -- Up-to-date: /home/juan/Documents/fundamentos_robotica/destroyer_ws/install/turtlebot3_custom_simulation/share/turtlebot3_custom_simulation/worlds/map
[0.393s] -- Up-to-date: /home/juan/Documents/fundamentos_robotica/destroyer_ws/install/turtlebot3_custom_simulation/share/turtlebot3_custom_simulation/worlds/map/map.pgm
[0.393s] -- Up-to-date: /home/juan/Documents/fundamentos_robotica/destroyer_ws/install/turtlebot3_custom_simulation/share/turtlebot3_custom_simulation/worlds/map/map.yaml
[0.393s] -- Up-to-date: /home/juan/Documents/fundamentos_robotica/destroyer_ws/install/turtlebot3_custom_simulation/share/turtlebot3_custom_simulation/worlds/HospitalBot
[0.393s] -- Up-to-date: /home/juan/Documents/fundamentos_robotica/destroyer_ws/install/turtlebot3_custom_simulation/share/turtlebot3_custom_simulation/worlds/HospitalBot/model.sdf
[0.393s] -- Up-to-date: /home/juan/Documents/fundamentos_robotica/destroyer_ws/install/turtlebot3_custom_simulation/share/turtlebot3_custom_simulation/worlds/HospitalBot/model.config
[0.393s] -- Up-to-date: /home/juan/Documents/fundamentos_robotica/destroyer_ws/install/turtlebot3_custom_simulation/share/turtlebot3_custom_simulation/worlds/casa_o.world
[0.393s] -- Up-to-date: /home/juan/Documents/fundamentos_robotica/destroyer_ws/install/turtlebot3_custom_simulation/share/turtlebot3_custom_simulation/worlds/Suitcase2H
[0.393s] -- Up-to-date: /home/juan/Documents/fundamentos_robotica/destroyer_ws/install/turtlebot3_custom_simulation/share/turtlebot3_custom_simulation/worlds/Suitcase2H/model.sdf
[0.394s] -- Up-to-date: /home/juan/Documents/fundamentos_robotica/destroyer_ws/install/turtlebot3_custom_simulation/share/turtlebot3_custom_simulation/worlds/Suitcase2H/model.config
[0.394s] -- Up-to-date: /home/juan/Documents/fundamentos_robotica/destroyer_ws/install/turtlebot3_custom_simulation/share/turtlebot3_custom_simulation/worlds/casa_obs.world
[0.394s] -- Up-to-date: /home/juan/Documents/fundamentos_robotica/destroyer_ws/install/turtlebot3_custom_simulation/share/turtlebot3_custom_simulation/worlds/maze.world
[0.394s] -- Up-to-date: /home/juan/Documents/fundamentos_robotica/destroyer_ws/install/turtlebot3_custom_simulation/share/turtlebot3_custom_simulation/worlds/casa.world
[0.394s] -- Up-to-date: /home/juan/Documents/fundamentos_robotica/destroyer_ws/install/turtlebot3_custom_simulation/share/turtlebot3_custom_simulation/worlds/Suitcase1
[0.394s] -- Up-to-date: /home/juan/Documents/fundamentos_robotica/destroyer_ws/install/turtlebot3_custom_simulation/share/turtlebot3_custom_simulation/worlds/Suitcase1/model.sdf
[0.394s] -- Up-to-date: /home/juan/Documents/fundamentos_robotica/destroyer_ws/install/turtlebot3_custom_simulation/share/turtlebot3_custom_simulation/worlds/Suitcase1/model.config
[0.394s] -- Up-to-date: /home/juan/Documents/fundamentos_robotica/destroyer_ws/install/turtlebot3_custom_simulation/share/turtlebot3_custom_simulation/worlds/room.world
[0.394s] -- Up-to-date: /home/juan/Documents/fundamentos_robotica/destroyer_ws/install/turtlebot3_custom_simulation/share/turtlebot3_custom_simulation/worlds/Sofa
[0.394s] -- Up-to-date: /home/juan/Documents/fundamentos_robotica/destroyer_ws/install/turtlebot3_custom_simulation/share/turtlebot3_custom_simulation/worlds/Sofa/model.sdf
[0.394s] -- Up-to-date: /home/juan/Documents/fundamentos_robotica/destroyer_ws/install/turtlebot3_custom_simulation/share/turtlebot3_custom_simulation/worlds/Sofa/model.config
[0.394s] -- Up-to-date: /home/juan/Documents/fundamentos_robotica/destroyer_ws/install/turtlebot3_custom_simulation/include/
[0.394s] -- Up-to-date: /home/juan/Documents/fundamentos_robotica/destroyer_ws/install/turtlebot3_custom_simulation/include//turtlebot3_custom_simulation
[0.395s] -- Up-to-date: /home/juan/Documents/fundamentos_robotica/destroyer_ws/install/turtlebot3_custom_simulation/include//turtlebot3_custom_simulation/turtlebot3_custom_simulation.hpp
[0.395s] -- Up-to-date: /home/juan/Documents/fundamentos_robotica/destroyer_ws/install/turtlebot3_custom_simulation/share/ament_index/resource_index/package_run_dependencies/turtlebot3_custom_simulation
[0.395s] -- Up-to-date: /home/juan/Documents/fundamentos_robotica/destroyer_ws/install/turtlebot3_custom_simulation/share/ament_index/resource_index/parent_prefix_path/turtlebot3_custom_simulation
[0.395s] -- Up-to-date: /home/juan/Documents/fundamentos_robotica/destroyer_ws/install/turtlebot3_custom_simulation/share/turtlebot3_custom_simulation/environment/ament_prefix_path.sh
[0.395s] -- Up-to-date: /home/juan/Documents/fundamentos_robotica/destroyer_ws/install/turtlebot3_custom_simulation/share/turtlebot3_custom_simulation/environment/ament_prefix_path.dsv
[0.395s] -- Up-to-date: /home/juan/Documents/fundamentos_robotica/destroyer_ws/install/turtlebot3_custom_simulation/share/turtlebot3_custom_simulation/environment/path.sh
[0.395s] -- Up-to-date: /home/juan/Documents/fundamentos_robotica/destroyer_ws/install/turtlebot3_custom_simulation/share/turtlebot3_custom_simulation/environment/path.dsv
[0.395s] -- Up-to-date: /home/juan/Documents/fundamentos_robotica/destroyer_ws/install/turtlebot3_custom_simulation/share/turtlebot3_custom_simulation/local_setup.bash
[0.395s] -- Up-to-date: /home/juan/Documents/fundamentos_robotica/destroyer_ws/install/turtlebot3_custom_simulation/share/turtlebot3_custom_simulation/local_setup.sh
[0.395s] -- Up-to-date: /home/juan/Documents/fundamentos_robotica/destroyer_ws/install/turtlebot3_custom_simulation/share/turtlebot3_custom_simulation/local_setup.zsh
[0.395s] -- Up-to-date: /home/juan/Documents/fundamentos_robotica/destroyer_ws/install/turtlebot3_custom_simulation/share/turtlebot3_custom_simulation/local_setup.dsv
[0.395s] -- Installing: /home/juan/Documents/fundamentos_robotica/destroyer_ws/install/turtlebot3_custom_simulation/share/turtlebot3_custom_simulation/package.dsv
[0.395s] -- Up-to-date: /home/juan/Documents/fundamentos_robotica/destroyer_ws/install/turtlebot3_custom_simulation/share/ament_index/resource_index/packages/turtlebot3_custom_simulation
[0.395s] -- Up-to-date: /home/juan/Documents/fundamentos_robotica/destroyer_ws/install/turtlebot3_custom_simulation/share/turtlebot3_custom_simulation/cmake/ament_cmake_export_include_directories-extras.cmake
[0.395s] -- Up-to-date: /home/juan/Documents/fundamentos_robotica/destroyer_ws/install/turtlebot3_custom_simulation/share/turtlebot3_custom_simulation/cmake/ament_cmake_export_dependencies-extras.cmake
[0.396s] -- Up-to-date: /home/juan/Documents/fundamentos_robotica/destroyer_ws/install/turtlebot3_custom_simulation/share/turtlebot3_custom_simulation/cmake/turtlebot3_custom_simulationConfig.cmake
[0.396s] -- Up-to-date: /home/juan/Documents/fundamentos_robotica/destroyer_ws/install/turtlebot3_custom_simulation/share/turtlebot3_custom_simulation/cmake/turtlebot3_custom_simulationConfig-version.cmake
[0.396s] -- Up-to-date: /home/juan/Documents/fundamentos_robotica/destroyer_ws/install/turtlebot3_custom_simulation/share/turtlebot3_custom_simulation/package.xml
[0.397s] Invoked command in '/home/juan/Documents/fundamentos_robotica/destroyer_ws/build/turtlebot3_custom_simulation' returned '0': CMAKE_PREFIX_PATH=${CMAKE_PREFIX_PATH}:/home/juan/Documents/fundamentos_robotica/ws/install/ubicate_nene:/home/juan/Documents/fundamentos_robotica/ws/install/paquete1:/home/juan/Documents/fundamentos_robotica/ws/install/no_te_choques:/home/juan/Documents/fundamentos_robotica/ws/install/custom_code:/opt/ros/humble /usr/bin/cmake --install /home/juan/Documents/fundamentos_robotica/destroyer_ws/build/turtlebot3_custom_simulation
