[0.062s] Invoking command in '/home/juan/Documents/fundamentos_robotica/destroyer_ws/build/custom_msgs': CMAKE_PREFIX_PATH=${CMAKE_PREFIX_PATH}:/home/juan/Documents/fundamentos_robotica/ws/install/ubicate_nene:/home/juan/Documents/fundamentos_robotica/ws/install/paquete1:/home/juan/Documents/fundamentos_robotica/ws/install/no_te_choques:/home/juan/Documents/fundamentos_robotica/ws/install/custom_code:/opt/ros/humble /usr/bin/cmake --build /home/juan/Documents/fundamentos_robotica/destroyer_ws/build/custom_msgs -- -j12 -l12
[0.823s] [  2%] Built target custom_msgs__cpp
[0.823s] [ 12%] Built target custom_msgs__rosidl_generator_c
[0.824s] [ 12%] Built target ament_cmake_python_copy_custom_msgs
[0.824s] [ 28%] Built target custom_msgs__rosidl_typesupport_cpp
[0.824s] [ 33%] Built target custom_msgs__rosidl_typesupport_fastrtps_cpp
[0.824s] [ 43%] Built target custom_msgs__rosidl_typesupport_introspection_cpp
[0.824s] [ 53%] Built target custom_msgs__rosidl_typesupport_introspection_c
[0.824s] [ 64%] Built target custom_msgs__rosidl_typesupport_fastrtps_c
[0.824s] [ 74%] Built target custom_msgs__rosidl_typesupport_c
[0.825s] [ 74%] Built target custom_msgs
[0.825s] [ 76%] Built target custom_msgs__py
[0.825s] [ 84%] Built target custom_msgs__rosidl_generator_py
[0.825s] [ 89%] Built target custom_msgs__rosidl_typesupport_fastrtps_c__pyext
[0.825s] [100%] Built target custom_msgs__rosidl_typesupport_c__pyext
[0.825s] [100%] Built target custom_msgs__rosidl_typesupport_introspection_c__pyext
[1.011s] running egg_info
[1.013s] writing custom_msgs.egg-info/PKG-INFO
[1.013s] writing dependency_links to custom_msgs.egg-info/dependency_links.txt
[1.014s] writing top-level names to custom_msgs.egg-info/top_level.txt
[1.021s] reading manifest file 'custom_msgs.egg-info/SOURCES.txt'
[1.022s] writing manifest file 'custom_msgs.egg-info/SOURCES.txt'
[1.112s] [100%] Built target ament_cmake_python_build_custom_msgs_egg
[1.148s] Invoked command in '/home/juan/Documents/fundamentos_robotica/destroyer_ws/build/custom_msgs' returned '0': CMAKE_PREFIX_PATH=${CMAKE_PREFIX_PATH}:/home/juan/Documents/fundamentos_robotica/ws/install/ubicate_nene:/home/juan/Documents/fundamentos_robotica/ws/install/paquete1:/home/juan/Documents/fundamentos_robotica/ws/install/no_te_choques:/home/juan/Documents/fundamentos_robotica/ws/install/custom_code:/opt/ros/humble /usr/bin/cmake --build /home/juan/Documents/fundamentos_robotica/destroyer_ws/build/custom_msgs -- -j12 -l12
[1.152s] Invoking command in '/home/juan/Documents/fundamentos_robotica/destroyer_ws/build/custom_msgs': CMAKE_PREFIX_PATH=${CMAKE_PREFIX_PATH}:/home/juan/Documents/fundamentos_robotica/ws/install/ubicate_nene:/home/juan/Documents/fundamentos_robotica/ws/install/paquete1:/home/juan/Documents/fundamentos_robotica/ws/install/no_te_choques:/home/juan/Documents/fundamentos_robotica/ws/install/custom_code:/opt/ros/humble /usr/bin/cmake --install /home/juan/Documents/fundamentos_robotica/destroyer_ws/build/custom_msgs
[1.180s] -- Install configuration: ""
[1.181s] -- Up-to-date: /home/juan/Documents/fundamentos_robotica/destroyer_ws/install/custom_msgs/share/ament_index/resource_index/rosidl_interfaces/custom_msgs
[1.182s] -- Up-to-date: /home/juan/Documents/fundamentos_robotica/destroyer_ws/install/custom_msgs/include/custom_msgs/custom_msgs
[1.183s] -- Up-to-date: /home/juan/Documents/fundamentos_robotica/destroyer_ws/install/custom_msgs/include/custom_msgs/custom_msgs/msg
[1.183s] -- Up-to-date: /home/juan/Documents/fundamentos_robotica/destroyer_ws/install/custom_msgs/include/custom_msgs/custom_msgs/msg/belief.h
[1.183s] -- Up-to-date: /home/juan/Documents/fundamentos_robotica/destroyer_ws/install/custom_msgs/include/custom_msgs/custom_msgs/msg/detail
[1.183s] -- Up-to-date: /home/juan/Documents/fundamentos_robotica/destroyer_ws/install/custom_msgs/include/custom_msgs/custom_msgs/msg/detail/belief__type_support.h
[1.184s] -- Up-to-date: /home/juan/Documents/fundamentos_robotica/destroyer_ws/install/custom_msgs/include/custom_msgs/custom_msgs/msg/detail/belief__struct.h
[1.184s] -- Up-to-date: /home/juan/Documents/fundamentos_robotica/destroyer_ws/install/custom_msgs/include/custom_msgs/custom_msgs/msg/detail/delta_odom__struct.h
[1.184s] -- Up-to-date: /home/juan/Documents/fundamentos_robotica/destroyer_ws/install/custom_msgs/include/custom_msgs/custom_msgs/msg/detail/delta_odom__functions.h
[1.184s] -- Up-to-date: /home/juan/Documents/fundamentos_robotica/destroyer_ws/install/custom_msgs/include/custom_msgs/custom_msgs/msg/detail/belief__functions.c
[1.185s] -- Up-to-date: /home/juan/Documents/fundamentos_robotica/destroyer_ws/install/custom_msgs/include/custom_msgs/custom_msgs/msg/detail/delta_odom__functions.c
[1.185s] -- Up-to-date: /home/juan/Documents/fundamentos_robotica/destroyer_ws/install/custom_msgs/include/custom_msgs/custom_msgs/msg/detail/delta_odom__type_support.h
[1.185s] -- Up-to-date: /home/juan/Documents/fundamentos_robotica/destroyer_ws/install/custom_msgs/include/custom_msgs/custom_msgs/msg/detail/belief__functions.h
[1.185s] -- Up-to-date: /home/juan/Documents/fundamentos_robotica/destroyer_ws/install/custom_msgs/include/custom_msgs/custom_msgs/msg/rosidl_generator_c__visibility_control.h
[1.185s] -- Up-to-date: /home/juan/Documents/fundamentos_robotica/destroyer_ws/install/custom_msgs/include/custom_msgs/custom_msgs/msg/delta_odom.h
[1.185s] -- Up-to-date: /home/juan/Documents/fundamentos_robotica/destroyer_ws/install/custom_msgs/share/custom_msgs/environment/library_path.sh
[1.186s] -- Up-to-date: /home/juan/Documents/fundamentos_robotica/destroyer_ws/install/custom_msgs/share/custom_msgs/environment/library_path.dsv
[1.186s] -- Up-to-date: /home/juan/Documents/fundamentos_robotica/destroyer_ws/install/custom_msgs/lib/libcustom_msgs__rosidl_generator_c.so
[1.186s] -- Up-to-date: /home/juan/Documents/fundamentos_robotica/destroyer_ws/install/custom_msgs/include/custom_msgs/custom_msgs
[1.187s] -- Up-to-date: /home/juan/Documents/fundamentos_robotica/destroyer_ws/install/custom_msgs/include/custom_msgs/custom_msgs/msg
[1.187s] -- Up-to-date: /home/juan/Documents/fundamentos_robotica/destroyer_ws/install/custom_msgs/include/custom_msgs/custom_msgs/msg/rosidl_typesupport_fastrtps_c__visibility_control.h
[1.187s] -- Up-to-date: /home/juan/Documents/fundamentos_robotica/destroyer_ws/install/custom_msgs/include/custom_msgs/custom_msgs/msg/detail
[1.187s] -- Up-to-date: /home/juan/Documents/fundamentos_robotica/destroyer_ws/install/custom_msgs/include/custom_msgs/custom_msgs/msg/detail/belief__rosidl_typesupport_fastrtps_c.h
[1.187s] -- Up-to-date: /home/juan/Documents/fundamentos_robotica/destroyer_ws/install/custom_msgs/include/custom_msgs/custom_msgs/msg/detail/delta_odom__rosidl_typesupport_fastrtps_c.h
[1.188s] -- Up-to-date: /home/juan/Documents/fundamentos_robotica/destroyer_ws/install/custom_msgs/lib/libcustom_msgs__rosidl_typesupport_fastrtps_c.so
[1.188s] -- Up-to-date: /home/juan/Documents/fundamentos_robotica/destroyer_ws/install/custom_msgs/include/custom_msgs/custom_msgs
[1.188s] -- Up-to-date: /home/juan/Documents/fundamentos_robotica/destroyer_ws/install/custom_msgs/include/custom_msgs/custom_msgs/msg
[1.189s] -- Up-to-date: /home/juan/Documents/fundamentos_robotica/destroyer_ws/install/custom_msgs/include/custom_msgs/custom_msgs/msg/rosidl_generator_cpp__visibility_control.hpp
[1.189s] -- Up-to-date: /home/juan/Documents/fundamentos_robotica/destroyer_ws/install/custom_msgs/include/custom_msgs/custom_msgs/msg/delta_odom.hpp
[1.189s] -- Up-to-date: /home/juan/Documents/fundamentos_robotica/destroyer_ws/install/custom_msgs/include/custom_msgs/custom_msgs/msg/belief.hpp
[1.189s] -- Up-to-date: /home/juan/Documents/fundamentos_robotica/destroyer_ws/install/custom_msgs/include/custom_msgs/custom_msgs/msg/detail
[1.189s] -- Up-to-date: /home/juan/Documents/fundamentos_robotica/destroyer_ws/install/custom_msgs/include/custom_msgs/custom_msgs/msg/detail/delta_odom__traits.hpp
[1.190s] -- Up-to-date: /home/juan/Documents/fundamentos_robotica/destroyer_ws/install/custom_msgs/include/custom_msgs/custom_msgs/msg/detail/delta_odom__struct.hpp
[1.190s] -- Up-to-date: /home/juan/Documents/fundamentos_robotica/destroyer_ws/install/custom_msgs/include/custom_msgs/custom_msgs/msg/detail/belief__builder.hpp
[1.190s] -- Up-to-date: /home/juan/Documents/fundamentos_robotica/destroyer_ws/install/custom_msgs/include/custom_msgs/custom_msgs/msg/detail/belief__traits.hpp
[1.190s] -- Up-to-date: /home/juan/Documents/fundamentos_robotica/destroyer_ws/install/custom_msgs/include/custom_msgs/custom_msgs/msg/detail/belief__type_support.hpp
[1.191s] -- Up-to-date: /home/juan/Documents/fundamentos_robotica/destroyer_ws/install/custom_msgs/include/custom_msgs/custom_msgs/msg/detail/delta_odom__builder.hpp
[1.191s] -- Up-to-date: /home/juan/Documents/fundamentos_robotica/destroyer_ws/install/custom_msgs/include/custom_msgs/custom_msgs/msg/detail/delta_odom__type_support.hpp
[1.191s] -- Up-to-date: /home/juan/Documents/fundamentos_robotica/destroyer_ws/install/custom_msgs/include/custom_msgs/custom_msgs/msg/detail/belief__struct.hpp
[1.191s] -- Up-to-date: /home/juan/Documents/fundamentos_robotica/destroyer_ws/install/custom_msgs/include/custom_msgs/custom_msgs
[1.191s] -- Up-to-date: /home/juan/Documents/fundamentos_robotica/destroyer_ws/install/custom_msgs/include/custom_msgs/custom_msgs/msg
[1.191s] -- Up-to-date: /home/juan/Documents/fundamentos_robotica/destroyer_ws/install/custom_msgs/include/custom_msgs/custom_msgs/msg/detail
[1.192s] -- Up-to-date: /home/juan/Documents/fundamentos_robotica/destroyer_ws/install/custom_msgs/include/custom_msgs/custom_msgs/msg/detail/belief__rosidl_typesupport_fastrtps_cpp.hpp
[1.192s] -- Up-to-date: /home/juan/Documents/fundamentos_robotica/destroyer_ws/install/custom_msgs/include/custom_msgs/custom_msgs/msg/detail/delta_odom__rosidl_typesupport_fastrtps_cpp.hpp
[1.192s] -- Up-to-date: /home/juan/Documents/fundamentos_robotica/destroyer_ws/install/custom_msgs/include/custom_msgs/custom_msgs/msg/detail/dds_fastrtps
[1.192s] -- Up-to-date: /home/juan/Documents/fundamentos_robotica/destroyer_ws/install/custom_msgs/include/custom_msgs/custom_msgs/msg/rosidl_typesupport_fastrtps_cpp__visibility_control.h
[1.192s] -- Up-to-date: /home/juan/Documents/fundamentos_robotica/destroyer_ws/install/custom_msgs/lib/libcustom_msgs__rosidl_typesupport_fastrtps_cpp.so
[1.193s] -- Up-to-date: /home/juan/Documents/fundamentos_robotica/destroyer_ws/install/custom_msgs/include/custom_msgs/custom_msgs
[1.193s] -- Up-to-date: /home/juan/Documents/fundamentos_robotica/destroyer_ws/install/custom_msgs/include/custom_msgs/custom_msgs/msg
[1.193s] -- Up-to-date: /home/juan/Documents/fundamentos_robotica/destroyer_ws/install/custom_msgs/include/custom_msgs/custom_msgs/msg/detail
[1.193s] -- Up-to-date: /home/juan/Documents/fundamentos_robotica/destroyer_ws/install/custom_msgs/include/custom_msgs/custom_msgs/msg/detail/belief__type_support.c
[1.193s] -- Up-to-date: /home/juan/Documents/fundamentos_robotica/destroyer_ws/install/custom_msgs/include/custom_msgs/custom_msgs/msg/detail/delta_odom__type_support.c
[1.194s] -- Up-to-date: /home/juan/Documents/fundamentos_robotica/destroyer_ws/install/custom_msgs/include/custom_msgs/custom_msgs/msg/detail/belief__rosidl_typesupport_introspection_c.h
[1.194s] -- Up-to-date: /home/juan/Documents/fundamentos_robotica/destroyer_ws/install/custom_msgs/include/custom_msgs/custom_msgs/msg/detail/delta_odom__rosidl_typesupport_introspection_c.h
[1.194s] -- Up-to-date: /home/juan/Documents/fundamentos_robotica/destroyer_ws/install/custom_msgs/include/custom_msgs/custom_msgs/msg/rosidl_typesupport_introspection_c__visibility_control.h
[1.195s] -- Up-to-date: /home/juan/Documents/fundamentos_robotica/destroyer_ws/install/custom_msgs/lib/libcustom_msgs__rosidl_typesupport_introspection_c.so
[1.195s] -- Up-to-date: /home/juan/Documents/fundamentos_robotica/destroyer_ws/install/custom_msgs/lib/libcustom_msgs__rosidl_typesupport_c.so
[1.196s] -- Up-to-date: /home/juan/Documents/fundamentos_robotica/destroyer_ws/install/custom_msgs/include/custom_msgs/custom_msgs
[1.196s] -- Up-to-date: /home/juan/Documents/fundamentos_robotica/destroyer_ws/install/custom_msgs/include/custom_msgs/custom_msgs/msg
[1.197s] -- Up-to-date: /home/juan/Documents/fundamentos_robotica/destroyer_ws/install/custom_msgs/include/custom_msgs/custom_msgs/msg/detail
[1.198s] -- Up-to-date: /home/juan/Documents/fundamentos_robotica/destroyer_ws/install/custom_msgs/include/custom_msgs/custom_msgs/msg/detail/delta_odom__type_support.cpp
[1.198s] -- Up-to-date: /home/juan/Documents/fundamentos_robotica/destroyer_ws/install/custom_msgs/include/custom_msgs/custom_msgs/msg/detail/delta_odom__rosidl_typesupport_introspection_cpp.hpp
[1.198s] -- Up-to-date: /home/juan/Documents/fundamentos_robotica/destroyer_ws/install/custom_msgs/include/custom_msgs/custom_msgs/msg/detail/belief__rosidl_typesupport_introspection_cpp.hpp
[1.198s] -- Up-to-date: /home/juan/Documents/fundamentos_robotica/destroyer_ws/install/custom_msgs/include/custom_msgs/custom_msgs/msg/detail/belief__type_support.cpp
[1.198s] -- Up-to-date: /home/juan/Documents/fundamentos_robotica/destroyer_ws/install/custom_msgs/lib/libcustom_msgs__rosidl_typesupport_introspection_cpp.so
[1.199s] -- Up-to-date: /home/juan/Documents/fundamentos_robotica/destroyer_ws/install/custom_msgs/lib/libcustom_msgs__rosidl_typesupport_cpp.so
[1.200s] -- Up-to-date: /home/juan/Documents/fundamentos_robotica/destroyer_ws/install/custom_msgs/share/custom_msgs/environment/pythonpath.sh
[1.200s] -- Up-to-date: /home/juan/Documents/fundamentos_robotica/destroyer_ws/install/custom_msgs/share/custom_msgs/environment/pythonpath.dsv
[1.200s] -- Up-to-date: /home/juan/Documents/fundamentos_robotica/destroyer_ws/install/custom_msgs/local/lib/python3.10/dist-packages/custom_msgs-0.0.0-py3.10.egg-info
[1.200s] -- Installing: /home/juan/Documents/fundamentos_robotica/destroyer_ws/install/custom_msgs/local/lib/python3.10/dist-packages/custom_msgs-0.0.0-py3.10.egg-info/PKG-INFO
[1.201s] -- Installing: /home/juan/Documents/fundamentos_robotica/destroyer_ws/install/custom_msgs/local/lib/python3.10/dist-packages/custom_msgs-0.0.0-py3.10.egg-info/dependency_links.txt
[1.201s] -- Installing: /home/juan/Documents/fundamentos_robotica/destroyer_ws/install/custom_msgs/local/lib/python3.10/dist-packages/custom_msgs-0.0.0-py3.10.egg-info/top_level.txt
[1.201s] -- Installing: /home/juan/Documents/fundamentos_robotica/destroyer_ws/install/custom_msgs/local/lib/python3.10/dist-packages/custom_msgs-0.0.0-py3.10.egg-info/SOURCES.txt
[1.203s] -- Up-to-date: /home/juan/Documents/fundamentos_robotica/destroyer_ws/install/custom_msgs/local/lib/python3.10/dist-packages/custom_msgs
[1.203s] -- Up-to-date: /home/juan/Documents/fundamentos_robotica/destroyer_ws/install/custom_msgs/local/lib/python3.10/dist-packages/custom_msgs/custom_msgs_s__rosidl_typesupport_fastrtps_c.cpython-310-x86_64-linux-gnu.so
[1.203s] -- Up-to-date: /home/juan/Documents/fundamentos_robotica/destroyer_ws/install/custom_msgs/local/lib/python3.10/dist-packages/custom_msgs/_custom_msgs_s.ep.rosidl_typesupport_introspection_c.c
[1.204s] -- Up-to-date: /home/juan/Documents/fundamentos_robotica/destroyer_ws/install/custom_msgs/local/lib/python3.10/dist-packages/custom_msgs/libcustom_msgs__rosidl_generator_py.so
[1.204s] -- Up-to-date: /home/juan/Documents/fundamentos_robotica/destroyer_ws/install/custom_msgs/local/lib/python3.10/dist-packages/custom_msgs/msg
[1.204s] -- Up-to-date: /home/juan/Documents/fundamentos_robotica/destroyer_ws/install/custom_msgs/local/lib/python3.10/dist-packages/custom_msgs/msg/_belief.py
[1.204s] -- Up-to-date: /home/juan/Documents/fundamentos_robotica/destroyer_ws/install/custom_msgs/local/lib/python3.10/dist-packages/custom_msgs/msg/_delta_odom.py
[1.205s] -- Up-to-date: /home/juan/Documents/fundamentos_robotica/destroyer_ws/install/custom_msgs/local/lib/python3.10/dist-packages/custom_msgs/msg/__init__.py
[1.205s] -- Up-to-date: /home/juan/Documents/fundamentos_robotica/destroyer_ws/install/custom_msgs/local/lib/python3.10/dist-packages/custom_msgs/msg/_delta_odom_s.c
[1.205s] -- Up-to-date: /home/juan/Documents/fundamentos_robotica/destroyer_ws/install/custom_msgs/local/lib/python3.10/dist-packages/custom_msgs/msg/_belief_s.c
[1.205s] -- Up-to-date: /home/juan/Documents/fundamentos_robotica/destroyer_ws/install/custom_msgs/local/lib/python3.10/dist-packages/custom_msgs/__init__.py
[1.206s] -- Up-to-date: /home/juan/Documents/fundamentos_robotica/destroyer_ws/install/custom_msgs/local/lib/python3.10/dist-packages/custom_msgs/_custom_msgs_s.ep.rosidl_typesupport_fastrtps_c.c
[1.206s] -- Up-to-date: /home/juan/Documents/fundamentos_robotica/destroyer_ws/install/custom_msgs/local/lib/python3.10/dist-packages/custom_msgs/_custom_msgs_s.ep.rosidl_typesupport_c.c
[1.206s] -- Up-to-date: /home/juan/Documents/fundamentos_robotica/destroyer_ws/install/custom_msgs/local/lib/python3.10/dist-packages/custom_msgs/custom_msgs_s__rosidl_typesupport_introspection_c.cpython-310-x86_64-linux-gnu.so
[1.207s] -- Up-to-date: /home/juan/Documents/fundamentos_robotica/destroyer_ws/install/custom_msgs/local/lib/python3.10/dist-packages/custom_msgs/custom_msgs_s__rosidl_typesupport_c.cpython-310-x86_64-linux-gnu.so
[1.296s] Listing '/home/juan/Documents/fundamentos_robotica/destroyer_ws/install/custom_msgs/local/lib/python3.10/dist-packages/custom_msgs'...
[1.297s] Listing '/home/juan/Documents/fundamentos_robotica/destroyer_ws/install/custom_msgs/local/lib/python3.10/dist-packages/custom_msgs/msg'...
[1.308s] -- Up-to-date: /home/juan/Documents/fundamentos_robotica/destroyer_ws/install/custom_msgs/local/lib/python3.10/dist-packages/custom_msgs/custom_msgs_s__rosidl_typesupport_fastrtps_c.cpython-310-x86_64-linux-gnu.so
[1.310s] -- Up-to-date: /home/juan/Documents/fundamentos_robotica/destroyer_ws/install/custom_msgs/local/lib/python3.10/dist-packages/custom_msgs/custom_msgs_s__rosidl_typesupport_introspection_c.cpython-310-x86_64-linux-gnu.so
[1.311s] -- Up-to-date: /home/juan/Documents/fundamentos_robotica/destroyer_ws/install/custom_msgs/local/lib/python3.10/dist-packages/custom_msgs/custom_msgs_s__rosidl_typesupport_c.cpython-310-x86_64-linux-gnu.so
[1.313s] -- Up-to-date: /home/juan/Documents/fundamentos_robotica/destroyer_ws/install/custom_msgs/lib/libcustom_msgs__rosidl_generator_py.so
[1.313s] -- Up-to-date: /home/juan/Documents/fundamentos_robotica/destroyer_ws/install/custom_msgs/share/custom_msgs/msg/DeltaOdom.idl
[1.313s] -- Up-to-date: /home/juan/Documents/fundamentos_robotica/destroyer_ws/install/custom_msgs/share/custom_msgs/msg/Belief.idl
[1.314s] -- Up-to-date: /home/juan/Documents/fundamentos_robotica/destroyer_ws/install/custom_msgs/share/custom_msgs/msg/DeltaOdom.msg
[1.314s] -- Up-to-date: /home/juan/Documents/fundamentos_robotica/destroyer_ws/install/custom_msgs/share/custom_msgs/msg/Belief.msg
[1.314s] -- Up-to-date: /home/juan/Documents/fundamentos_robotica/destroyer_ws/install/custom_msgs/share/ament_index/resource_index/package_run_dependencies/custom_msgs
[1.314s] -- Up-to-date: /home/juan/Documents/fundamentos_robotica/destroyer_ws/install/custom_msgs/share/ament_index/resource_index/parent_prefix_path/custom_msgs
[1.315s] -- Up-to-date: /home/juan/Documents/fundamentos_robotica/destroyer_ws/install/custom_msgs/share/custom_msgs/environment/ament_prefix_path.sh
[1.315s] -- Up-to-date: /home/juan/Documents/fundamentos_robotica/destroyer_ws/install/custom_msgs/share/custom_msgs/environment/ament_prefix_path.dsv
[1.315s] -- Up-to-date: /home/juan/Documents/fundamentos_robotica/destroyer_ws/install/custom_msgs/share/custom_msgs/environment/path.sh
[1.315s] -- Up-to-date: /home/juan/Documents/fundamentos_robotica/destroyer_ws/install/custom_msgs/share/custom_msgs/environment/path.dsv
[1.315s] -- Up-to-date: /home/juan/Documents/fundamentos_robotica/destroyer_ws/install/custom_msgs/share/custom_msgs/local_setup.bash
[1.315s] -- Up-to-date: /home/juan/Documents/fundamentos_robotica/destroyer_ws/install/custom_msgs/share/custom_msgs/local_setup.sh
[1.316s] -- Up-to-date: /home/juan/Documents/fundamentos_robotica/destroyer_ws/install/custom_msgs/share/custom_msgs/local_setup.zsh
[1.316s] -- Up-to-date: /home/juan/Documents/fundamentos_robotica/destroyer_ws/install/custom_msgs/share/custom_msgs/local_setup.dsv
[1.316s] -- Installing: /home/juan/Documents/fundamentos_robotica/destroyer_ws/install/custom_msgs/share/custom_msgs/package.dsv
[1.316s] -- Up-to-date: /home/juan/Documents/fundamentos_robotica/destroyer_ws/install/custom_msgs/share/ament_index/resource_index/packages/custom_msgs
[1.318s] -- Up-to-date: /home/juan/Documents/fundamentos_robotica/destroyer_ws/install/custom_msgs/share/custom_msgs/cmake/export_custom_msgs__rosidl_generator_cExport.cmake
[1.318s] -- Up-to-date: /home/juan/Documents/fundamentos_robotica/destroyer_ws/install/custom_msgs/share/custom_msgs/cmake/export_custom_msgs__rosidl_generator_cExport-noconfig.cmake
[1.319s] -- Up-to-date: /home/juan/Documents/fundamentos_robotica/destroyer_ws/install/custom_msgs/share/custom_msgs/cmake/export_custom_msgs__rosidl_typesupport_fastrtps_cExport.cmake
[1.319s] -- Up-to-date: /home/juan/Documents/fundamentos_robotica/destroyer_ws/install/custom_msgs/share/custom_msgs/cmake/export_custom_msgs__rosidl_typesupport_fastrtps_cExport-noconfig.cmake
[1.319s] -- Up-to-date: /home/juan/Documents/fundamentos_robotica/destroyer_ws/install/custom_msgs/share/custom_msgs/cmake/export_custom_msgs__rosidl_generator_cppExport.cmake
[1.320s] -- Up-to-date: /home/juan/Documents/fundamentos_robotica/destroyer_ws/install/custom_msgs/share/custom_msgs/cmake/export_custom_msgs__rosidl_typesupport_fastrtps_cppExport.cmake
[1.320s] -- Up-to-date: /home/juan/Documents/fundamentos_robotica/destroyer_ws/install/custom_msgs/share/custom_msgs/cmake/export_custom_msgs__rosidl_typesupport_fastrtps_cppExport-noconfig.cmake
[1.321s] -- Up-to-date: /home/juan/Documents/fundamentos_robotica/destroyer_ws/install/custom_msgs/share/custom_msgs/cmake/custom_msgs__rosidl_typesupport_introspection_cExport.cmake
[1.321s] -- Up-to-date: /home/juan/Documents/fundamentos_robotica/destroyer_ws/install/custom_msgs/share/custom_msgs/cmake/custom_msgs__rosidl_typesupport_introspection_cExport-noconfig.cmake
[1.321s] -- Up-to-date: /home/juan/Documents/fundamentos_robotica/destroyer_ws/install/custom_msgs/share/custom_msgs/cmake/custom_msgs__rosidl_typesupport_cExport.cmake
[1.321s] -- Up-to-date: /home/juan/Documents/fundamentos_robotica/destroyer_ws/install/custom_msgs/share/custom_msgs/cmake/custom_msgs__rosidl_typesupport_cExport-noconfig.cmake
[1.322s] -- Up-to-date: /home/juan/Documents/fundamentos_robotica/destroyer_ws/install/custom_msgs/share/custom_msgs/cmake/custom_msgs__rosidl_typesupport_introspection_cppExport.cmake
[1.322s] -- Up-to-date: /home/juan/Documents/fundamentos_robotica/destroyer_ws/install/custom_msgs/share/custom_msgs/cmake/custom_msgs__rosidl_typesupport_introspection_cppExport-noconfig.cmake
[1.323s] -- Up-to-date: /home/juan/Documents/fundamentos_robotica/destroyer_ws/install/custom_msgs/share/custom_msgs/cmake/custom_msgs__rosidl_typesupport_cppExport.cmake
[1.323s] -- Up-to-date: /home/juan/Documents/fundamentos_robotica/destroyer_ws/install/custom_msgs/share/custom_msgs/cmake/custom_msgs__rosidl_typesupport_cppExport-noconfig.cmake
[1.323s] -- Up-to-date: /home/juan/Documents/fundamentos_robotica/destroyer_ws/install/custom_msgs/share/custom_msgs/cmake/export_custom_msgs__rosidl_generator_pyExport.cmake
[1.324s] -- Up-to-date: /home/juan/Documents/fundamentos_robotica/destroyer_ws/install/custom_msgs/share/custom_msgs/cmake/export_custom_msgs__rosidl_generator_pyExport-noconfig.cmake
[1.324s] -- Up-to-date: /home/juan/Documents/fundamentos_robotica/destroyer_ws/install/custom_msgs/share/custom_msgs/cmake/rosidl_cmake-extras.cmake
[1.324s] -- Up-to-date: /home/juan/Documents/fundamentos_robotica/destroyer_ws/install/custom_msgs/share/custom_msgs/cmake/ament_cmake_export_dependencies-extras.cmake
[1.324s] -- Up-to-date: /home/juan/Documents/fundamentos_robotica/destroyer_ws/install/custom_msgs/share/custom_msgs/cmake/ament_cmake_export_include_directories-extras.cmake
[1.324s] -- Up-to-date: /home/juan/Documents/fundamentos_robotica/destroyer_ws/install/custom_msgs/share/custom_msgs/cmake/ament_cmake_export_libraries-extras.cmake
[1.325s] -- Up-to-date: /home/juan/Documents/fundamentos_robotica/destroyer_ws/install/custom_msgs/share/custom_msgs/cmake/ament_cmake_export_targets-extras.cmake
[1.325s] -- Up-to-date: /home/juan/Documents/fundamentos_robotica/destroyer_ws/install/custom_msgs/share/custom_msgs/cmake/rosidl_cmake_export_typesupport_targets-extras.cmake
[1.325s] -- Up-to-date: /home/juan/Documents/fundamentos_robotica/destroyer_ws/install/custom_msgs/share/custom_msgs/cmake/rosidl_cmake_export_typesupport_libraries-extras.cmake
[1.325s] -- Up-to-date: /home/juan/Documents/fundamentos_robotica/destroyer_ws/install/custom_msgs/share/custom_msgs/cmake/custom_msgsConfig.cmake
[1.325s] -- Up-to-date: /home/juan/Documents/fundamentos_robotica/destroyer_ws/install/custom_msgs/share/custom_msgs/cmake/custom_msgsConfig-version.cmake
[1.326s] -- Up-to-date: /home/juan/Documents/fundamentos_robotica/destroyer_ws/install/custom_msgs/share/custom_msgs/package.xml
[1.334s] Invoked command in '/home/juan/Documents/fundamentos_robotica/destroyer_ws/build/custom_msgs' returned '0': CMAKE_PREFIX_PATH=${CMAKE_PREFIX_PATH}:/home/juan/Documents/fundamentos_robotica/ws/install/ubicate_nene:/home/juan/Documents/fundamentos_robotica/ws/install/paquete1:/home/juan/Documents/fundamentos_robotica/ws/install/no_te_choques:/home/juan/Documents/fundamentos_robotica/ws/install/custom_code:/opt/ros/humble /usr/bin/cmake --install /home/juan/Documents/fundamentos_robotica/destroyer_ws/build/custom_msgs
