[0.060s] Invoking command in '/home/juan/Documents/fundamentos_robotica/destroyer_ws/build/custom_msgs': CMAKE_PREFIX_PATH=${CMAKE_PREFIX_PATH}:/home/juan/Documents/fundamentos_robotica/ws/install/ubicate_nene:/home/juan/Documents/fundamentos_robotica/ws/install/paquete1:/home/juan/Documents/fundamentos_robotica/ws/install/no_te_choques:/home/juan/Documents/fundamentos_robotica/ws/install/custom_code:/opt/ros/humble /usr/bin/cmake --build /home/juan/Documents/fundamentos_robotica/destroyer_ws/build/custom_msgs -- -j12 -l12
[0.778s] [  2%] Built target custom_msgs__cpp
[0.778s] [ 12%] Built target custom_msgs__rosidl_generator_c
[0.779s] [ 12%] Built target ament_cmake_python_copy_custom_msgs
[0.779s] [ 33%] Built target custom_msgs__rosidl_typesupport_c
[0.780s] [ 33%] Built target custom_msgs__rosidl_typesupport_cpp
[0.780s] [ 43%] Built target custom_msgs__rosidl_typesupport_fastrtps_c
[0.781s] [ 53%] Built target custom_msgs__rosidl_typesupport_fastrtps_cpp
[0.781s] [ 64%] Built target custom_msgs__rosidl_typesupport_introspection_cpp
[0.781s] [ 74%] Built target custom_msgs__rosidl_typesupport_introspection_c
[0.781s] [ 74%] Built target custom_msgs
[0.782s] [ 76%] Built target custom_msgs__py
[0.782s] [ 84%] Built target custom_msgs__rosidl_generator_py
[0.782s] [ 94%] Built target custom_msgs__rosidl_typesupport_c__pyext
[0.783s] [ 94%] Built target custom_msgs__rosidl_typesupport_fastrtps_c__pyext
[0.785s] [100%] Built target custom_msgs__rosidl_typesupport_introspection_c__pyext
[0.937s] running egg_info
[0.940s] writing custom_msgs.egg-info/PKG-INFO
[0.940s] writing dependency_links to custom_msgs.egg-info/dependency_links.txt
[0.941s] writing top-level names to custom_msgs.egg-info/top_level.txt
[0.947s] reading manifest file 'custom_msgs.egg-info/SOURCES.txt'
[0.949s] writing manifest file 'custom_msgs.egg-info/SOURCES.txt'
[1.021s] [100%] Built target ament_cmake_python_build_custom_msgs_egg
[1.110s] Invoked command in '/home/juan/Documents/fundamentos_robotica/destroyer_ws/build/custom_msgs' returned '0': CMAKE_PREFIX_PATH=${CMAKE_PREFIX_PATH}:/home/juan/Documents/fundamentos_robotica/ws/install/ubicate_nene:/home/juan/Documents/fundamentos_robotica/ws/install/paquete1:/home/juan/Documents/fundamentos_robotica/ws/install/no_te_choques:/home/juan/Documents/fundamentos_robotica/ws/install/custom_code:/opt/ros/humble /usr/bin/cmake --build /home/juan/Documents/fundamentos_robotica/destroyer_ws/build/custom_msgs -- -j12 -l12
[1.114s] Invoking command in '/home/juan/Documents/fundamentos_robotica/destroyer_ws/build/custom_msgs': CMAKE_PREFIX_PATH=${CMAKE_PREFIX_PATH}:/home/juan/Documents/fundamentos_robotica/ws/install/ubicate_nene:/home/juan/Documents/fundamentos_robotica/ws/install/paquete1:/home/juan/Documents/fundamentos_robotica/ws/install/no_te_choques:/home/juan/Documents/fundamentos_robotica/ws/install/custom_code:/opt/ros/humble /usr/bin/cmake --install /home/juan/Documents/fundamentos_robotica/destroyer_ws/build/custom_msgs
[1.137s] -- Install configuration: ""
[1.137s] -- Up-to-date: /home/juan/Documents/fundamentos_robotica/destroyer_ws/install/custom_msgs/share/ament_index/resource_index/rosidl_interfaces/custom_msgs
[1.138s] -- Up-to-date: /home/juan/Documents/fundamentos_robotica/destroyer_ws/install/custom_msgs/include/custom_msgs/custom_msgs
[1.138s] -- Up-to-date: /home/juan/Documents/fundamentos_robotica/destroyer_ws/install/custom_msgs/include/custom_msgs/custom_msgs/msg
[1.138s] -- Up-to-date: /home/juan/Documents/fundamentos_robotica/destroyer_ws/install/custom_msgs/include/custom_msgs/custom_msgs/msg/belief.h
[1.138s] -- Up-to-date: /home/juan/Documents/fundamentos_robotica/destroyer_ws/install/custom_msgs/include/custom_msgs/custom_msgs/msg/detail
[1.138s] -- Up-to-date: /home/juan/Documents/fundamentos_robotica/destroyer_ws/install/custom_msgs/include/custom_msgs/custom_msgs/msg/detail/belief__type_support.h
[1.139s] -- Up-to-date: /home/juan/Documents/fundamentos_robotica/destroyer_ws/install/custom_msgs/include/custom_msgs/custom_msgs/msg/detail/belief__struct.h
[1.139s] -- Up-to-date: /home/juan/Documents/fundamentos_robotica/destroyer_ws/install/custom_msgs/include/custom_msgs/custom_msgs/msg/detail/delta_odom__struct.h
[1.139s] -- Up-to-date: /home/juan/Documents/fundamentos_robotica/destroyer_ws/install/custom_msgs/include/custom_msgs/custom_msgs/msg/detail/delta_odom__functions.h
[1.139s] -- Up-to-date: /home/juan/Documents/fundamentos_robotica/destroyer_ws/install/custom_msgs/include/custom_msgs/custom_msgs/msg/detail/belief__functions.c
[1.139s] -- Up-to-date: /home/juan/Documents/fundamentos_robotica/destroyer_ws/install/custom_msgs/include/custom_msgs/custom_msgs/msg/detail/delta_odom__functions.c
[1.140s] -- Up-to-date: /home/juan/Documents/fundamentos_robotica/destroyer_ws/install/custom_msgs/include/custom_msgs/custom_msgs/msg/detail/delta_odom__type_support.h
[1.140s] -- Up-to-date: /home/juan/Documents/fundamentos_robotica/destroyer_ws/install/custom_msgs/include/custom_msgs/custom_msgs/msg/detail/belief__functions.h
[1.140s] -- Up-to-date: /home/juan/Documents/fundamentos_robotica/destroyer_ws/install/custom_msgs/include/custom_msgs/custom_msgs/msg/rosidl_generator_c__visibility_control.h
[1.140s] -- Up-to-date: /home/juan/Documents/fundamentos_robotica/destroyer_ws/install/custom_msgs/include/custom_msgs/custom_msgs/msg/delta_odom.h
[1.141s] -- Up-to-date: /home/juan/Documents/fundamentos_robotica/destroyer_ws/install/custom_msgs/share/custom_msgs/environment/library_path.sh
[1.141s] -- Up-to-date: /home/juan/Documents/fundamentos_robotica/destroyer_ws/install/custom_msgs/share/custom_msgs/environment/library_path.dsv
[1.141s] -- Up-to-date: /home/juan/Documents/fundamentos_robotica/destroyer_ws/install/custom_msgs/lib/libcustom_msgs__rosidl_generator_c.so
[1.141s] -- Up-to-date: /home/juan/Documents/fundamentos_robotica/destroyer_ws/install/custom_msgs/include/custom_msgs/custom_msgs
[1.142s] -- Up-to-date: /home/juan/Documents/fundamentos_robotica/destroyer_ws/install/custom_msgs/include/custom_msgs/custom_msgs/msg
[1.142s] -- Up-to-date: /home/juan/Documents/fundamentos_robotica/destroyer_ws/install/custom_msgs/include/custom_msgs/custom_msgs/msg/rosidl_typesupport_fastrtps_c__visibility_control.h
[1.142s] -- Up-to-date: /home/juan/Documents/fundamentos_robotica/destroyer_ws/install/custom_msgs/include/custom_msgs/custom_msgs/msg/detail
[1.143s] -- Up-to-date: /home/juan/Documents/fundamentos_robotica/destroyer_ws/install/custom_msgs/include/custom_msgs/custom_msgs/msg/detail/belief__rosidl_typesupport_fastrtps_c.h
[1.143s] -- Up-to-date: /home/juan/Documents/fundamentos_robotica/destroyer_ws/install/custom_msgs/include/custom_msgs/custom_msgs/msg/detail/delta_odom__rosidl_typesupport_fastrtps_c.h
[1.143s] -- Up-to-date: /home/juan/Documents/fundamentos_robotica/destroyer_ws/install/custom_msgs/lib/libcustom_msgs__rosidl_typesupport_fastrtps_c.so
[1.144s] -- Up-to-date: /home/juan/Documents/fundamentos_robotica/destroyer_ws/install/custom_msgs/include/custom_msgs/custom_msgs
[1.144s] -- Up-to-date: /home/juan/Documents/fundamentos_robotica/destroyer_ws/install/custom_msgs/include/custom_msgs/custom_msgs/msg
[1.144s] -- Up-to-date: /home/juan/Documents/fundamentos_robotica/destroyer_ws/install/custom_msgs/include/custom_msgs/custom_msgs/msg/rosidl_generator_cpp__visibility_control.hpp
[1.144s] -- Up-to-date: /home/juan/Documents/fundamentos_robotica/destroyer_ws/install/custom_msgs/include/custom_msgs/custom_msgs/msg/delta_odom.hpp
[1.145s] -- Up-to-date: /home/juan/Documents/fundamentos_robotica/destroyer_ws/install/custom_msgs/include/custom_msgs/custom_msgs/msg/belief.hpp
[1.145s] -- Up-to-date: /home/juan/Documents/fundamentos_robotica/destroyer_ws/install/custom_msgs/include/custom_msgs/custom_msgs/msg/detail
[1.145s] -- Up-to-date: /home/juan/Documents/fundamentos_robotica/destroyer_ws/install/custom_msgs/include/custom_msgs/custom_msgs/msg/detail/delta_odom__traits.hpp
[1.145s] -- Up-to-date: /home/juan/Documents/fundamentos_robotica/destroyer_ws/install/custom_msgs/include/custom_msgs/custom_msgs/msg/detail/delta_odom__struct.hpp
[1.146s] -- Up-to-date: /home/juan/Documents/fundamentos_robotica/destroyer_ws/install/custom_msgs/include/custom_msgs/custom_msgs/msg/detail/belief__builder.hpp
[1.146s] -- Up-to-date: /home/juan/Documents/fundamentos_robotica/destroyer_ws/install/custom_msgs/include/custom_msgs/custom_msgs/msg/detail/belief__traits.hpp
[1.146s] -- Up-to-date: /home/juan/Documents/fundamentos_robotica/destroyer_ws/install/custom_msgs/include/custom_msgs/custom_msgs/msg/detail/belief__type_support.hpp
[1.146s] -- Up-to-date: /home/juan/Documents/fundamentos_robotica/destroyer_ws/install/custom_msgs/include/custom_msgs/custom_msgs/msg/detail/delta_odom__builder.hpp
[1.147s] -- Up-to-date: /home/juan/Documents/fundamentos_robotica/destroyer_ws/install/custom_msgs/include/custom_msgs/custom_msgs/msg/detail/delta_odom__type_support.hpp
[1.147s] -- Up-to-date: /home/juan/Documents/fundamentos_robotica/destroyer_ws/install/custom_msgs/include/custom_msgs/custom_msgs/msg/detail/belief__struct.hpp
[1.147s] -- Up-to-date: /home/juan/Documents/fundamentos_robotica/destroyer_ws/install/custom_msgs/include/custom_msgs/custom_msgs
[1.148s] -- Up-to-date: /home/juan/Documents/fundamentos_robotica/destroyer_ws/install/custom_msgs/include/custom_msgs/custom_msgs/msg
[1.148s] -- Up-to-date: /home/juan/Documents/fundamentos_robotica/destroyer_ws/install/custom_msgs/include/custom_msgs/custom_msgs/msg/detail
[1.148s] -- Up-to-date: /home/juan/Documents/fundamentos_robotica/destroyer_ws/install/custom_msgs/include/custom_msgs/custom_msgs/msg/detail/belief__rosidl_typesupport_fastrtps_cpp.hpp
[1.148s] -- Up-to-date: /home/juan/Documents/fundamentos_robotica/destroyer_ws/install/custom_msgs/include/custom_msgs/custom_msgs/msg/detail/delta_odom__rosidl_typesupport_fastrtps_cpp.hpp
[1.148s] -- Up-to-date: /home/juan/Documents/fundamentos_robotica/destroyer_ws/install/custom_msgs/include/custom_msgs/custom_msgs/msg/detail/dds_fastrtps
[1.149s] -- Up-to-date: /home/juan/Documents/fundamentos_robotica/destroyer_ws/install/custom_msgs/include/custom_msgs/custom_msgs/msg/rosidl_typesupport_fastrtps_cpp__visibility_control.h
[1.149s] -- Up-to-date: /home/juan/Documents/fundamentos_robotica/destroyer_ws/install/custom_msgs/lib/libcustom_msgs__rosidl_typesupport_fastrtps_cpp.so
[1.149s] -- Up-to-date: /home/juan/Documents/fundamentos_robotica/destroyer_ws/install/custom_msgs/include/custom_msgs/custom_msgs
[1.149s] -- Up-to-date: /home/juan/Documents/fundamentos_robotica/destroyer_ws/install/custom_msgs/include/custom_msgs/custom_msgs/msg
[1.150s] -- Up-to-date: /home/juan/Documents/fundamentos_robotica/destroyer_ws/install/custom_msgs/include/custom_msgs/custom_msgs/msg/detail
[1.150s] -- Up-to-date: /home/juan/Documents/fundamentos_robotica/destroyer_ws/install/custom_msgs/include/custom_msgs/custom_msgs/msg/detail/belief__type_support.c
[1.151s] -- Up-to-date: /home/juan/Documents/fundamentos_robotica/destroyer_ws/install/custom_msgs/include/custom_msgs/custom_msgs/msg/detail/delta_odom__type_support.c
[1.151s] -- Up-to-date: /home/juan/Documents/fundamentos_robotica/destroyer_ws/install/custom_msgs/include/custom_msgs/custom_msgs/msg/detail/belief__rosidl_typesupport_introspection_c.h
[1.151s] -- Up-to-date: /home/juan/Documents/fundamentos_robotica/destroyer_ws/install/custom_msgs/include/custom_msgs/custom_msgs/msg/detail/delta_odom__rosidl_typesupport_introspection_c.h
[1.151s] -- Up-to-date: /home/juan/Documents/fundamentos_robotica/destroyer_ws/install/custom_msgs/include/custom_msgs/custom_msgs/msg/rosidl_typesupport_introspection_c__visibility_control.h
[1.152s] -- Up-to-date: /home/juan/Documents/fundamentos_robotica/destroyer_ws/install/custom_msgs/lib/libcustom_msgs__rosidl_typesupport_introspection_c.so
[1.152s] -- Up-to-date: /home/juan/Documents/fundamentos_robotica/destroyer_ws/install/custom_msgs/lib/libcustom_msgs__rosidl_typesupport_c.so
[1.153s] -- Up-to-date: /home/juan/Documents/fundamentos_robotica/destroyer_ws/install/custom_msgs/include/custom_msgs/custom_msgs
[1.153s] -- Up-to-date: /home/juan/Documents/fundamentos_robotica/destroyer_ws/install/custom_msgs/include/custom_msgs/custom_msgs/msg
[1.153s] -- Up-to-date: /home/juan/Documents/fundamentos_robotica/destroyer_ws/install/custom_msgs/include/custom_msgs/custom_msgs/msg/detail
[1.153s] -- Up-to-date: /home/juan/Documents/fundamentos_robotica/destroyer_ws/install/custom_msgs/include/custom_msgs/custom_msgs/msg/detail/delta_odom__type_support.cpp
[1.154s] -- Up-to-date: /home/juan/Documents/fundamentos_robotica/destroyer_ws/install/custom_msgs/include/custom_msgs/custom_msgs/msg/detail/delta_odom__rosidl_typesupport_introspection_cpp.hpp
[1.154s] -- Up-to-date: /home/juan/Documents/fundamentos_robotica/destroyer_ws/install/custom_msgs/include/custom_msgs/custom_msgs/msg/detail/belief__rosidl_typesupport_introspection_cpp.hpp
[1.154s] -- Up-to-date: /home/juan/Documents/fundamentos_robotica/destroyer_ws/install/custom_msgs/include/custom_msgs/custom_msgs/msg/detail/belief__type_support.cpp
[1.154s] -- Up-to-date: /home/juan/Documents/fundamentos_robotica/destroyer_ws/install/custom_msgs/lib/libcustom_msgs__rosidl_typesupport_introspection_cpp.so
[1.154s] -- Up-to-date: /home/juan/Documents/fundamentos_robotica/destroyer_ws/install/custom_msgs/lib/libcustom_msgs__rosidl_typesupport_cpp.so
[1.155s] -- Up-to-date: /home/juan/Documents/fundamentos_robotica/destroyer_ws/install/custom_msgs/share/custom_msgs/environment/pythonpath.sh
[1.155s] -- Up-to-date: /home/juan/Documents/fundamentos_robotica/destroyer_ws/install/custom_msgs/share/custom_msgs/environment/pythonpath.dsv
[1.155s] -- Up-to-date: /home/juan/Documents/fundamentos_robotica/destroyer_ws/install/custom_msgs/local/lib/python3.10/dist-packages/custom_msgs-0.0.0-py3.10.egg-info
[1.155s] -- Installing: /home/juan/Documents/fundamentos_robotica/destroyer_ws/install/custom_msgs/local/lib/python3.10/dist-packages/custom_msgs-0.0.0-py3.10.egg-info/PKG-INFO
[1.156s] -- Installing: /home/juan/Documents/fundamentos_robotica/destroyer_ws/install/custom_msgs/local/lib/python3.10/dist-packages/custom_msgs-0.0.0-py3.10.egg-info/dependency_links.txt
[1.156s] -- Installing: /home/juan/Documents/fundamentos_robotica/destroyer_ws/install/custom_msgs/local/lib/python3.10/dist-packages/custom_msgs-0.0.0-py3.10.egg-info/top_level.txt
[1.156s] -- Installing: /home/juan/Documents/fundamentos_robotica/destroyer_ws/install/custom_msgs/local/lib/python3.10/dist-packages/custom_msgs-0.0.0-py3.10.egg-info/SOURCES.txt
[1.157s] -- Up-to-date: /home/juan/Documents/fundamentos_robotica/destroyer_ws/install/custom_msgs/local/lib/python3.10/dist-packages/custom_msgs
[1.158s] -- Up-to-date: /home/juan/Documents/fundamentos_robotica/destroyer_ws/install/custom_msgs/local/lib/python3.10/dist-packages/custom_msgs/custom_msgs_s__rosidl_typesupport_fastrtps_c.cpython-310-x86_64-linux-gnu.so
[1.158s] -- Up-to-date: /home/juan/Documents/fundamentos_robotica/destroyer_ws/install/custom_msgs/local/lib/python3.10/dist-packages/custom_msgs/_custom_msgs_s.ep.rosidl_typesupport_introspection_c.c
[1.158s] -- Up-to-date: /home/juan/Documents/fundamentos_robotica/destroyer_ws/install/custom_msgs/local/lib/python3.10/dist-packages/custom_msgs/libcustom_msgs__rosidl_generator_py.so
[1.158s] -- Up-to-date: /home/juan/Documents/fundamentos_robotica/destroyer_ws/install/custom_msgs/local/lib/python3.10/dist-packages/custom_msgs/msg
[1.159s] -- Up-to-date: /home/juan/Documents/fundamentos_robotica/destroyer_ws/install/custom_msgs/local/lib/python3.10/dist-packages/custom_msgs/msg/_belief.py
[1.159s] -- Up-to-date: /home/juan/Documents/fundamentos_robotica/destroyer_ws/install/custom_msgs/local/lib/python3.10/dist-packages/custom_msgs/msg/_delta_odom.py
[1.159s] -- Up-to-date: /home/juan/Documents/fundamentos_robotica/destroyer_ws/install/custom_msgs/local/lib/python3.10/dist-packages/custom_msgs/msg/__init__.py
[1.159s] -- Up-to-date: /home/juan/Documents/fundamentos_robotica/destroyer_ws/install/custom_msgs/local/lib/python3.10/dist-packages/custom_msgs/msg/_delta_odom_s.c
[1.160s] -- Up-to-date: /home/juan/Documents/fundamentos_robotica/destroyer_ws/install/custom_msgs/local/lib/python3.10/dist-packages/custom_msgs/msg/_belief_s.c
[1.160s] -- Up-to-date: /home/juan/Documents/fundamentos_robotica/destroyer_ws/install/custom_msgs/local/lib/python3.10/dist-packages/custom_msgs/__init__.py
[1.160s] -- Up-to-date: /home/juan/Documents/fundamentos_robotica/destroyer_ws/install/custom_msgs/local/lib/python3.10/dist-packages/custom_msgs/_custom_msgs_s.ep.rosidl_typesupport_fastrtps_c.c
[1.161s] -- Up-to-date: /home/juan/Documents/fundamentos_robotica/destroyer_ws/install/custom_msgs/local/lib/python3.10/dist-packages/custom_msgs/_custom_msgs_s.ep.rosidl_typesupport_c.c
[1.161s] -- Up-to-date: /home/juan/Documents/fundamentos_robotica/destroyer_ws/install/custom_msgs/local/lib/python3.10/dist-packages/custom_msgs/custom_msgs_s__rosidl_typesupport_introspection_c.cpython-310-x86_64-linux-gnu.so
[1.161s] -- Up-to-date: /home/juan/Documents/fundamentos_robotica/destroyer_ws/install/custom_msgs/local/lib/python3.10/dist-packages/custom_msgs/custom_msgs_s__rosidl_typesupport_c.cpython-310-x86_64-linux-gnu.so
[1.272s] Listing '/home/juan/Documents/fundamentos_robotica/destroyer_ws/install/custom_msgs/local/lib/python3.10/dist-packages/custom_msgs'...
[1.272s] Listing '/home/juan/Documents/fundamentos_robotica/destroyer_ws/install/custom_msgs/local/lib/python3.10/dist-packages/custom_msgs/msg'...
[1.287s] -- Up-to-date: /home/juan/Documents/fundamentos_robotica/destroyer_ws/install/custom_msgs/local/lib/python3.10/dist-packages/custom_msgs/custom_msgs_s__rosidl_typesupport_fastrtps_c.cpython-310-x86_64-linux-gnu.so
[1.288s] -- Up-to-date: /home/juan/Documents/fundamentos_robotica/destroyer_ws/install/custom_msgs/local/lib/python3.10/dist-packages/custom_msgs/custom_msgs_s__rosidl_typesupport_introspection_c.cpython-310-x86_64-linux-gnu.so
[1.289s] -- Up-to-date: /home/juan/Documents/fundamentos_robotica/destroyer_ws/install/custom_msgs/local/lib/python3.10/dist-packages/custom_msgs/custom_msgs_s__rosidl_typesupport_c.cpython-310-x86_64-linux-gnu.so
[1.290s] -- Up-to-date: /home/juan/Documents/fundamentos_robotica/destroyer_ws/install/custom_msgs/lib/libcustom_msgs__rosidl_generator_py.so
[1.290s] -- Up-to-date: /home/juan/Documents/fundamentos_robotica/destroyer_ws/install/custom_msgs/share/custom_msgs/msg/DeltaOdom.idl
[1.291s] -- Up-to-date: /home/juan/Documents/fundamentos_robotica/destroyer_ws/install/custom_msgs/share/custom_msgs/msg/Belief.idl
[1.291s] -- Up-to-date: /home/juan/Documents/fundamentos_robotica/destroyer_ws/install/custom_msgs/share/custom_msgs/msg/DeltaOdom.msg
[1.291s] -- Up-to-date: /home/juan/Documents/fundamentos_robotica/destroyer_ws/install/custom_msgs/share/custom_msgs/msg/Belief.msg
[1.291s] -- Up-to-date: /home/juan/Documents/fundamentos_robotica/destroyer_ws/install/custom_msgs/share/ament_index/resource_index/package_run_dependencies/custom_msgs
[1.292s] -- Up-to-date: /home/juan/Documents/fundamentos_robotica/destroyer_ws/install/custom_msgs/share/ament_index/resource_index/parent_prefix_path/custom_msgs
[1.292s] -- Up-to-date: /home/juan/Documents/fundamentos_robotica/destroyer_ws/install/custom_msgs/share/custom_msgs/environment/ament_prefix_path.sh
[1.292s] -- Up-to-date: /home/juan/Documents/fundamentos_robotica/destroyer_ws/install/custom_msgs/share/custom_msgs/environment/ament_prefix_path.dsv
[1.292s] -- Up-to-date: /home/juan/Documents/fundamentos_robotica/destroyer_ws/install/custom_msgs/share/custom_msgs/environment/path.sh
[1.292s] -- Up-to-date: /home/juan/Documents/fundamentos_robotica/destroyer_ws/install/custom_msgs/share/custom_msgs/environment/path.dsv
[1.293s] -- Up-to-date: /home/juan/Documents/fundamentos_robotica/destroyer_ws/install/custom_msgs/share/custom_msgs/local_setup.bash
[1.293s] -- Up-to-date: /home/juan/Documents/fundamentos_robotica/destroyer_ws/install/custom_msgs/share/custom_msgs/local_setup.sh
[1.293s] -- Up-to-date: /home/juan/Documents/fundamentos_robotica/destroyer_ws/install/custom_msgs/share/custom_msgs/local_setup.zsh
[1.293s] -- Up-to-date: /home/juan/Documents/fundamentos_robotica/destroyer_ws/install/custom_msgs/share/custom_msgs/local_setup.dsv
[1.293s] -- Installing: /home/juan/Documents/fundamentos_robotica/destroyer_ws/install/custom_msgs/share/custom_msgs/package.dsv
[1.294s] -- Up-to-date: /home/juan/Documents/fundamentos_robotica/destroyer_ws/install/custom_msgs/share/ament_index/resource_index/packages/custom_msgs
[1.294s] -- Up-to-date: /home/juan/Documents/fundamentos_robotica/destroyer_ws/install/custom_msgs/share/custom_msgs/cmake/export_custom_msgs__rosidl_generator_cExport.cmake
[1.294s] -- Up-to-date: /home/juan/Documents/fundamentos_robotica/destroyer_ws/install/custom_msgs/share/custom_msgs/cmake/export_custom_msgs__rosidl_generator_cExport-noconfig.cmake
[1.295s] -- Up-to-date: /home/juan/Documents/fundamentos_robotica/destroyer_ws/install/custom_msgs/share/custom_msgs/cmake/export_custom_msgs__rosidl_typesupport_fastrtps_cExport.cmake
[1.295s] -- Up-to-date: /home/juan/Documents/fundamentos_robotica/destroyer_ws/install/custom_msgs/share/custom_msgs/cmake/export_custom_msgs__rosidl_typesupport_fastrtps_cExport-noconfig.cmake
[1.296s] -- Up-to-date: /home/juan/Documents/fundamentos_robotica/destroyer_ws/install/custom_msgs/share/custom_msgs/cmake/export_custom_msgs__rosidl_generator_cppExport.cmake
[1.296s] -- Up-to-date: /home/juan/Documents/fundamentos_robotica/destroyer_ws/install/custom_msgs/share/custom_msgs/cmake/export_custom_msgs__rosidl_typesupport_fastrtps_cppExport.cmake
[1.297s] -- Up-to-date: /home/juan/Documents/fundamentos_robotica/destroyer_ws/install/custom_msgs/share/custom_msgs/cmake/export_custom_msgs__rosidl_typesupport_fastrtps_cppExport-noconfig.cmake
[1.297s] -- Up-to-date: /home/juan/Documents/fundamentos_robotica/destroyer_ws/install/custom_msgs/share/custom_msgs/cmake/custom_msgs__rosidl_typesupport_introspection_cExport.cmake
[1.298s] -- Up-to-date: /home/juan/Documents/fundamentos_robotica/destroyer_ws/install/custom_msgs/share/custom_msgs/cmake/custom_msgs__rosidl_typesupport_introspection_cExport-noconfig.cmake
[1.298s] -- Up-to-date: /home/juan/Documents/fundamentos_robotica/destroyer_ws/install/custom_msgs/share/custom_msgs/cmake/custom_msgs__rosidl_typesupport_cExport.cmake
[1.298s] -- Up-to-date: /home/juan/Documents/fundamentos_robotica/destroyer_ws/install/custom_msgs/share/custom_msgs/cmake/custom_msgs__rosidl_typesupport_cExport-noconfig.cmake
[1.299s] -- Up-to-date: /home/juan/Documents/fundamentos_robotica/destroyer_ws/install/custom_msgs/share/custom_msgs/cmake/custom_msgs__rosidl_typesupport_introspection_cppExport.cmake
[1.299s] -- Up-to-date: /home/juan/Documents/fundamentos_robotica/destroyer_ws/install/custom_msgs/share/custom_msgs/cmake/custom_msgs__rosidl_typesupport_introspection_cppExport-noconfig.cmake
[1.299s] -- Up-to-date: /home/juan/Documents/fundamentos_robotica/destroyer_ws/install/custom_msgs/share/custom_msgs/cmake/custom_msgs__rosidl_typesupport_cppExport.cmake
[1.299s] -- Up-to-date: /home/juan/Documents/fundamentos_robotica/destroyer_ws/install/custom_msgs/share/custom_msgs/cmake/custom_msgs__rosidl_typesupport_cppExport-noconfig.cmake
[1.300s] -- Up-to-date: /home/juan/Documents/fundamentos_robotica/destroyer_ws/install/custom_msgs/share/custom_msgs/cmake/export_custom_msgs__rosidl_generator_pyExport.cmake
[1.300s] -- Up-to-date: /home/juan/Documents/fundamentos_robotica/destroyer_ws/install/custom_msgs/share/custom_msgs/cmake/export_custom_msgs__rosidl_generator_pyExport-noconfig.cmake
[1.300s] -- Up-to-date: /home/juan/Documents/fundamentos_robotica/destroyer_ws/install/custom_msgs/share/custom_msgs/cmake/rosidl_cmake-extras.cmake
[1.300s] -- Up-to-date: /home/juan/Documents/fundamentos_robotica/destroyer_ws/install/custom_msgs/share/custom_msgs/cmake/ament_cmake_export_dependencies-extras.cmake
[1.300s] -- Up-to-date: /home/juan/Documents/fundamentos_robotica/destroyer_ws/install/custom_msgs/share/custom_msgs/cmake/ament_cmake_export_include_directories-extras.cmake
[1.301s] -- Up-to-date: /home/juan/Documents/fundamentos_robotica/destroyer_ws/install/custom_msgs/share/custom_msgs/cmake/ament_cmake_export_libraries-extras.cmake
[1.301s] -- Up-to-date: /home/juan/Documents/fundamentos_robotica/destroyer_ws/install/custom_msgs/share/custom_msgs/cmake/ament_cmake_export_targets-extras.cmake
[1.301s] -- Up-to-date: /home/juan/Documents/fundamentos_robotica/destroyer_ws/install/custom_msgs/share/custom_msgs/cmake/rosidl_cmake_export_typesupport_targets-extras.cmake
[1.301s] -- Up-to-date: /home/juan/Documents/fundamentos_robotica/destroyer_ws/install/custom_msgs/share/custom_msgs/cmake/rosidl_cmake_export_typesupport_libraries-extras.cmake
[1.301s] -- Up-to-date: /home/juan/Documents/fundamentos_robotica/destroyer_ws/install/custom_msgs/share/custom_msgs/cmake/custom_msgsConfig.cmake
[1.302s] -- Up-to-date: /home/juan/Documents/fundamentos_robotica/destroyer_ws/install/custom_msgs/share/custom_msgs/cmake/custom_msgsConfig-version.cmake
[1.302s] -- Up-to-date: /home/juan/Documents/fundamentos_robotica/destroyer_ws/install/custom_msgs/share/custom_msgs/package.xml
[1.307s] Invoked command in '/home/juan/Documents/fundamentos_robotica/destroyer_ws/build/custom_msgs' returned '0': CMAKE_PREFIX_PATH=${CMAKE_PREFIX_PATH}:/home/juan/Documents/fundamentos_robotica/ws/install/ubicate_nene:/home/juan/Documents/fundamentos_robotica/ws/install/paquete1:/home/juan/Documents/fundamentos_robotica/ws/install/no_te_choques:/home/juan/Documents/fundamentos_robotica/ws/install/custom_code:/opt/ros/humble /usr/bin/cmake --install /home/juan/Documents/fundamentos_robotica/destroyer_ws/build/custom_msgs
