[0.371s] Invoking command in '/home/admlinar/Documents/destroyer_ws/src/tools': CMAKE_PREFIX_PATH=/home/admlinar/Documents/destroyer_ws/install/custom_msgs:/home/admlinar/Documents/destroyer_ws/install/turtlebot3_custom_simulation:/home/admlinar/Documents/destroyer_ws/install/grid_fastslam:/home/admlinar/turtlebot3_ws/install/turtlebot3:/home/admlinar/turtlebot3_ws/install/turtlebot3_simulations:/home/admlinar/turtlebot3_ws/install/turtlebot3_bringup:/home/admlinar/turtlebot3_ws/install/turtlebot3_node:/home/admlinar/turtlebot3_ws/install/turtlebot3_navigation2:/home/admlinar/turtlebot3_ws/install/turtlebot3_fake_node:/home/admlinar/turtlebot3_ws/install/turtlebot3_custom_simulation:/home/admlinar/turtlebot3_ws/install/turtlebot3_msgs:/home/admlinar/turtlebot3_ws/install/turtlebot3_manipulation_gazebo:/home/admlinar/turtlebot3_ws/install/turtlebot3_gazebo:/home/admlinar/turtlebot3_ws/install/turtlebot3_description:/home/admlinar/turtlebot3_ws/install/turtlebot3_cartographer:/home/admlinar/turtlebot3_ws/install/dynamixel_sdk_examples:/home/admlinar/turtlebot3_ws/install/dynamixel_sdk_custom_interfaces:/home/admlinar/turtlebot3_ws/install/dynamixel_sdk LD_LIBRARY_PATH=/home/admlinar/Documents/destroyer_ws/install/custom_msgs/lib:/home/admlinar/turtlebot3_ws/install/turtlebot3_msgs/lib:/home/admlinar/turtlebot3_ws/install/dynamixel_sdk_custom_interfaces/lib:/home/admlinar/turtlebot3_ws/install/dynamixel_sdk/lib:/usr/lib/x86_64-linux-gnu/gazebo-11/plugins:/opt/ros/humble/opt/rviz_ogre_vendor/lib:/opt/ros/humble/lib/x86_64-linux-gnu:/opt/ros/humble/lib:/usr/lib/x86_64-linux-gnu/gazebo-11/plugins PYTHONPATH=/home/admlinar/Documents/destroyer_ws/build/tools/prefix_override:/usr/lib/python3/dist-packages/colcon_core/task/python/colcon_distutils_commands:/home/admlinar/Documents/destroyer_ws/install/tools/lib/python3.10/site-packages:${PYTHONPATH} /usr/bin/python3 -W ignore:setup.py install is deprecated -W ignore:easy_install command is deprecated setup.py egg_info --egg-base ../../build/tools build --build-base /home/admlinar/Documents/destroyer_ws/build/tools/build install --record /home/admlinar/Documents/destroyer_ws/build/tools/install.log --single-version-externally-managed install_data
[0.505s] running egg_info
[0.505s] writing ../../build/tools/tools.egg-info/PKG-INFO
[0.505s] writing dependency_links to ../../build/tools/tools.egg-info/dependency_links.txt
[0.505s] writing entry points to ../../build/tools/tools.egg-info/entry_points.txt
[0.505s] writing requirements to ../../build/tools/tools.egg-info/requires.txt
[0.506s] writing top-level names to ../../build/tools/tools.egg-info/top_level.txt
[0.507s] reading manifest file '../../build/tools/tools.egg-info/SOURCES.txt'
[0.507s] adding license file 'LICENSE'
[0.507s] writing manifest file '../../build/tools/tools.egg-info/SOURCES.txt'
[0.507s] running build
[0.507s] running build_py
[0.507s] running install
[0.507s] running install_lib
[0.508s] running install_data
[0.508s] running install_egg_info
[0.509s] removing '/home/admlinar/Documents/destroyer_ws/install/tools/lib/python3.10/site-packages/tools-0.0.0-py3.10.egg-info' (and everything under it)
[0.509s] Copying ../../build/tools/tools.egg-info to /home/admlinar/Documents/destroyer_ws/install/tools/lib/python3.10/site-packages/tools-0.0.0-py3.10.egg-info
[0.510s] running install_scripts
[0.523s] Installing delta_odom script to /home/admlinar/Documents/destroyer_ws/install/tools/lib/tools
[0.523s] Installing map_saver script to /home/admlinar/Documents/destroyer_ws/install/tools/lib/tools
[0.523s] writing list of installed files to '/home/admlinar/Documents/destroyer_ws/build/tools/install.log'
[0.540s] Invoked command in '/home/admlinar/Documents/destroyer_ws/src/tools' returned '0': CMAKE_PREFIX_PATH=/home/admlinar/Documents/destroyer_ws/install/custom_msgs:/home/admlinar/Documents/destroyer_ws/install/turtlebot3_custom_simulation:/home/admlinar/Documents/destroyer_ws/install/grid_fastslam:/home/admlinar/turtlebot3_ws/install/turtlebot3:/home/admlinar/turtlebot3_ws/install/turtlebot3_simulations:/home/admlinar/turtlebot3_ws/install/turtlebot3_bringup:/home/admlinar/turtlebot3_ws/install/turtlebot3_node:/home/admlinar/turtlebot3_ws/install/turtlebot3_navigation2:/home/admlinar/turtlebot3_ws/install/turtlebot3_fake_node:/home/admlinar/turtlebot3_ws/install/turtlebot3_custom_simulation:/home/admlinar/turtlebot3_ws/install/turtlebot3_msgs:/home/admlinar/turtlebot3_ws/install/turtlebot3_manipulation_gazebo:/home/admlinar/turtlebot3_ws/install/turtlebot3_gazebo:/home/admlinar/turtlebot3_ws/install/turtlebot3_description:/home/admlinar/turtlebot3_ws/install/turtlebot3_cartographer:/home/admlinar/turtlebot3_ws/install/dynamixel_sdk_examples:/home/admlinar/turtlebot3_ws/install/dynamixel_sdk_custom_interfaces:/home/admlinar/turtlebot3_ws/install/dynamixel_sdk LD_LIBRARY_PATH=/home/admlinar/Documents/destroyer_ws/install/custom_msgs/lib:/home/admlinar/turtlebot3_ws/install/turtlebot3_msgs/lib:/home/admlinar/turtlebot3_ws/install/dynamixel_sdk_custom_interfaces/lib:/home/admlinar/turtlebot3_ws/install/dynamixel_sdk/lib:/usr/lib/x86_64-linux-gnu/gazebo-11/plugins:/opt/ros/humble/opt/rviz_ogre_vendor/lib:/opt/ros/humble/lib/x86_64-linux-gnu:/opt/ros/humble/lib:/usr/lib/x86_64-linux-gnu/gazebo-11/plugins PYTHONPATH=/home/admlinar/Documents/destroyer_ws/build/tools/prefix_override:/usr/lib/python3/dist-packages/colcon_core/task/python/colcon_distutils_commands:/home/admlinar/Documents/destroyer_ws/install/tools/lib/python3.10/site-packages:${PYTHONPATH} /usr/bin/python3 -W ignore:setup.py install is deprecated -W ignore:easy_install command is deprecated setup.py egg_info --egg-base ../../build/tools build --build-base /home/admlinar/Documents/destroyer_ws/build/tools/build install --record /home/admlinar/Documents/destroyer_ws/build/tools/install.log --single-version-externally-managed install_data
