[1.785s] Invoking command in '/home/juan/Documents/fundamentos_robotica/destroyer_ws/src/mappeate_y_ubicate': PYTHONPATH=/home/juan/Documents/fundamentos_robotica/destroyer_ws/build/mappeate_y_ubicate/prefix_override:/usr/lib/python3/dist-packages/colcon_core/task/python/colcon_distutils_commands:/home/juan/Documents/fundamentos_robotica/destroyer_ws/install/mappeate_y_ubicate/lib/python3.10/site-packages:${PYTHONPATH} /usr/bin/python3 -W ignore:setup.py install is deprecated -W ignore:easy_install command is deprecated setup.py egg_info --egg-base ../../build/mappeate_y_ubicate build --build-base /home/juan/Documents/fundamentos_robotica/destroyer_ws/build/mappeate_y_ubicate/build install --record /home/juan/Documents/fundamentos_robotica/destroyer_ws/build/mappeate_y_ubicate/install.log --single-version-externally-managed install_data
[2.399s] running egg_info
[2.400s] writing ../../build/mappeate_y_ubicate/mappeate_y_ubicate.egg-info/PKG-INFO
[2.401s] writing dependency_links to ../../build/mappeate_y_ubicate/mappeate_y_ubicate.egg-info/dependency_links.txt
[2.401s] writing entry points to ../../build/mappeate_y_ubicate/mappeate_y_ubicate.egg-info/entry_points.txt
[2.402s] writing requirements to ../../build/mappeate_y_ubicate/mappeate_y_ubicate.egg-info/requires.txt
[2.402s] writing top-level names to ../../build/mappeate_y_ubicate/mappeate_y_ubicate.egg-info/top_level.txt
[2.406s] reading manifest file '../../build/mappeate_y_ubicate/mappeate_y_ubicate.egg-info/SOURCES.txt'
[2.406s] adding license file 'LICENSE'
[2.409s] writing manifest file '../../build/mappeate_y_ubicate/mappeate_y_ubicate.egg-info/SOURCES.txt'
[2.409s] running build
[2.409s] running build_py
[2.409s] copying mappeate_y_ubicate/fastslam.py -> /home/juan/Documents/fundamentos_robotica/destroyer_ws/build/mappeate_y_ubicate/build/lib/mappeate_y_ubicate
[2.411s] running install
[2.412s] running install_lib
[2.414s] copying /home/juan/Documents/fundamentos_robotica/destroyer_ws/build/mappeate_y_ubicate/build/lib/mappeate_y_ubicate/fastslam.py -> /home/juan/Documents/fundamentos_robotica/destroyer_ws/install/mappeate_y_ubicate/lib/python3.10/site-packages/mappeate_y_ubicate
[2.415s] byte-compiling /home/juan/Documents/fundamentos_robotica/destroyer_ws/install/mappeate_y_ubicate/lib/python3.10/site-packages/mappeate_y_ubicate/fastslam.py to fastslam.cpython-310.pyc
[2.419s] running install_data
[2.419s] running install_egg_info
[2.423s] removing '/home/juan/Documents/fundamentos_robotica/destroyer_ws/install/mappeate_y_ubicate/lib/python3.10/site-packages/mappeate_y_ubicate-0.0.0-py3.10.egg-info' (and everything under it)
[2.424s] Copying ../../build/mappeate_y_ubicate/mappeate_y_ubicate.egg-info to /home/juan/Documents/fundamentos_robotica/destroyer_ws/install/mappeate_y_ubicate/lib/python3.10/site-packages/mappeate_y_ubicate-0.0.0-py3.10.egg-info
[2.425s] running install_scripts
[2.469s] Installing delta_odom script to /home/juan/Documents/fundamentos_robotica/destroyer_ws/install/mappeate_y_ubicate/lib/mappeate_y_ubicate
[2.470s] Installing fastslam script to /home/juan/Documents/fundamentos_robotica/destroyer_ws/install/mappeate_y_ubicate/lib/mappeate_y_ubicate
[2.470s] writing list of installed files to '/home/juan/Documents/fundamentos_robotica/destroyer_ws/build/mappeate_y_ubicate/install.log'
[2.525s] Invoked command in '/home/juan/Documents/fundamentos_robotica/destroyer_ws/src/mappeate_y_ubicate' returned '0': PYTHONPATH=/home/juan/Documents/fundamentos_robotica/destroyer_ws/build/mappeate_y_ubicate/prefix_override:/usr/lib/python3/dist-packages/colcon_core/task/python/colcon_distutils_commands:/home/juan/Documents/fundamentos_robotica/destroyer_ws/install/mappeate_y_ubicate/lib/python3.10/site-packages:${PYTHONPATH} /usr/bin/python3 -W ignore:setup.py install is deprecated -W ignore:easy_install command is deprecated setup.py egg_info --egg-base ../../build/mappeate_y_ubicate build --build-base /home/juan/Documents/fundamentos_robotica/destroyer_ws/build/mappeate_y_ubicate/build install --record /home/juan/Documents/fundamentos_robotica/destroyer_ws/build/mappeate_y_ubicate/install.log --single-version-externally-managed install_data
