[0.025s] Invoking command in '/home/juan/Documents/fundamentos_robotica/destroyer_ws/build/custom_msgs': CMAKE_PREFIX_PATH=${CMAKE_PREFIX_PATH}:/home/juan/Documents/fundamentos_robotica/ws/install/ubicate_nene:/home/juan/Documents/fundamentos_robotica/ws/install/paquete1:/home/juan/Documents/fundamentos_robotica/ws/install/no_te_choques:/home/juan/Documents/fundamentos_robotica/ws/install/custom_code:/opt/ros/humble /usr/bin/cmake --build /home/juan/Documents/fundamentos_robotica/destroyer_ws/build/custom_msgs -- -j12 -l12
[0.298s] [  2%] Built target custom_msgs__cpp
[0.298s] [ 12%] Built target custom_msgs__rosidl_generator_c
[0.299s] [ 12%] Built target ament_cmake_python_copy_custom_msgs
[0.299s] [ 41%] Built target custom_msgs__rosidl_typesupport_c
[0.299s] [ 41%] Built target custom_msgs__rosidl_typesupport_cpp
[0.299s] [ 43%] Built target custom_msgs__rosidl_typesupport_introspection_cpp
[0.299s] [ 53%] Built target custom_msgs__rosidl_typesupport_introspection_c
[0.299s] [ 64%] Built target custom_msgs__rosidl_typesupport_fastrtps_cpp
[0.299s] [ 74%] Built target custom_msgs__rosidl_typesupport_fastrtps_c
[0.299s] [ 74%] Built target custom_msgs
[0.299s] [ 76%] Built target custom_msgs__py
[0.299s] [ 84%] Built target custom_msgs__rosidl_generator_py
[0.300s] [100%] Built target custom_msgs__rosidl_typesupport_introspection_c__pyext
[0.300s] [100%] Built target custom_msgs__rosidl_typesupport_fastrtps_c__pyext
[0.300s] [100%] Built target custom_msgs__rosidl_typesupport_c__pyext
[0.373s] running egg_info
[0.374s] writing custom_msgs.egg-info/PKG-INFO
[0.374s] writing dependency_links to custom_msgs.egg-info/dependency_links.txt
[0.374s] writing top-level names to custom_msgs.egg-info/top_level.txt
[0.377s] reading manifest file 'custom_msgs.egg-info/SOURCES.txt'
[0.377s] writing manifest file 'custom_msgs.egg-info/SOURCES.txt'
[0.414s] [100%] Built target ament_cmake_python_build_custom_msgs_egg
[0.434s] Invoked command in '/home/juan/Documents/fundamentos_robotica/destroyer_ws/build/custom_msgs' returned '0': CMAKE_PREFIX_PATH=${CMAKE_PREFIX_PATH}:/home/juan/Documents/fundamentos_robotica/ws/install/ubicate_nene:/home/juan/Documents/fundamentos_robotica/ws/install/paquete1:/home/juan/Documents/fundamentos_robotica/ws/install/no_te_choques:/home/juan/Documents/fundamentos_robotica/ws/install/custom_code:/opt/ros/humble /usr/bin/cmake --build /home/juan/Documents/fundamentos_robotica/destroyer_ws/build/custom_msgs -- -j12 -l12
[0.436s] Invoking command in '/home/juan/Documents/fundamentos_robotica/destroyer_ws/build/custom_msgs': CMAKE_PREFIX_PATH=${CMAKE_PREFIX_PATH}:/home/juan/Documents/fundamentos_robotica/ws/install/ubicate_nene:/home/juan/Documents/fundamentos_robotica/ws/install/paquete1:/home/juan/Documents/fundamentos_robotica/ws/install/no_te_choques:/home/juan/Documents/fundamentos_robotica/ws/install/custom_code:/opt/ros/humble /usr/bin/cmake --install /home/juan/Documents/fundamentos_robotica/destroyer_ws/build/custom_msgs
[0.445s] -- Install configuration: ""
[0.445s] -- Up-to-date: /home/juan/Documents/fundamentos_robotica/destroyer_ws/install/custom_msgs/share/ament_index/resource_index/rosidl_interfaces/custom_msgs
[0.446s] -- Up-to-date: /home/juan/Documents/fundamentos_robotica/destroyer_ws/install/custom_msgs/include/custom_msgs/custom_msgs
[0.446s] -- Up-to-date: /home/juan/Documents/fundamentos_robotica/destroyer_ws/install/custom_msgs/include/custom_msgs/custom_msgs/msg
[0.446s] -- Up-to-date: /home/juan/Documents/fundamentos_robotica/destroyer_ws/install/custom_msgs/include/custom_msgs/custom_msgs/msg/belief.h
[0.446s] -- Up-to-date: /home/juan/Documents/fundamentos_robotica/destroyer_ws/install/custom_msgs/include/custom_msgs/custom_msgs/msg/detail
[0.446s] -- Up-to-date: /home/juan/Documents/fundamentos_robotica/destroyer_ws/install/custom_msgs/include/custom_msgs/custom_msgs/msg/detail/belief__type_support.h
[0.446s] -- Up-to-date: /home/juan/Documents/fundamentos_robotica/destroyer_ws/install/custom_msgs/include/custom_msgs/custom_msgs/msg/detail/belief__struct.h
[0.446s] -- Up-to-date: /home/juan/Documents/fundamentos_robotica/destroyer_ws/install/custom_msgs/include/custom_msgs/custom_msgs/msg/detail/delta_odom__struct.h
[0.447s] -- Up-to-date: /home/juan/Documents/fundamentos_robotica/destroyer_ws/install/custom_msgs/include/custom_msgs/custom_msgs/msg/detail/delta_odom__functions.h
[0.447s] -- Up-to-date: /home/juan/Documents/fundamentos_robotica/destroyer_ws/install/custom_msgs/include/custom_msgs/custom_msgs/msg/detail/belief__functions.c
[0.447s] -- Up-to-date: /home/juan/Documents/fundamentos_robotica/destroyer_ws/install/custom_msgs/include/custom_msgs/custom_msgs/msg/detail/delta_odom__functions.c
[0.447s] -- Up-to-date: /home/juan/Documents/fundamentos_robotica/destroyer_ws/install/custom_msgs/include/custom_msgs/custom_msgs/msg/detail/delta_odom__type_support.h
[0.447s] -- Up-to-date: /home/juan/Documents/fundamentos_robotica/destroyer_ws/install/custom_msgs/include/custom_msgs/custom_msgs/msg/detail/belief__functions.h
[0.447s] -- Up-to-date: /home/juan/Documents/fundamentos_robotica/destroyer_ws/install/custom_msgs/include/custom_msgs/custom_msgs/msg/rosidl_generator_c__visibility_control.h
[0.447s] -- Up-to-date: /home/juan/Documents/fundamentos_robotica/destroyer_ws/install/custom_msgs/include/custom_msgs/custom_msgs/msg/delta_odom.h
[0.447s] -- Up-to-date: /home/juan/Documents/fundamentos_robotica/destroyer_ws/install/custom_msgs/share/custom_msgs/environment/library_path.sh
[0.447s] -- Up-to-date: /home/juan/Documents/fundamentos_robotica/destroyer_ws/install/custom_msgs/share/custom_msgs/environment/library_path.dsv
[0.447s] -- Up-to-date: /home/juan/Documents/fundamentos_robotica/destroyer_ws/install/custom_msgs/lib/libcustom_msgs__rosidl_generator_c.so
[0.447s] -- Up-to-date: /home/juan/Documents/fundamentos_robotica/destroyer_ws/install/custom_msgs/include/custom_msgs/custom_msgs
[0.447s] -- Up-to-date: /home/juan/Documents/fundamentos_robotica/destroyer_ws/install/custom_msgs/include/custom_msgs/custom_msgs/msg
[0.448s] -- Up-to-date: /home/juan/Documents/fundamentos_robotica/destroyer_ws/install/custom_msgs/include/custom_msgs/custom_msgs/msg/rosidl_typesupport_fastrtps_c__visibility_control.h
[0.448s] -- Up-to-date: /home/juan/Documents/fundamentos_robotica/destroyer_ws/install/custom_msgs/include/custom_msgs/custom_msgs/msg/detail
[0.448s] -- Up-to-date: /home/juan/Documents/fundamentos_robotica/destroyer_ws/install/custom_msgs/include/custom_msgs/custom_msgs/msg/detail/belief__rosidl_typesupport_fastrtps_c.h
[0.448s] -- Up-to-date: /home/juan/Documents/fundamentos_robotica/destroyer_ws/install/custom_msgs/include/custom_msgs/custom_msgs/msg/detail/delta_odom__rosidl_typesupport_fastrtps_c.h
[0.448s] -- Up-to-date: /home/juan/Documents/fundamentos_robotica/destroyer_ws/install/custom_msgs/lib/libcustom_msgs__rosidl_typesupport_fastrtps_c.so
[0.448s] -- Up-to-date: /home/juan/Documents/fundamentos_robotica/destroyer_ws/install/custom_msgs/include/custom_msgs/custom_msgs
[0.448s] -- Up-to-date: /home/juan/Documents/fundamentos_robotica/destroyer_ws/install/custom_msgs/include/custom_msgs/custom_msgs/msg
[0.448s] -- Up-to-date: /home/juan/Documents/fundamentos_robotica/destroyer_ws/install/custom_msgs/include/custom_msgs/custom_msgs/msg/rosidl_generator_cpp__visibility_control.hpp
[0.448s] -- Up-to-date: /home/juan/Documents/fundamentos_robotica/destroyer_ws/install/custom_msgs/include/custom_msgs/custom_msgs/msg/delta_odom.hpp
[0.448s] -- Up-to-date: /home/juan/Documents/fundamentos_robotica/destroyer_ws/install/custom_msgs/include/custom_msgs/custom_msgs/msg/belief.hpp
[0.448s] -- Up-to-date: /home/juan/Documents/fundamentos_robotica/destroyer_ws/install/custom_msgs/include/custom_msgs/custom_msgs/msg/detail
[0.448s] -- Up-to-date: /home/juan/Documents/fundamentos_robotica/destroyer_ws/install/custom_msgs/include/custom_msgs/custom_msgs/msg/detail/delta_odom__traits.hpp
[0.448s] -- Up-to-date: /home/juan/Documents/fundamentos_robotica/destroyer_ws/install/custom_msgs/include/custom_msgs/custom_msgs/msg/detail/delta_odom__struct.hpp
[0.449s] -- Up-to-date: /home/juan/Documents/fundamentos_robotica/destroyer_ws/install/custom_msgs/include/custom_msgs/custom_msgs/msg/detail/belief__builder.hpp
[0.449s] -- Up-to-date: /home/juan/Documents/fundamentos_robotica/destroyer_ws/install/custom_msgs/include/custom_msgs/custom_msgs/msg/detail/belief__traits.hpp
[0.449s] -- Up-to-date: /home/juan/Documents/fundamentos_robotica/destroyer_ws/install/custom_msgs/include/custom_msgs/custom_msgs/msg/detail/belief__type_support.hpp
[0.449s] -- Up-to-date: /home/juan/Documents/fundamentos_robotica/destroyer_ws/install/custom_msgs/include/custom_msgs/custom_msgs/msg/detail/delta_odom__builder.hpp
[0.449s] -- Up-to-date: /home/juan/Documents/fundamentos_robotica/destroyer_ws/install/custom_msgs/include/custom_msgs/custom_msgs/msg/detail/delta_odom__type_support.hpp
[0.449s] -- Up-to-date: /home/juan/Documents/fundamentos_robotica/destroyer_ws/install/custom_msgs/include/custom_msgs/custom_msgs/msg/detail/belief__struct.hpp
[0.449s] -- Up-to-date: /home/juan/Documents/fundamentos_robotica/destroyer_ws/install/custom_msgs/include/custom_msgs/custom_msgs
[0.449s] -- Up-to-date: /home/juan/Documents/fundamentos_robotica/destroyer_ws/install/custom_msgs/include/custom_msgs/custom_msgs/msg
[0.449s] -- Up-to-date: /home/juan/Documents/fundamentos_robotica/destroyer_ws/install/custom_msgs/include/custom_msgs/custom_msgs/msg/detail
[0.449s] -- Up-to-date: /home/juan/Documents/fundamentos_robotica/destroyer_ws/install/custom_msgs/include/custom_msgs/custom_msgs/msg/detail/belief__rosidl_typesupport_fastrtps_cpp.hpp
[0.449s] -- Up-to-date: /home/juan/Documents/fundamentos_robotica/destroyer_ws/install/custom_msgs/include/custom_msgs/custom_msgs/msg/detail/delta_odom__rosidl_typesupport_fastrtps_cpp.hpp
[0.449s] -- Up-to-date: /home/juan/Documents/fundamentos_robotica/destroyer_ws/install/custom_msgs/include/custom_msgs/custom_msgs/msg/detail/dds_fastrtps
[0.449s] -- Up-to-date: /home/juan/Documents/fundamentos_robotica/destroyer_ws/install/custom_msgs/include/custom_msgs/custom_msgs/msg/rosidl_typesupport_fastrtps_cpp__visibility_control.h
[0.449s] -- Up-to-date: /home/juan/Documents/fundamentos_robotica/destroyer_ws/install/custom_msgs/lib/libcustom_msgs__rosidl_typesupport_fastrtps_cpp.so
[0.450s] -- Up-to-date: /home/juan/Documents/fundamentos_robotica/destroyer_ws/install/custom_msgs/include/custom_msgs/custom_msgs
[0.450s] -- Up-to-date: /home/juan/Documents/fundamentos_robotica/destroyer_ws/install/custom_msgs/include/custom_msgs/custom_msgs/msg
[0.450s] -- Up-to-date: /home/juan/Documents/fundamentos_robotica/destroyer_ws/install/custom_msgs/include/custom_msgs/custom_msgs/msg/detail
[0.450s] -- Up-to-date: /home/juan/Documents/fundamentos_robotica/destroyer_ws/install/custom_msgs/include/custom_msgs/custom_msgs/msg/detail/belief__type_support.c
[0.450s] -- Up-to-date: /home/juan/Documents/fundamentos_robotica/destroyer_ws/install/custom_msgs/include/custom_msgs/custom_msgs/msg/detail/delta_odom__type_support.c
[0.450s] -- Up-to-date: /home/juan/Documents/fundamentos_robotica/destroyer_ws/install/custom_msgs/include/custom_msgs/custom_msgs/msg/detail/belief__rosidl_typesupport_introspection_c.h
[0.450s] -- Up-to-date: /home/juan/Documents/fundamentos_robotica/destroyer_ws/install/custom_msgs/include/custom_msgs/custom_msgs/msg/detail/delta_odom__rosidl_typesupport_introspection_c.h
[0.450s] -- Up-to-date: /home/juan/Documents/fundamentos_robotica/destroyer_ws/install/custom_msgs/include/custom_msgs/custom_msgs/msg/rosidl_typesupport_introspection_c__visibility_control.h
[0.450s] -- Up-to-date: /home/juan/Documents/fundamentos_robotica/destroyer_ws/install/custom_msgs/lib/libcustom_msgs__rosidl_typesupport_introspection_c.so
[0.450s] -- Up-to-date: /home/juan/Documents/fundamentos_robotica/destroyer_ws/install/custom_msgs/lib/libcustom_msgs__rosidl_typesupport_c.so
[0.450s] -- Up-to-date: /home/juan/Documents/fundamentos_robotica/destroyer_ws/install/custom_msgs/include/custom_msgs/custom_msgs
[0.450s] -- Up-to-date: /home/juan/Documents/fundamentos_robotica/destroyer_ws/install/custom_msgs/include/custom_msgs/custom_msgs/msg
[0.450s] -- Up-to-date: /home/juan/Documents/fundamentos_robotica/destroyer_ws/install/custom_msgs/include/custom_msgs/custom_msgs/msg/detail
[0.450s] -- Up-to-date: /home/juan/Documents/fundamentos_robotica/destroyer_ws/install/custom_msgs/include/custom_msgs/custom_msgs/msg/detail/delta_odom__type_support.cpp
[0.451s] -- Up-to-date: /home/juan/Documents/fundamentos_robotica/destroyer_ws/install/custom_msgs/include/custom_msgs/custom_msgs/msg/detail/delta_odom__rosidl_typesupport_introspection_cpp.hpp
[0.451s] -- Up-to-date: /home/juan/Documents/fundamentos_robotica/destroyer_ws/install/custom_msgs/include/custom_msgs/custom_msgs/msg/detail/belief__rosidl_typesupport_introspection_cpp.hpp
[0.451s] -- Up-to-date: /home/juan/Documents/fundamentos_robotica/destroyer_ws/install/custom_msgs/include/custom_msgs/custom_msgs/msg/detail/belief__type_support.cpp
[0.451s] -- Up-to-date: /home/juan/Documents/fundamentos_robotica/destroyer_ws/install/custom_msgs/lib/libcustom_msgs__rosidl_typesupport_introspection_cpp.so
[0.451s] -- Up-to-date: /home/juan/Documents/fundamentos_robotica/destroyer_ws/install/custom_msgs/lib/libcustom_msgs__rosidl_typesupport_cpp.so
[0.451s] -- Up-to-date: /home/juan/Documents/fundamentos_robotica/destroyer_ws/install/custom_msgs/share/custom_msgs/environment/pythonpath.sh
[0.451s] -- Up-to-date: /home/juan/Documents/fundamentos_robotica/destroyer_ws/install/custom_msgs/share/custom_msgs/environment/pythonpath.dsv
[0.451s] -- Up-to-date: /home/juan/Documents/fundamentos_robotica/destroyer_ws/install/custom_msgs/local/lib/python3.10/dist-packages/custom_msgs-0.0.0-py3.10.egg-info
[0.452s] -- Installing: /home/juan/Documents/fundamentos_robotica/destroyer_ws/install/custom_msgs/local/lib/python3.10/dist-packages/custom_msgs-0.0.0-py3.10.egg-info/PKG-INFO
[0.452s] -- Installing: /home/juan/Documents/fundamentos_robotica/destroyer_ws/install/custom_msgs/local/lib/python3.10/dist-packages/custom_msgs-0.0.0-py3.10.egg-info/dependency_links.txt
[0.452s] -- Installing: /home/juan/Documents/fundamentos_robotica/destroyer_ws/install/custom_msgs/local/lib/python3.10/dist-packages/custom_msgs-0.0.0-py3.10.egg-info/top_level.txt
[0.452s] -- Installing: /home/juan/Documents/fundamentos_robotica/destroyer_ws/install/custom_msgs/local/lib/python3.10/dist-packages/custom_msgs-0.0.0-py3.10.egg-info/SOURCES.txt
[0.452s] -- Up-to-date: /home/juan/Documents/fundamentos_robotica/destroyer_ws/install/custom_msgs/local/lib/python3.10/dist-packages/custom_msgs
[0.452s] -- Up-to-date: /home/juan/Documents/fundamentos_robotica/destroyer_ws/install/custom_msgs/local/lib/python3.10/dist-packages/custom_msgs/custom_msgs_s__rosidl_typesupport_fastrtps_c.cpython-310-x86_64-linux-gnu.so
[0.452s] -- Up-to-date: /home/juan/Documents/fundamentos_robotica/destroyer_ws/install/custom_msgs/local/lib/python3.10/dist-packages/custom_msgs/_custom_msgs_s.ep.rosidl_typesupport_introspection_c.c
[0.452s] -- Up-to-date: /home/juan/Documents/fundamentos_robotica/destroyer_ws/install/custom_msgs/local/lib/python3.10/dist-packages/custom_msgs/libcustom_msgs__rosidl_generator_py.so
[0.453s] -- Up-to-date: /home/juan/Documents/fundamentos_robotica/destroyer_ws/install/custom_msgs/local/lib/python3.10/dist-packages/custom_msgs/msg
[0.453s] -- Up-to-date: /home/juan/Documents/fundamentos_robotica/destroyer_ws/install/custom_msgs/local/lib/python3.10/dist-packages/custom_msgs/msg/_belief.py
[0.453s] -- Up-to-date: /home/juan/Documents/fundamentos_robotica/destroyer_ws/install/custom_msgs/local/lib/python3.10/dist-packages/custom_msgs/msg/_delta_odom.py
[0.453s] -- Up-to-date: /home/juan/Documents/fundamentos_robotica/destroyer_ws/install/custom_msgs/local/lib/python3.10/dist-packages/custom_msgs/msg/__init__.py
[0.453s] -- Up-to-date: /home/juan/Documents/fundamentos_robotica/destroyer_ws/install/custom_msgs/local/lib/python3.10/dist-packages/custom_msgs/msg/_delta_odom_s.c
[0.453s] -- Up-to-date: /home/juan/Documents/fundamentos_robotica/destroyer_ws/install/custom_msgs/local/lib/python3.10/dist-packages/custom_msgs/msg/_belief_s.c
[0.453s] -- Up-to-date: /home/juan/Documents/fundamentos_robotica/destroyer_ws/install/custom_msgs/local/lib/python3.10/dist-packages/custom_msgs/__init__.py
[0.453s] -- Up-to-date: /home/juan/Documents/fundamentos_robotica/destroyer_ws/install/custom_msgs/local/lib/python3.10/dist-packages/custom_msgs/_custom_msgs_s.ep.rosidl_typesupport_fastrtps_c.c
[0.453s] -- Up-to-date: /home/juan/Documents/fundamentos_robotica/destroyer_ws/install/custom_msgs/local/lib/python3.10/dist-packages/custom_msgs/_custom_msgs_s.ep.rosidl_typesupport_c.c
[0.453s] -- Up-to-date: /home/juan/Documents/fundamentos_robotica/destroyer_ws/install/custom_msgs/local/lib/python3.10/dist-packages/custom_msgs/custom_msgs_s__rosidl_typesupport_introspection_c.cpython-310-x86_64-linux-gnu.so
[0.453s] -- Up-to-date: /home/juan/Documents/fundamentos_robotica/destroyer_ws/install/custom_msgs/local/lib/python3.10/dist-packages/custom_msgs/custom_msgs_s__rosidl_typesupport_c.cpython-310-x86_64-linux-gnu.so
[0.483s] Listing '/home/juan/Documents/fundamentos_robotica/destroyer_ws/install/custom_msgs/local/lib/python3.10/dist-packages/custom_msgs'...
[0.483s] Listing '/home/juan/Documents/fundamentos_robotica/destroyer_ws/install/custom_msgs/local/lib/python3.10/dist-packages/custom_msgs/msg'...
[0.489s] -- Up-to-date: /home/juan/Documents/fundamentos_robotica/destroyer_ws/install/custom_msgs/local/lib/python3.10/dist-packages/custom_msgs/custom_msgs_s__rosidl_typesupport_fastrtps_c.cpython-310-x86_64-linux-gnu.so
[0.490s] -- Up-to-date: /home/juan/Documents/fundamentos_robotica/destroyer_ws/install/custom_msgs/local/lib/python3.10/dist-packages/custom_msgs/custom_msgs_s__rosidl_typesupport_introspection_c.cpython-310-x86_64-linux-gnu.so
[0.490s] -- Up-to-date: /home/juan/Documents/fundamentos_robotica/destroyer_ws/install/custom_msgs/local/lib/python3.10/dist-packages/custom_msgs/custom_msgs_s__rosidl_typesupport_c.cpython-310-x86_64-linux-gnu.so
[0.491s] -- Up-to-date: /home/juan/Documents/fundamentos_robotica/destroyer_ws/install/custom_msgs/lib/libcustom_msgs__rosidl_generator_py.so
[0.491s] -- Up-to-date: /home/juan/Documents/fundamentos_robotica/destroyer_ws/install/custom_msgs/share/custom_msgs/msg/DeltaOdom.idl
[0.491s] -- Up-to-date: /home/juan/Documents/fundamentos_robotica/destroyer_ws/install/custom_msgs/share/custom_msgs/msg/Belief.idl
[0.491s] -- Up-to-date: /home/juan/Documents/fundamentos_robotica/destroyer_ws/install/custom_msgs/share/custom_msgs/msg/DeltaOdom.msg
[0.491s] -- Up-to-date: /home/juan/Documents/fundamentos_robotica/destroyer_ws/install/custom_msgs/share/custom_msgs/msg/Belief.msg
[0.492s] -- Up-to-date: /home/juan/Documents/fundamentos_robotica/destroyer_ws/install/custom_msgs/share/ament_index/resource_index/package_run_dependencies/custom_msgs
[0.492s] -- Up-to-date: /home/juan/Documents/fundamentos_robotica/destroyer_ws/install/custom_msgs/share/ament_index/resource_index/parent_prefix_path/custom_msgs
[0.492s] -- Up-to-date: /home/juan/Documents/fundamentos_robotica/destroyer_ws/install/custom_msgs/share/custom_msgs/environment/ament_prefix_path.sh
[0.492s] -- Up-to-date: /home/juan/Documents/fundamentos_robotica/destroyer_ws/install/custom_msgs/share/custom_msgs/environment/ament_prefix_path.dsv
[0.492s] -- Up-to-date: /home/juan/Documents/fundamentos_robotica/destroyer_ws/install/custom_msgs/share/custom_msgs/environment/path.sh
[0.492s] -- Up-to-date: /home/juan/Documents/fundamentos_robotica/destroyer_ws/install/custom_msgs/share/custom_msgs/environment/path.dsv
[0.492s] -- Up-to-date: /home/juan/Documents/fundamentos_robotica/destroyer_ws/install/custom_msgs/share/custom_msgs/local_setup.bash
[0.492s] -- Up-to-date: /home/juan/Documents/fundamentos_robotica/destroyer_ws/install/custom_msgs/share/custom_msgs/local_setup.sh
[0.492s] -- Up-to-date: /home/juan/Documents/fundamentos_robotica/destroyer_ws/install/custom_msgs/share/custom_msgs/local_setup.zsh
[0.492s] -- Up-to-date: /home/juan/Documents/fundamentos_robotica/destroyer_ws/install/custom_msgs/share/custom_msgs/local_setup.dsv
[0.492s] -- Installing: /home/juan/Documents/fundamentos_robotica/destroyer_ws/install/custom_msgs/share/custom_msgs/package.dsv
[0.492s] -- Up-to-date: /home/juan/Documents/fundamentos_robotica/destroyer_ws/install/custom_msgs/share/ament_index/resource_index/packages/custom_msgs
[0.493s] -- Up-to-date: /home/juan/Documents/fundamentos_robotica/destroyer_ws/install/custom_msgs/share/custom_msgs/cmake/export_custom_msgs__rosidl_generator_cExport.cmake
[0.493s] -- Up-to-date: /home/juan/Documents/fundamentos_robotica/destroyer_ws/install/custom_msgs/share/custom_msgs/cmake/export_custom_msgs__rosidl_generator_cExport-noconfig.cmake
[0.493s] -- Up-to-date: /home/juan/Documents/fundamentos_robotica/destroyer_ws/install/custom_msgs/share/custom_msgs/cmake/export_custom_msgs__rosidl_typesupport_fastrtps_cExport.cmake
[0.493s] -- Up-to-date: /home/juan/Documents/fundamentos_robotica/destroyer_ws/install/custom_msgs/share/custom_msgs/cmake/export_custom_msgs__rosidl_typesupport_fastrtps_cExport-noconfig.cmake
[0.494s] -- Up-to-date: /home/juan/Documents/fundamentos_robotica/destroyer_ws/install/custom_msgs/share/custom_msgs/cmake/export_custom_msgs__rosidl_generator_cppExport.cmake
[0.494s] -- Up-to-date: /home/juan/Documents/fundamentos_robotica/destroyer_ws/install/custom_msgs/share/custom_msgs/cmake/export_custom_msgs__rosidl_typesupport_fastrtps_cppExport.cmake
[0.494s] -- Up-to-date: /home/juan/Documents/fundamentos_robotica/destroyer_ws/install/custom_msgs/share/custom_msgs/cmake/export_custom_msgs__rosidl_typesupport_fastrtps_cppExport-noconfig.cmake
[0.495s] -- Up-to-date: /home/juan/Documents/fundamentos_robotica/destroyer_ws/install/custom_msgs/share/custom_msgs/cmake/custom_msgs__rosidl_typesupport_introspection_cExport.cmake
[0.495s] -- Up-to-date: /home/juan/Documents/fundamentos_robotica/destroyer_ws/install/custom_msgs/share/custom_msgs/cmake/custom_msgs__rosidl_typesupport_introspection_cExport-noconfig.cmake
[0.495s] -- Up-to-date: /home/juan/Documents/fundamentos_robotica/destroyer_ws/install/custom_msgs/share/custom_msgs/cmake/custom_msgs__rosidl_typesupport_cExport.cmake
[0.495s] -- Up-to-date: /home/juan/Documents/fundamentos_robotica/destroyer_ws/install/custom_msgs/share/custom_msgs/cmake/custom_msgs__rosidl_typesupport_cExport-noconfig.cmake
[0.496s] -- Up-to-date: /home/juan/Documents/fundamentos_robotica/destroyer_ws/install/custom_msgs/share/custom_msgs/cmake/custom_msgs__rosidl_typesupport_introspection_cppExport.cmake
[0.496s] -- Up-to-date: /home/juan/Documents/fundamentos_robotica/destroyer_ws/install/custom_msgs/share/custom_msgs/cmake/custom_msgs__rosidl_typesupport_introspection_cppExport-noconfig.cmake
[0.496s] -- Up-to-date: /home/juan/Documents/fundamentos_robotica/destroyer_ws/install/custom_msgs/share/custom_msgs/cmake/custom_msgs__rosidl_typesupport_cppExport.cmake
[0.496s] -- Up-to-date: /home/juan/Documents/fundamentos_robotica/destroyer_ws/install/custom_msgs/share/custom_msgs/cmake/custom_msgs__rosidl_typesupport_cppExport-noconfig.cmake
[0.496s] -- Up-to-date: /home/juan/Documents/fundamentos_robotica/destroyer_ws/install/custom_msgs/share/custom_msgs/cmake/export_custom_msgs__rosidl_generator_pyExport.cmake
[0.497s] -- Up-to-date: /home/juan/Documents/fundamentos_robotica/destroyer_ws/install/custom_msgs/share/custom_msgs/cmake/export_custom_msgs__rosidl_generator_pyExport-noconfig.cmake
[0.497s] -- Up-to-date: /home/juan/Documents/fundamentos_robotica/destroyer_ws/install/custom_msgs/share/custom_msgs/cmake/rosidl_cmake-extras.cmake
[0.497s] -- Up-to-date: /home/juan/Documents/fundamentos_robotica/destroyer_ws/install/custom_msgs/share/custom_msgs/cmake/ament_cmake_export_dependencies-extras.cmake
[0.497s] -- Up-to-date: /home/juan/Documents/fundamentos_robotica/destroyer_ws/install/custom_msgs/share/custom_msgs/cmake/ament_cmake_export_include_directories-extras.cmake
[0.497s] -- Up-to-date: /home/juan/Documents/fundamentos_robotica/destroyer_ws/install/custom_msgs/share/custom_msgs/cmake/ament_cmake_export_libraries-extras.cmake
[0.497s] -- Up-to-date: /home/juan/Documents/fundamentos_robotica/destroyer_ws/install/custom_msgs/share/custom_msgs/cmake/ament_cmake_export_targets-extras.cmake
[0.497s] -- Up-to-date: /home/juan/Documents/fundamentos_robotica/destroyer_ws/install/custom_msgs/share/custom_msgs/cmake/rosidl_cmake_export_typesupport_targets-extras.cmake
[0.497s] -- Up-to-date: /home/juan/Documents/fundamentos_robotica/destroyer_ws/install/custom_msgs/share/custom_msgs/cmake/rosidl_cmake_export_typesupport_libraries-extras.cmake
[0.497s] -- Up-to-date: /home/juan/Documents/fundamentos_robotica/destroyer_ws/install/custom_msgs/share/custom_msgs/cmake/custom_msgsConfig.cmake
[0.497s] -- Up-to-date: /home/juan/Documents/fundamentos_robotica/destroyer_ws/install/custom_msgs/share/custom_msgs/cmake/custom_msgsConfig-version.cmake
[0.497s] -- Up-to-date: /home/juan/Documents/fundamentos_robotica/destroyer_ws/install/custom_msgs/share/custom_msgs/package.xml
[0.501s] Invoked command in '/home/juan/Documents/fundamentos_robotica/destroyer_ws/build/custom_msgs' returned '0': CMAKE_PREFIX_PATH=${CMAKE_PREFIX_PATH}:/home/juan/Documents/fundamentos_robotica/ws/install/ubicate_nene:/home/juan/Documents/fundamentos_robotica/ws/install/paquete1:/home/juan/Documents/fundamentos_robotica/ws/install/no_te_choques:/home/juan/Documents/fundamentos_robotica/ws/install/custom_code:/opt/ros/humble /usr/bin/cmake --install /home/juan/Documents/fundamentos_robotica/destroyer_ws/build/custom_msgs
