[0.621s] Invoking command in '/home/juan/Documents/fundamentos_robotica/destroyer_ws/src/mappeate_y_ubicate': PYTHONPATH=/home/juan/Documents/fundamentos_robotica/destroyer_ws/build/mappeate_y_ubicate/prefix_override:/usr/lib/python3/dist-packages/colcon_core/task/python/colcon_distutils_commands:/home/juan/Documents/fundamentos_robotica/destroyer_ws/install/mappeate_y_ubicate/lib/python3.10/site-packages:${PYTHONPATH} /usr/bin/python3 -W ignore:setup.py install is deprecated -W ignore:easy_install command is deprecated setup.py egg_info --egg-base ../../build/mappeate_y_ubicate build --build-base /home/juan/Documents/fundamentos_robotica/destroyer_ws/build/mappeate_y_ubicate/build install --record /home/juan/Documents/fundamentos_robotica/destroyer_ws/build/mappeate_y_ubicate/install.log --single-version-externally-managed install_data
[0.840s] running egg_info
[0.841s] creating ../../build/mappeate_y_ubicate/mappeate_y_ubicate.egg-info
[0.841s] writing ../../build/mappeate_y_ubicate/mappeate_y_ubicate.egg-info/PKG-INFO
[0.841s] writing dependency_links to ../../build/mappeate_y_ubicate/mappeate_y_ubicate.egg-info/dependency_links.txt
[0.842s] writing entry points to ../../build/mappeate_y_ubicate/mappeate_y_ubicate.egg-info/entry_points.txt
[0.842s] writing requirements to ../../build/mappeate_y_ubicate/mappeate_y_ubicate.egg-info/requires.txt
[0.842s] writing top-level names to ../../build/mappeate_y_ubicate/mappeate_y_ubicate.egg-info/top_level.txt
[0.842s] writing manifest file '../../build/mappeate_y_ubicate/mappeate_y_ubicate.egg-info/SOURCES.txt'
[0.844s] reading manifest file '../../build/mappeate_y_ubicate/mappeate_y_ubicate.egg-info/SOURCES.txt'
[0.844s] adding license file 'LICENSE'
[0.844s] writing manifest file '../../build/mappeate_y_ubicate/mappeate_y_ubicate.egg-info/SOURCES.txt'
[0.845s] running build
[0.845s] running build_py
[0.845s] creating /home/juan/Documents/fundamentos_robotica/destroyer_ws/build/mappeate_y_ubicate/build
[0.845s] creating /home/juan/Documents/fundamentos_robotica/destroyer_ws/build/mappeate_y_ubicate/build/lib
[0.845s] creating /home/juan/Documents/fundamentos_robotica/destroyer_ws/build/mappeate_y_ubicate/build/lib/mappeate_y_ubicate
[0.845s] copying mappeate_y_ubicate/fastslam.py -> /home/juan/Documents/fundamentos_robotica/destroyer_ws/build/mappeate_y_ubicate/build/lib/mappeate_y_ubicate
[0.845s] copying mappeate_y_ubicate/__init__.py -> /home/juan/Documents/fundamentos_robotica/destroyer_ws/build/mappeate_y_ubicate/build/lib/mappeate_y_ubicate
[0.845s] copying mappeate_y_ubicate/delta_odom.py -> /home/juan/Documents/fundamentos_robotica/destroyer_ws/build/mappeate_y_ubicate/build/lib/mappeate_y_ubicate
[0.845s] copying mappeate_y_ubicate/robot_functions.py -> /home/juan/Documents/fundamentos_robotica/destroyer_ws/build/mappeate_y_ubicate/build/lib/mappeate_y_ubicate
[0.846s] running install
[0.846s] running install_lib
[0.847s] creating /home/juan/Documents/fundamentos_robotica/destroyer_ws/install/mappeate_y_ubicate/lib/python3.10/site-packages/mappeate_y_ubicate
[0.847s] copying /home/juan/Documents/fundamentos_robotica/destroyer_ws/build/mappeate_y_ubicate/build/lib/mappeate_y_ubicate/fastslam.py -> /home/juan/Documents/fundamentos_robotica/destroyer_ws/install/mappeate_y_ubicate/lib/python3.10/site-packages/mappeate_y_ubicate
[0.847s] copying /home/juan/Documents/fundamentos_robotica/destroyer_ws/build/mappeate_y_ubicate/build/lib/mappeate_y_ubicate/__init__.py -> /home/juan/Documents/fundamentos_robotica/destroyer_ws/install/mappeate_y_ubicate/lib/python3.10/site-packages/mappeate_y_ubicate
[0.847s] copying /home/juan/Documents/fundamentos_robotica/destroyer_ws/build/mappeate_y_ubicate/build/lib/mappeate_y_ubicate/delta_odom.py -> /home/juan/Documents/fundamentos_robotica/destroyer_ws/install/mappeate_y_ubicate/lib/python3.10/site-packages/mappeate_y_ubicate
[0.847s] copying /home/juan/Documents/fundamentos_robotica/destroyer_ws/build/mappeate_y_ubicate/build/lib/mappeate_y_ubicate/robot_functions.py -> /home/juan/Documents/fundamentos_robotica/destroyer_ws/install/mappeate_y_ubicate/lib/python3.10/site-packages/mappeate_y_ubicate
[0.848s] byte-compiling /home/juan/Documents/fundamentos_robotica/destroyer_ws/install/mappeate_y_ubicate/lib/python3.10/site-packages/mappeate_y_ubicate/fastslam.py to fastslam.cpython-310.pyc
[0.849s] byte-compiling /home/juan/Documents/fundamentos_robotica/destroyer_ws/install/mappeate_y_ubicate/lib/python3.10/site-packages/mappeate_y_ubicate/__init__.py to __init__.cpython-310.pyc
[0.849s] byte-compiling /home/juan/Documents/fundamentos_robotica/destroyer_ws/install/mappeate_y_ubicate/lib/python3.10/site-packages/mappeate_y_ubicate/delta_odom.py to delta_odom.cpython-310.pyc
[0.850s] byte-compiling /home/juan/Documents/fundamentos_robotica/destroyer_ws/install/mappeate_y_ubicate/lib/python3.10/site-packages/mappeate_y_ubicate/robot_functions.py to robot_functions.cpython-310.pyc
[0.852s] running install_data
[0.852s] creating /home/juan/Documents/fundamentos_robotica/destroyer_ws/install/mappeate_y_ubicate/share/ament_index
[0.852s] creating /home/juan/Documents/fundamentos_robotica/destroyer_ws/install/mappeate_y_ubicate/share/ament_index/resource_index
[0.852s] creating /home/juan/Documents/fundamentos_robotica/destroyer_ws/install/mappeate_y_ubicate/share/ament_index/resource_index/packages
[0.852s] copying resource/mappeate_y_ubicate -> /home/juan/Documents/fundamentos_robotica/destroyer_ws/install/mappeate_y_ubicate/share/ament_index/resource_index/packages
[0.852s] copying package.xml -> /home/juan/Documents/fundamentos_robotica/destroyer_ws/install/mappeate_y_ubicate/share/mappeate_y_ubicate
[0.853s] creating /home/juan/Documents/fundamentos_robotica/destroyer_ws/install/mappeate_y_ubicate/share/mappeate_y_ubicate/launch
[0.853s] copying launch/launch_my_fastslam.launch.py -> /home/juan/Documents/fundamentos_robotica/destroyer_ws/install/mappeate_y_ubicate/share/mappeate_y_ubicate/launch
[0.853s] creating /home/juan/Documents/fundamentos_robotica/destroyer_ws/install/mappeate_y_ubicate/share/mappeate_y_ubicate/rviz
[0.853s] copying rviz/slam.rviz -> /home/juan/Documents/fundamentos_robotica/destroyer_ws/install/mappeate_y_ubicate/share/mappeate_y_ubicate/rviz
[0.853s] running install_egg_info
[0.855s] Copying ../../build/mappeate_y_ubicate/mappeate_y_ubicate.egg-info to /home/juan/Documents/fundamentos_robotica/destroyer_ws/install/mappeate_y_ubicate/lib/python3.10/site-packages/mappeate_y_ubicate-0.0.0-py3.10.egg-info
[0.856s] running install_scripts
[0.875s] Installing delta_odom script to /home/juan/Documents/fundamentos_robotica/destroyer_ws/install/mappeate_y_ubicate/lib/mappeate_y_ubicate
[0.875s] Installing fastslam script to /home/juan/Documents/fundamentos_robotica/destroyer_ws/install/mappeate_y_ubicate/lib/mappeate_y_ubicate
[0.875s] writing list of installed files to '/home/juan/Documents/fundamentos_robotica/destroyer_ws/build/mappeate_y_ubicate/install.log'
[0.907s] Invoked command in '/home/juan/Documents/fundamentos_robotica/destroyer_ws/src/mappeate_y_ubicate' returned '0': PYTHONPATH=/home/juan/Documents/fundamentos_robotica/destroyer_ws/build/mappeate_y_ubicate/prefix_override:/usr/lib/python3/dist-packages/colcon_core/task/python/colcon_distutils_commands:/home/juan/Documents/fundamentos_robotica/destroyer_ws/install/mappeate_y_ubicate/lib/python3.10/site-packages:${PYTHONPATH} /usr/bin/python3 -W ignore:setup.py install is deprecated -W ignore:easy_install command is deprecated setup.py egg_info --egg-base ../../build/mappeate_y_ubicate build --build-base /home/juan/Documents/fundamentos_robotica/destroyer_ws/build/mappeate_y_ubicate/build install --record /home/juan/Documents/fundamentos_robotica/destroyer_ws/build/mappeate_y_ubicate/install.log --single-version-externally-managed install_data
