[0.055s] DEBUG:colcon:Command line arguments: ['/usr/bin/colcon', 'build']
[0.055s] DEBUG:colcon:Parsed command line arguments: Namespace(log_base=None, log_level=None, verb_name='build', build_base='build', install_base='install', merge_install=False, symlink_install=False, test_result_base=None, continue_on_error=False, executor='parallel', parallel_workers=16, event_handlers=None, ignore_user_meta=False, metas=['./colcon.meta'], base_paths=['.'], packages_ignore=None, packages_ignore_regex=None, paths=None, packages_up_to=None, packages_up_to_regex=None, packages_above=None, packages_above_and_dependencies=None, packages_above_depth=None, packages_select_by_dep=None, packages_skip_by_dep=None, packages_skip_up_to=None, packages_select_build_failed=False, packages_skip_build_finished=False, packages_select_test_failures=False, packages_skip_test_passed=False, packages_select=None, packages_skip=None, packages_select_regex=None, packages_skip_regex=None, packages_start=None, packages_end=None, allow_overriding=[], cmake_args=None, cmake_target=None, cmake_target_skip_unavailable=False, cmake_clean_cache=False, cmake_clean_first=False, cmake_force_configure=False, ament_cmake_args=None, catkin_cmake_args=None, catkin_skip_building_tests=False, mixin_files=None, mixin=None, verb_parser=<colcon_mixin.mixin.mixin_argument.MixinArgumentDecorator object at 0x7a3bdb7f3160>, verb_extension=<colcon_core.verb.build.BuildVerb object at 0x7a3bdb7f2c50>, main=<bound method BuildVerb.main of <colcon_core.verb.build.BuildVerb object at 0x7a3bdb7f2c50>>, mixin_verb=('build',))
[0.135s] Level 1:colcon.colcon_core.package_discovery:discover_packages(colcon_meta) check parameters
[0.135s] Level 1:colcon.colcon_core.package_discovery:discover_packages(recursive) check parameters
[0.135s] Level 1:colcon.colcon_core.package_discovery:discover_packages(ignore) check parameters
[0.135s] Level 1:colcon.colcon_core.package_discovery:discover_packages(path) check parameters
[0.135s] Level 1:colcon.colcon_core.package_discovery:discover_packages(colcon_meta) discover
[0.135s] Level 1:colcon.colcon_core.package_discovery:discover_packages(recursive) discover
[0.135s] INFO:colcon.colcon_core.package_discovery:Crawling recursively for packages in '/home/admlinar/Documents/destroyer_ws'
[0.135s] Level 1:colcon.colcon_core.package_identification:_identify(.) by extensions ['ignore', 'ignore_ament_install']
[0.135s] Level 1:colcon.colcon_core.package_identification:_identify(.) by extension 'ignore'
[0.135s] Level 1:colcon.colcon_core.package_identification:_identify(.) by extension 'ignore_ament_install'
[0.135s] Level 1:colcon.colcon_core.package_identification:_identify(.) by extensions ['colcon_pkg']
[0.135s] Level 1:colcon.colcon_core.package_identification:_identify(.) by extension 'colcon_pkg'
[0.135s] Level 1:colcon.colcon_core.package_identification:_identify(.) by extensions ['colcon_meta']
[0.135s] Level 1:colcon.colcon_core.package_identification:_identify(.) by extension 'colcon_meta'
[0.135s] Level 1:colcon.colcon_core.package_identification:_identify(.) by extensions ['ros']
[0.135s] Level 1:colcon.colcon_core.package_identification:_identify(.) by extension 'ros'
[0.141s] Level 1:colcon.colcon_core.package_identification:_identify(.) by extensions ['cmake', 'python']
[0.141s] Level 1:colcon.colcon_core.package_identification:_identify(.) by extension 'cmake'
[0.141s] Level 1:colcon.colcon_core.package_identification:_identify(.) by extension 'python'
[0.141s] Level 1:colcon.colcon_core.package_identification:_identify(.) by extensions ['python_setup_py']
[0.141s] Level 1:colcon.colcon_core.package_identification:_identify(.) by extension 'python_setup_py'
[0.141s] Level 1:colcon.colcon_core.package_identification:_identify(build) by extensions ['ignore', 'ignore_ament_install']
[0.141s] Level 1:colcon.colcon_core.package_identification:_identify(build) by extension 'ignore'
[0.141s] Level 1:colcon.colcon_core.package_identification:_identify(build) ignored
[0.141s] Level 1:colcon.colcon_core.package_identification:_identify(install) by extensions ['ignore', 'ignore_ament_install']
[0.141s] Level 1:colcon.colcon_core.package_identification:_identify(install) by extension 'ignore'
[0.141s] Level 1:colcon.colcon_core.package_identification:_identify(install) ignored
[0.141s] Level 1:colcon.colcon_core.package_identification:_identify(log) by extensions ['ignore', 'ignore_ament_install']
[0.141s] Level 1:colcon.colcon_core.package_identification:_identify(log) by extension 'ignore'
[0.141s] Level 1:colcon.colcon_core.package_identification:_identify(log) ignored
[0.141s] Level 1:colcon.colcon_core.package_identification:_identify(src) by extensions ['ignore', 'ignore_ament_install']
[0.141s] Level 1:colcon.colcon_core.package_identification:_identify(src) by extension 'ignore'
[0.141s] Level 1:colcon.colcon_core.package_identification:_identify(src) by extension 'ignore_ament_install'
[0.141s] Level 1:colcon.colcon_core.package_identification:_identify(src) by extensions ['colcon_pkg']
[0.141s] Level 1:colcon.colcon_core.package_identification:_identify(src) by extension 'colcon_pkg'
[0.141s] Level 1:colcon.colcon_core.package_identification:_identify(src) by extensions ['colcon_meta']
[0.141s] Level 1:colcon.colcon_core.package_identification:_identify(src) by extension 'colcon_meta'
[0.141s] Level 1:colcon.colcon_core.package_identification:_identify(src) by extensions ['ros']
[0.141s] Level 1:colcon.colcon_core.package_identification:_identify(src) by extension 'ros'
[0.142s] Level 1:colcon.colcon_core.package_identification:_identify(src) by extensions ['cmake', 'python']
[0.142s] Level 1:colcon.colcon_core.package_identification:_identify(src) by extension 'cmake'
[0.142s] Level 1:colcon.colcon_core.package_identification:_identify(src) by extension 'python'
[0.142s] Level 1:colcon.colcon_core.package_identification:_identify(src) by extensions ['python_setup_py']
[0.142s] Level 1:colcon.colcon_core.package_identification:_identify(src) by extension 'python_setup_py'
[0.142s] Level 1:colcon.colcon_core.package_identification:_identify(src/custom_msgs) by extensions ['ignore', 'ignore_ament_install']
[0.142s] Level 1:colcon.colcon_core.package_identification:_identify(src/custom_msgs) by extension 'ignore'
[0.142s] Level 1:colcon.colcon_core.package_identification:_identify(src/custom_msgs) by extension 'ignore_ament_install'
[0.142s] Level 1:colcon.colcon_core.package_identification:_identify(src/custom_msgs) by extensions ['colcon_pkg']
[0.142s] Level 1:colcon.colcon_core.package_identification:_identify(src/custom_msgs) by extension 'colcon_pkg'
[0.142s] Level 1:colcon.colcon_core.package_identification:_identify(src/custom_msgs) by extensions ['colcon_meta']
[0.142s] Level 1:colcon.colcon_core.package_identification:_identify(src/custom_msgs) by extension 'colcon_meta'
[0.142s] Level 1:colcon.colcon_core.package_identification:_identify(src/custom_msgs) by extensions ['ros']
[0.142s] Level 1:colcon.colcon_core.package_identification:_identify(src/custom_msgs) by extension 'ros'
[0.143s] DEBUG:colcon.colcon_core.package_identification:Package 'src/custom_msgs' with type 'ros.ament_cmake' and name 'custom_msgs'
[0.143s] Level 1:colcon.colcon_core.package_identification:_identify(src/grid_fastslam) by extensions ['ignore', 'ignore_ament_install']
[0.143s] Level 1:colcon.colcon_core.package_identification:_identify(src/grid_fastslam) by extension 'ignore'
[0.143s] Level 1:colcon.colcon_core.package_identification:_identify(src/grid_fastslam) by extension 'ignore_ament_install'
[0.143s] Level 1:colcon.colcon_core.package_identification:_identify(src/grid_fastslam) by extensions ['colcon_pkg']
[0.143s] Level 1:colcon.colcon_core.package_identification:_identify(src/grid_fastslam) by extension 'colcon_pkg'
[0.143s] Level 1:colcon.colcon_core.package_identification:_identify(src/grid_fastslam) by extensions ['colcon_meta']
[0.143s] Level 1:colcon.colcon_core.package_identification:_identify(src/grid_fastslam) by extension 'colcon_meta'
[0.143s] Level 1:colcon.colcon_core.package_identification:_identify(src/grid_fastslam) by extensions ['ros']
[0.143s] Level 1:colcon.colcon_core.package_identification:_identify(src/grid_fastslam) by extension 'ros'
[0.144s] DEBUG:colcon.colcon_core.package_identification:Package 'src/grid_fastslam' with type 'ros.ament_cmake' and name 'grid_fastslam'
[0.144s] Level 1:colcon.colcon_core.package_identification:_identify(src/mappeate_y_ubicate) by extensions ['ignore', 'ignore_ament_install']
[0.144s] Level 1:colcon.colcon_core.package_identification:_identify(src/mappeate_y_ubicate) by extension 'ignore'
[0.144s] Level 1:colcon.colcon_core.package_identification:_identify(src/mappeate_y_ubicate) by extension 'ignore_ament_install'
[0.144s] Level 1:colcon.colcon_core.package_identification:_identify(src/mappeate_y_ubicate) by extensions ['colcon_pkg']
[0.144s] Level 1:colcon.colcon_core.package_identification:_identify(src/mappeate_y_ubicate) by extension 'colcon_pkg'
[0.144s] Level 1:colcon.colcon_core.package_identification:_identify(src/mappeate_y_ubicate) by extensions ['colcon_meta']
[0.144s] Level 1:colcon.colcon_core.package_identification:_identify(src/mappeate_y_ubicate) by extension 'colcon_meta'
[0.144s] Level 1:colcon.colcon_core.package_identification:_identify(src/mappeate_y_ubicate) by extensions ['ros']
[0.144s] Level 1:colcon.colcon_core.package_identification:_identify(src/mappeate_y_ubicate) by extension 'ros'
[0.145s] DEBUG:colcon.colcon_core.package_identification:Package 'src/mappeate_y_ubicate' with type 'ros.ament_python' and name 'mappeate_y_ubicate'
[0.145s] Level 1:colcon.colcon_core.package_identification:_identify(src/tools) by extensions ['ignore', 'ignore_ament_install']
[0.145s] Level 1:colcon.colcon_core.package_identification:_identify(src/tools) by extension 'ignore'
[0.145s] Level 1:colcon.colcon_core.package_identification:_identify(src/tools) by extension 'ignore_ament_install'
[0.145s] Level 1:colcon.colcon_core.package_identification:_identify(src/tools) by extensions ['colcon_pkg']
[0.145s] Level 1:colcon.colcon_core.package_identification:_identify(src/tools) by extension 'colcon_pkg'
[0.145s] Level 1:colcon.colcon_core.package_identification:_identify(src/tools) by extensions ['colcon_meta']
[0.145s] Level 1:colcon.colcon_core.package_identification:_identify(src/tools) by extension 'colcon_meta'
[0.145s] Level 1:colcon.colcon_core.package_identification:_identify(src/tools) by extensions ['ros']
[0.145s] Level 1:colcon.colcon_core.package_identification:_identify(src/tools) by extension 'ros'
[0.145s] DEBUG:colcon.colcon_core.package_identification:Package 'src/tools' with type 'ros.ament_python' and name 'tools'
[0.145s] Level 1:colcon.colcon_core.package_identification:_identify(src/turtlebot3_custom_simulation) by extensions ['ignore', 'ignore_ament_install']
[0.145s] Level 1:colcon.colcon_core.package_identification:_identify(src/turtlebot3_custom_simulation) by extension 'ignore'
[0.145s] Level 1:colcon.colcon_core.package_identification:_identify(src/turtlebot3_custom_simulation) by extension 'ignore_ament_install'
[0.145s] Level 1:colcon.colcon_core.package_identification:_identify(src/turtlebot3_custom_simulation) by extensions ['colcon_pkg']
[0.145s] Level 1:colcon.colcon_core.package_identification:_identify(src/turtlebot3_custom_simulation) by extension 'colcon_pkg'
[0.145s] Level 1:colcon.colcon_core.package_identification:_identify(src/turtlebot3_custom_simulation) by extensions ['colcon_meta']
[0.145s] Level 1:colcon.colcon_core.package_identification:_identify(src/turtlebot3_custom_simulation) by extension 'colcon_meta'
[0.145s] Level 1:colcon.colcon_core.package_identification:_identify(src/turtlebot3_custom_simulation) by extensions ['ros']
[0.145s] Level 1:colcon.colcon_core.package_identification:_identify(src/turtlebot3_custom_simulation) by extension 'ros'
[0.146s] DEBUG:colcon.colcon_core.package_identification:Package 'src/turtlebot3_custom_simulation' with type 'ros.ament_cmake' and name 'turtlebot3_custom_simulation'
[0.146s] Level 1:colcon.colcon_core.package_discovery:discover_packages(recursive) using defaults
[0.146s] Level 1:colcon.colcon_core.package_discovery:discover_packages(ignore) discover
[0.146s] Level 1:colcon.colcon_core.package_discovery:discover_packages(ignore) using defaults
[0.146s] Level 1:colcon.colcon_core.package_discovery:discover_packages(path) discover
[0.146s] Level 1:colcon.colcon_core.package_discovery:discover_packages(path) using defaults
[0.162s] Level 1:colcon.colcon_core.package_discovery:discover_packages(prefix_path) check parameters
[0.162s] Level 1:colcon.colcon_core.package_discovery:discover_packages(prefix_path) discover
[0.163s] DEBUG:colcon.colcon_installed_package_information.package_discovery:Found 17 installed packages in /home/admlinar/turtlebot3_ws/install
[0.164s] DEBUG:colcon.colcon_installed_package_information.package_discovery:Found 370 installed packages in /opt/ros/humble
[0.165s] Level 1:colcon.colcon_core.package_discovery:discover_packages(prefix_path) using defaults
[0.186s] Level 5:colcon.colcon_core.verb:set package 'custom_msgs' build argument 'cmake_args' from command line to 'None'
[0.186s] Level 5:colcon.colcon_core.verb:set package 'custom_msgs' build argument 'cmake_target' from command line to 'None'
[0.186s] Level 5:colcon.colcon_core.verb:set package 'custom_msgs' build argument 'cmake_target_skip_unavailable' from command line to 'False'
[0.186s] Level 5:colcon.colcon_core.verb:set package 'custom_msgs' build argument 'cmake_clean_cache' from command line to 'False'
[0.186s] Level 5:colcon.colcon_core.verb:set package 'custom_msgs' build argument 'cmake_clean_first' from command line to 'False'
[0.186s] Level 5:colcon.colcon_core.verb:set package 'custom_msgs' build argument 'cmake_force_configure' from command line to 'False'
[0.186s] Level 5:colcon.colcon_core.verb:set package 'custom_msgs' build argument 'ament_cmake_args' from command line to 'None'
[0.186s] Level 5:colcon.colcon_core.verb:set package 'custom_msgs' build argument 'catkin_cmake_args' from command line to 'None'
[0.186s] Level 5:colcon.colcon_core.verb:set package 'custom_msgs' build argument 'catkin_skip_building_tests' from command line to 'False'
[0.186s] DEBUG:colcon.colcon_core.verb:Building package 'custom_msgs' with the following arguments: {'ament_cmake_args': None, 'build_base': '/home/admlinar/Documents/destroyer_ws/build/custom_msgs', 'catkin_cmake_args': None, 'catkin_skip_building_tests': False, 'cmake_args': None, 'cmake_clean_cache': False, 'cmake_clean_first': False, 'cmake_force_configure': False, 'cmake_target': None, 'cmake_target_skip_unavailable': False, 'install_base': '/home/admlinar/Documents/destroyer_ws/install/custom_msgs', 'merge_install': False, 'path': '/home/admlinar/Documents/destroyer_ws/src/custom_msgs', 'symlink_install': False, 'test_result_base': None}
[0.187s] Level 5:colcon.colcon_core.verb:set package 'mappeate_y_ubicate' build argument 'cmake_args' from command line to 'None'
[0.187s] Level 5:colcon.colcon_core.verb:set package 'mappeate_y_ubicate' build argument 'cmake_target' from command line to 'None'
[0.187s] Level 5:colcon.colcon_core.verb:set package 'mappeate_y_ubicate' build argument 'cmake_target_skip_unavailable' from command line to 'False'
[0.187s] Level 5:colcon.colcon_core.verb:set package 'mappeate_y_ubicate' build argument 'cmake_clean_cache' from command line to 'False'
[0.187s] Level 5:colcon.colcon_core.verb:set package 'mappeate_y_ubicate' build argument 'cmake_clean_first' from command line to 'False'
[0.187s] Level 5:colcon.colcon_core.verb:set package 'mappeate_y_ubicate' build argument 'cmake_force_configure' from command line to 'False'
[0.187s] Level 5:colcon.colcon_core.verb:set package 'mappeate_y_ubicate' build argument 'ament_cmake_args' from command line to 'None'
[0.187s] Level 5:colcon.colcon_core.verb:set package 'mappeate_y_ubicate' build argument 'catkin_cmake_args' from command line to 'None'
[0.187s] Level 5:colcon.colcon_core.verb:set package 'mappeate_y_ubicate' build argument 'catkin_skip_building_tests' from command line to 'False'
[0.187s] DEBUG:colcon.colcon_core.verb:Building package 'mappeate_y_ubicate' with the following arguments: {'ament_cmake_args': None, 'build_base': '/home/admlinar/Documents/destroyer_ws/build/mappeate_y_ubicate', 'catkin_cmake_args': None, 'catkin_skip_building_tests': False, 'cmake_args': None, 'cmake_clean_cache': False, 'cmake_clean_first': False, 'cmake_force_configure': False, 'cmake_target': None, 'cmake_target_skip_unavailable': False, 'install_base': '/home/admlinar/Documents/destroyer_ws/install/mappeate_y_ubicate', 'merge_install': False, 'path': '/home/admlinar/Documents/destroyer_ws/src/mappeate_y_ubicate', 'symlink_install': False, 'test_result_base': None}
[0.187s] Level 5:colcon.colcon_core.verb:set package 'turtlebot3_custom_simulation' build argument 'cmake_args' from command line to 'None'
[0.187s] Level 5:colcon.colcon_core.verb:set package 'turtlebot3_custom_simulation' build argument 'cmake_target' from command line to 'None'
[0.187s] Level 5:colcon.colcon_core.verb:set package 'turtlebot3_custom_simulation' build argument 'cmake_target_skip_unavailable' from command line to 'False'
[0.187s] Level 5:colcon.colcon_core.verb:set package 'turtlebot3_custom_simulation' build argument 'cmake_clean_cache' from command line to 'False'
[0.187s] Level 5:colcon.colcon_core.verb:set package 'turtlebot3_custom_simulation' build argument 'cmake_clean_first' from command line to 'False'
[0.187s] Level 5:colcon.colcon_core.verb:set package 'turtlebot3_custom_simulation' build argument 'cmake_force_configure' from command line to 'False'
[0.187s] Level 5:colcon.colcon_core.verb:set package 'turtlebot3_custom_simulation' build argument 'ament_cmake_args' from command line to 'None'
[0.187s] Level 5:colcon.colcon_core.verb:set package 'turtlebot3_custom_simulation' build argument 'catkin_cmake_args' from command line to 'None'
[0.187s] Level 5:colcon.colcon_core.verb:set package 'turtlebot3_custom_simulation' build argument 'catkin_skip_building_tests' from command line to 'False'
[0.187s] DEBUG:colcon.colcon_core.verb:Building package 'turtlebot3_custom_simulation' with the following arguments: {'ament_cmake_args': None, 'build_base': '/home/admlinar/Documents/destroyer_ws/build/turtlebot3_custom_simulation', 'catkin_cmake_args': None, 'catkin_skip_building_tests': False, 'cmake_args': None, 'cmake_clean_cache': False, 'cmake_clean_first': False, 'cmake_force_configure': False, 'cmake_target': None, 'cmake_target_skip_unavailable': False, 'install_base': '/home/admlinar/Documents/destroyer_ws/install/turtlebot3_custom_simulation', 'merge_install': False, 'path': '/home/admlinar/Documents/destroyer_ws/src/turtlebot3_custom_simulation', 'symlink_install': False, 'test_result_base': None}
[0.187s] Level 5:colcon.colcon_core.verb:set package 'grid_fastslam' build argument 'cmake_args' from command line to 'None'
[0.187s] Level 5:colcon.colcon_core.verb:set package 'grid_fastslam' build argument 'cmake_target' from command line to 'None'
[0.187s] Level 5:colcon.colcon_core.verb:set package 'grid_fastslam' build argument 'cmake_target_skip_unavailable' from command line to 'False'
[0.187s] Level 5:colcon.colcon_core.verb:set package 'grid_fastslam' build argument 'cmake_clean_cache' from command line to 'False'
[0.187s] Level 5:colcon.colcon_core.verb:set package 'grid_fastslam' build argument 'cmake_clean_first' from command line to 'False'
[0.187s] Level 5:colcon.colcon_core.verb:set package 'grid_fastslam' build argument 'cmake_force_configure' from command line to 'False'
[0.187s] Level 5:colcon.colcon_core.verb:set package 'grid_fastslam' build argument 'ament_cmake_args' from command line to 'None'
[0.187s] Level 5:colcon.colcon_core.verb:set package 'grid_fastslam' build argument 'catkin_cmake_args' from command line to 'None'
[0.187s] Level 5:colcon.colcon_core.verb:set package 'grid_fastslam' build argument 'catkin_skip_building_tests' from command line to 'False'
[0.187s] DEBUG:colcon.colcon_core.verb:Building package 'grid_fastslam' with the following arguments: {'ament_cmake_args': None, 'build_base': '/home/admlinar/Documents/destroyer_ws/build/grid_fastslam', 'catkin_cmake_args': None, 'catkin_skip_building_tests': False, 'cmake_args': None, 'cmake_clean_cache': False, 'cmake_clean_first': False, 'cmake_force_configure': False, 'cmake_target': None, 'cmake_target_skip_unavailable': False, 'install_base': '/home/admlinar/Documents/destroyer_ws/install/grid_fastslam', 'merge_install': False, 'path': '/home/admlinar/Documents/destroyer_ws/src/grid_fastslam', 'symlink_install': False, 'test_result_base': None}
[0.187s] Level 5:colcon.colcon_core.verb:set package 'tools' build argument 'cmake_args' from command line to 'None'
[0.187s] Level 5:colcon.colcon_core.verb:set package 'tools' build argument 'cmake_target' from command line to 'None'
[0.187s] Level 5:colcon.colcon_core.verb:set package 'tools' build argument 'cmake_target_skip_unavailable' from command line to 'False'
[0.187s] Level 5:colcon.colcon_core.verb:set package 'tools' build argument 'cmake_clean_cache' from command line to 'False'
[0.187s] Level 5:colcon.colcon_core.verb:set package 'tools' build argument 'cmake_clean_first' from command line to 'False'
[0.187s] Level 5:colcon.colcon_core.verb:set package 'tools' build argument 'cmake_force_configure' from command line to 'False'
[0.187s] Level 5:colcon.colcon_core.verb:set package 'tools' build argument 'ament_cmake_args' from command line to 'None'
[0.187s] Level 5:colcon.colcon_core.verb:set package 'tools' build argument 'catkin_cmake_args' from command line to 'None'
[0.187s] Level 5:colcon.colcon_core.verb:set package 'tools' build argument 'catkin_skip_building_tests' from command line to 'False'
[0.187s] DEBUG:colcon.colcon_core.verb:Building package 'tools' with the following arguments: {'ament_cmake_args': None, 'build_base': '/home/admlinar/Documents/destroyer_ws/build/tools', 'catkin_cmake_args': None, 'catkin_skip_building_tests': False, 'cmake_args': None, 'cmake_clean_cache': False, 'cmake_clean_first': False, 'cmake_force_configure': False, 'cmake_target': None, 'cmake_target_skip_unavailable': False, 'install_base': '/home/admlinar/Documents/destroyer_ws/install/tools', 'merge_install': False, 'path': '/home/admlinar/Documents/destroyer_ws/src/tools', 'symlink_install': False, 'test_result_base': None}
[0.187s] INFO:colcon.colcon_core.executor:Executing jobs using 'parallel' executor
[0.188s] DEBUG:colcon.colcon_parallel_executor.executor.parallel:run_until_complete
[0.188s] INFO:colcon.colcon_ros.task.ament_cmake.build:Building ROS package in '/home/admlinar/Documents/destroyer_ws/src/custom_msgs' with build type 'ament_cmake'
[0.189s] INFO:colcon.colcon_cmake.task.cmake.build:Building CMake package in '/home/admlinar/Documents/destroyer_ws/src/custom_msgs'
[0.189s] INFO:colcon.colcon_core.plugin_system:Skipping extension 'colcon_core.shell.bat': Not used on non-Windows systems
[0.190s] INFO:colcon.colcon_core.shell:Skip shell extension 'powershell' for command environment: Not usable outside of PowerShell
[0.190s] DEBUG:colcon.colcon_core.shell:Skip shell extension 'dsv' for command environment
[0.192s] INFO:colcon.colcon_ros.task.ament_python.build:Building ROS package in '/home/admlinar/Documents/destroyer_ws/src/mappeate_y_ubicate' with build type 'ament_python'
[0.192s] Level 1:colcon.colcon_core.shell:create_environment_hook('mappeate_y_ubicate', 'ament_prefix_path')
[0.192s] INFO:colcon.colcon_core.shell:Creating environment hook '/home/admlinar/Documents/destroyer_ws/install/mappeate_y_ubicate/share/mappeate_y_ubicate/hook/ament_prefix_path.ps1'
[0.192s] INFO:colcon.colcon_core.shell:Creating environment descriptor '/home/admlinar/Documents/destroyer_ws/install/mappeate_y_ubicate/share/mappeate_y_ubicate/hook/ament_prefix_path.dsv'
[0.192s] INFO:colcon.colcon_core.shell:Creating environment hook '/home/admlinar/Documents/destroyer_ws/install/mappeate_y_ubicate/share/mappeate_y_ubicate/hook/ament_prefix_path.sh'
[0.193s] INFO:colcon.colcon_core.shell:Skip shell extension 'powershell' for command environment: Not usable outside of PowerShell
[0.193s] DEBUG:colcon.colcon_core.shell:Skip shell extension 'dsv' for command environment
[0.195s] INFO:colcon.colcon_ros.task.ament_cmake.build:Building ROS package in '/home/admlinar/Documents/destroyer_ws/src/turtlebot3_custom_simulation' with build type 'ament_cmake'
[0.195s] INFO:colcon.colcon_cmake.task.cmake.build:Building CMake package in '/home/admlinar/Documents/destroyer_ws/src/turtlebot3_custom_simulation'
[0.195s] INFO:colcon.colcon_core.shell:Skip shell extension 'powershell' for command environment: Not usable outside of PowerShell
[0.195s] DEBUG:colcon.colcon_core.shell:Skip shell extension 'dsv' for command environment
[0.198s] DEBUG:colcon.colcon_core.event_handler.log_command:Invoking command in '/home/admlinar/Documents/destroyer_ws/build/custom_msgs': CMAKE_PREFIX_PATH=${CMAKE_PREFIX_PATH}:/home/admlinar/turtlebot3_ws/install/turtlebot3_teleop:/home/admlinar/turtlebot3_ws/install/turtlebot3_example:/opt/ros/humble /usr/bin/cmake --build /home/admlinar/Documents/destroyer_ws/build/custom_msgs -- -j16 -l16
[0.395s] INFO:colcon.colcon_core.task.python.build:Building Python package in '/home/admlinar/Documents/destroyer_ws/src/mappeate_y_ubicate'
[0.395s] INFO:colcon.colcon_core.shell:Skip shell extension 'powershell' for command environment: Not usable outside of PowerShell
[0.395s] DEBUG:colcon.colcon_core.shell:Skip shell extension 'dsv' for command environment
[0.401s] DEBUG:colcon.colcon_core.event_handler.log_command:Invoking command in '/home/admlinar/Documents/destroyer_ws/build/turtlebot3_custom_simulation': CMAKE_PREFIX_PATH=${CMAKE_PREFIX_PATH}:/home/admlinar/turtlebot3_ws/install/turtlebot3_teleop:/home/admlinar/turtlebot3_ws/install/turtlebot3_example:/opt/ros/humble /usr/bin/cmake --build /home/admlinar/Documents/destroyer_ws/build/turtlebot3_custom_simulation -- -j16 -l16
[0.413s] DEBUG:colcon.colcon_core.event_handler.log_command:Invoked command in '/home/admlinar/Documents/destroyer_ws/build/custom_msgs' returned '0': CMAKE_PREFIX_PATH=${CMAKE_PREFIX_PATH}:/home/admlinar/turtlebot3_ws/install/turtlebot3_teleop:/home/admlinar/turtlebot3_ws/install/turtlebot3_example:/opt/ros/humble /usr/bin/cmake --build /home/admlinar/Documents/destroyer_ws/build/custom_msgs -- -j16 -l16
[0.419s] DEBUG:colcon.colcon_core.event_handler.log_command:Invoking command in '/home/admlinar/Documents/destroyer_ws/build/custom_msgs': CMAKE_PREFIX_PATH=${CMAKE_PREFIX_PATH}:/home/admlinar/turtlebot3_ws/install/turtlebot3_teleop:/home/admlinar/turtlebot3_ws/install/turtlebot3_example:/opt/ros/humble /usr/bin/cmake --install /home/admlinar/Documents/destroyer_ws/build/custom_msgs
[0.455s] DEBUG:colcon.colcon_core.event_handler.log_command:Invoked command in '/home/admlinar/Documents/destroyer_ws/build/turtlebot3_custom_simulation' returned '0': CMAKE_PREFIX_PATH=${CMAKE_PREFIX_PATH}:/home/admlinar/turtlebot3_ws/install/turtlebot3_teleop:/home/admlinar/turtlebot3_ws/install/turtlebot3_example:/opt/ros/humble /usr/bin/cmake --build /home/admlinar/Documents/destroyer_ws/build/turtlebot3_custom_simulation -- -j16 -l16
[0.456s] DEBUG:colcon.colcon_core.event_handler.log_command:Invoking command in '/home/admlinar/Documents/destroyer_ws/build/turtlebot3_custom_simulation': CMAKE_PREFIX_PATH=${CMAKE_PREFIX_PATH}:/home/admlinar/turtlebot3_ws/install/turtlebot3_teleop:/home/admlinar/turtlebot3_ws/install/turtlebot3_example:/opt/ros/humble /usr/bin/cmake --install /home/admlinar/Documents/destroyer_ws/build/turtlebot3_custom_simulation
[0.456s] Level 1:colcon.colcon_core.environment:create_environment_scripts_only(custom_msgs)
[0.457s] DEBUG:colcon.colcon_core.event_handler.log_command:Invoked command in '/home/admlinar/Documents/destroyer_ws/build/custom_msgs' returned '0': CMAKE_PREFIX_PATH=${CMAKE_PREFIX_PATH}:/home/admlinar/turtlebot3_ws/install/turtlebot3_teleop:/home/admlinar/turtlebot3_ws/install/turtlebot3_example:/opt/ros/humble /usr/bin/cmake --install /home/admlinar/Documents/destroyer_ws/build/custom_msgs
[0.459s] Level 1:colcon.colcon_core.environment:checking '/home/admlinar/Documents/destroyer_ws/install/custom_msgs' for CMake module files
[0.459s] Level 1:colcon.colcon_core.environment:checking '/home/admlinar/Documents/destroyer_ws/install/custom_msgs' for CMake config files
[0.460s] Level 1:colcon.colcon_core.shell:create_environment_hook('custom_msgs', 'cmake_prefix_path')
[0.460s] INFO:colcon.colcon_core.shell:Creating environment hook '/home/admlinar/Documents/destroyer_ws/install/custom_msgs/share/custom_msgs/hook/cmake_prefix_path.ps1'
[0.460s] INFO:colcon.colcon_core.shell:Creating environment descriptor '/home/admlinar/Documents/destroyer_ws/install/custom_msgs/share/custom_msgs/hook/cmake_prefix_path.dsv'
[0.461s] INFO:colcon.colcon_core.shell:Creating environment hook '/home/admlinar/Documents/destroyer_ws/install/custom_msgs/share/custom_msgs/hook/cmake_prefix_path.sh'
[0.461s] Level 1:colcon.colcon_core.environment:checking '/home/admlinar/Documents/destroyer_ws/install/custom_msgs/lib'
[0.462s] Level 1:colcon.colcon_core.shell:create_environment_hook('custom_msgs', 'ld_library_path_lib')
[0.462s] INFO:colcon.colcon_core.shell:Creating environment hook '/home/admlinar/Documents/destroyer_ws/install/custom_msgs/share/custom_msgs/hook/ld_library_path_lib.ps1'
[0.464s] INFO:colcon.colcon_core.shell:Creating environment descriptor '/home/admlinar/Documents/destroyer_ws/install/custom_msgs/share/custom_msgs/hook/ld_library_path_lib.dsv'
[0.464s] INFO:colcon.colcon_core.shell:Creating environment hook '/home/admlinar/Documents/destroyer_ws/install/custom_msgs/share/custom_msgs/hook/ld_library_path_lib.sh'
[0.464s] Level 1:colcon.colcon_core.environment:checking '/home/admlinar/Documents/destroyer_ws/install/custom_msgs/bin'
[0.464s] Level 1:colcon.colcon_core.environment:checking '/home/admlinar/Documents/destroyer_ws/install/custom_msgs/lib/pkgconfig/custom_msgs.pc'
[0.464s] Level 1:colcon.colcon_core.environment:checking '/home/admlinar/Documents/destroyer_ws/install/custom_msgs/lib/python3.10/site-packages'
[0.464s] Level 1:colcon.colcon_core.environment:checking '/home/admlinar/Documents/destroyer_ws/install/custom_msgs/bin'
[0.465s] INFO:colcon.colcon_core.shell:Creating package script '/home/admlinar/Documents/destroyer_ws/install/custom_msgs/share/custom_msgs/package.ps1'
[0.465s] INFO:colcon.colcon_core.shell:Creating package descriptor '/home/admlinar/Documents/destroyer_ws/install/custom_msgs/share/custom_msgs/package.dsv'
[0.465s] INFO:colcon.colcon_core.shell:Creating package script '/home/admlinar/Documents/destroyer_ws/install/custom_msgs/share/custom_msgs/package.sh'
[0.466s] INFO:colcon.colcon_core.shell:Creating package script '/home/admlinar/Documents/destroyer_ws/install/custom_msgs/share/custom_msgs/package.bash'
[0.466s] INFO:colcon.colcon_core.shell:Creating package script '/home/admlinar/Documents/destroyer_ws/install/custom_msgs/share/custom_msgs/package.zsh'
[0.466s] Level 1:colcon.colcon_core.environment:create_file_with_runtime_dependencies(/home/admlinar/Documents/destroyer_ws/install/custom_msgs/share/colcon-core/packages/custom_msgs)
[0.467s] Level 1:colcon.colcon_core.environment:create_environment_scripts_only(custom_msgs)
[0.467s] Level 1:colcon.colcon_core.environment:checking '/home/admlinar/Documents/destroyer_ws/install/custom_msgs' for CMake module files
[0.467s] Level 1:colcon.colcon_core.environment:checking '/home/admlinar/Documents/destroyer_ws/install/custom_msgs' for CMake config files
[0.467s] Level 1:colcon.colcon_core.shell:create_environment_hook('custom_msgs', 'cmake_prefix_path')
[0.468s] INFO:colcon.colcon_core.shell:Creating environment hook '/home/admlinar/Documents/destroyer_ws/install/custom_msgs/share/custom_msgs/hook/cmake_prefix_path.ps1'
[0.468s] INFO:colcon.colcon_core.shell:Creating environment descriptor '/home/admlinar/Documents/destroyer_ws/install/custom_msgs/share/custom_msgs/hook/cmake_prefix_path.dsv'
[0.468s] INFO:colcon.colcon_core.shell:Creating environment hook '/home/admlinar/Documents/destroyer_ws/install/custom_msgs/share/custom_msgs/hook/cmake_prefix_path.sh'
[0.468s] Level 1:colcon.colcon_core.environment:checking '/home/admlinar/Documents/destroyer_ws/install/custom_msgs/lib'
[0.468s] Level 1:colcon.colcon_core.shell:create_environment_hook('custom_msgs', 'ld_library_path_lib')
[0.468s] INFO:colcon.colcon_core.shell:Creating environment hook '/home/admlinar/Documents/destroyer_ws/install/custom_msgs/share/custom_msgs/hook/ld_library_path_lib.ps1'
[0.469s] INFO:colcon.colcon_core.shell:Creating environment descriptor '/home/admlinar/Documents/destroyer_ws/install/custom_msgs/share/custom_msgs/hook/ld_library_path_lib.dsv'
[0.469s] INFO:colcon.colcon_core.shell:Creating environment hook '/home/admlinar/Documents/destroyer_ws/install/custom_msgs/share/custom_msgs/hook/ld_library_path_lib.sh'
[0.469s] Level 1:colcon.colcon_core.environment:checking '/home/admlinar/Documents/destroyer_ws/install/custom_msgs/bin'
[0.469s] Level 1:colcon.colcon_core.environment:checking '/home/admlinar/Documents/destroyer_ws/install/custom_msgs/lib/pkgconfig/custom_msgs.pc'
[0.469s] Level 1:colcon.colcon_core.environment:checking '/home/admlinar/Documents/destroyer_ws/install/custom_msgs/lib/python3.10/site-packages'
[0.469s] Level 1:colcon.colcon_core.environment:checking '/home/admlinar/Documents/destroyer_ws/install/custom_msgs/bin'
[0.469s] INFO:colcon.colcon_core.shell:Creating package script '/home/admlinar/Documents/destroyer_ws/install/custom_msgs/share/custom_msgs/package.ps1'
[0.470s] INFO:colcon.colcon_core.shell:Creating package descriptor '/home/admlinar/Documents/destroyer_ws/install/custom_msgs/share/custom_msgs/package.dsv'
[0.470s] INFO:colcon.colcon_core.shell:Creating package script '/home/admlinar/Documents/destroyer_ws/install/custom_msgs/share/custom_msgs/package.sh'
[0.470s] INFO:colcon.colcon_core.shell:Creating package script '/home/admlinar/Documents/destroyer_ws/install/custom_msgs/share/custom_msgs/package.bash'
[0.470s] INFO:colcon.colcon_core.shell:Creating package script '/home/admlinar/Documents/destroyer_ws/install/custom_msgs/share/custom_msgs/package.zsh'
[0.470s] Level 1:colcon.colcon_core.environment:create_file_with_runtime_dependencies(/home/admlinar/Documents/destroyer_ws/install/custom_msgs/share/colcon-core/packages/custom_msgs)
[0.471s] INFO:colcon.colcon_ros.task.ament_cmake.build:Building ROS package in '/home/admlinar/Documents/destroyer_ws/src/grid_fastslam' with build type 'ament_cmake'
[0.471s] INFO:colcon.colcon_cmake.task.cmake.build:Building CMake package in '/home/admlinar/Documents/destroyer_ws/src/grid_fastslam'
[0.471s] INFO:colcon.colcon_core.shell:Skip shell extension 'powershell' for command environment: Not usable outside of PowerShell
[0.471s] DEBUG:colcon.colcon_core.shell:Skip shell extension 'dsv' for command environment
[0.473s] INFO:colcon.colcon_ros.task.ament_python.build:Building ROS package in '/home/admlinar/Documents/destroyer_ws/src/tools' with build type 'ament_python'
[0.473s] Level 1:colcon.colcon_core.shell:create_environment_hook('tools', 'ament_prefix_path')
[0.474s] INFO:colcon.colcon_core.shell:Creating environment hook '/home/admlinar/Documents/destroyer_ws/install/tools/share/tools/hook/ament_prefix_path.ps1'
[0.474s] INFO:colcon.colcon_core.shell:Creating environment descriptor '/home/admlinar/Documents/destroyer_ws/install/tools/share/tools/hook/ament_prefix_path.dsv'
[0.474s] INFO:colcon.colcon_core.shell:Creating environment hook '/home/admlinar/Documents/destroyer_ws/install/tools/share/tools/hook/ament_prefix_path.sh'
[0.474s] INFO:colcon.colcon_core.shell:Skip shell extension 'powershell' for command environment: Not usable outside of PowerShell
[0.474s] DEBUG:colcon.colcon_core.shell:Skip shell extension 'dsv' for command environment
[0.477s] Level 1:colcon.colcon_core.environment:create_environment_scripts_only(turtlebot3_custom_simulation)
[0.477s] Level 1:colcon.colcon_core.environment:checking '/home/admlinar/Documents/destroyer_ws/install/turtlebot3_custom_simulation' for CMake module files
[0.477s] DEBUG:colcon.colcon_core.event_handler.log_command:Invoked command in '/home/admlinar/Documents/destroyer_ws/build/turtlebot3_custom_simulation' returned '0': CMAKE_PREFIX_PATH=${CMAKE_PREFIX_PATH}:/home/admlinar/turtlebot3_ws/install/turtlebot3_teleop:/home/admlinar/turtlebot3_ws/install/turtlebot3_example:/opt/ros/humble /usr/bin/cmake --install /home/admlinar/Documents/destroyer_ws/build/turtlebot3_custom_simulation
[0.477s] Level 1:colcon.colcon_core.environment:checking '/home/admlinar/Documents/destroyer_ws/install/turtlebot3_custom_simulation' for CMake config files
[0.478s] Level 1:colcon.colcon_core.shell:create_environment_hook('turtlebot3_custom_simulation', 'cmake_prefix_path')
[0.478s] INFO:colcon.colcon_core.shell:Creating environment hook '/home/admlinar/Documents/destroyer_ws/install/turtlebot3_custom_simulation/share/turtlebot3_custom_simulation/hook/cmake_prefix_path.ps1'
[0.478s] INFO:colcon.colcon_core.shell:Creating environment descriptor '/home/admlinar/Documents/destroyer_ws/install/turtlebot3_custom_simulation/share/turtlebot3_custom_simulation/hook/cmake_prefix_path.dsv'
[0.478s] INFO:colcon.colcon_core.shell:Creating environment hook '/home/admlinar/Documents/destroyer_ws/install/turtlebot3_custom_simulation/share/turtlebot3_custom_simulation/hook/cmake_prefix_path.sh'
[0.478s] Level 1:colcon.colcon_core.environment:checking '/home/admlinar/Documents/destroyer_ws/install/turtlebot3_custom_simulation/lib'
[0.478s] Level 1:colcon.colcon_core.environment:checking '/home/admlinar/Documents/destroyer_ws/install/turtlebot3_custom_simulation/bin'
[0.478s] Level 1:colcon.colcon_core.environment:checking '/home/admlinar/Documents/destroyer_ws/install/turtlebot3_custom_simulation/lib/pkgconfig/turtlebot3_custom_simulation.pc'
[0.479s] Level 1:colcon.colcon_core.environment:checking '/home/admlinar/Documents/destroyer_ws/install/turtlebot3_custom_simulation/lib/python3.10/site-packages'
[0.479s] Level 1:colcon.colcon_core.environment:checking '/home/admlinar/Documents/destroyer_ws/install/turtlebot3_custom_simulation/bin'
[0.479s] INFO:colcon.colcon_core.shell:Creating package script '/home/admlinar/Documents/destroyer_ws/install/turtlebot3_custom_simulation/share/turtlebot3_custom_simulation/package.ps1'
[0.479s] INFO:colcon.colcon_core.shell:Creating package descriptor '/home/admlinar/Documents/destroyer_ws/install/turtlebot3_custom_simulation/share/turtlebot3_custom_simulation/package.dsv'
[0.479s] INFO:colcon.colcon_core.shell:Creating package script '/home/admlinar/Documents/destroyer_ws/install/turtlebot3_custom_simulation/share/turtlebot3_custom_simulation/package.sh'
[0.480s] INFO:colcon.colcon_core.shell:Creating package script '/home/admlinar/Documents/destroyer_ws/install/turtlebot3_custom_simulation/share/turtlebot3_custom_simulation/package.bash'
[0.480s] INFO:colcon.colcon_core.shell:Creating package script '/home/admlinar/Documents/destroyer_ws/install/turtlebot3_custom_simulation/share/turtlebot3_custom_simulation/package.zsh'
[0.480s] Level 1:colcon.colcon_core.environment:create_file_with_runtime_dependencies(/home/admlinar/Documents/destroyer_ws/install/turtlebot3_custom_simulation/share/colcon-core/packages/turtlebot3_custom_simulation)
[0.480s] Level 1:colcon.colcon_core.environment:create_environment_scripts_only(turtlebot3_custom_simulation)
[0.480s] Level 1:colcon.colcon_core.environment:checking '/home/admlinar/Documents/destroyer_ws/install/turtlebot3_custom_simulation' for CMake module files
[0.480s] Level 1:colcon.colcon_core.environment:checking '/home/admlinar/Documents/destroyer_ws/install/turtlebot3_custom_simulation' for CMake config files
[0.481s] Level 1:colcon.colcon_core.shell:create_environment_hook('turtlebot3_custom_simulation', 'cmake_prefix_path')
[0.481s] INFO:colcon.colcon_core.shell:Creating environment hook '/home/admlinar/Documents/destroyer_ws/install/turtlebot3_custom_simulation/share/turtlebot3_custom_simulation/hook/cmake_prefix_path.ps1'
[0.481s] INFO:colcon.colcon_core.shell:Creating environment descriptor '/home/admlinar/Documents/destroyer_ws/install/turtlebot3_custom_simulation/share/turtlebot3_custom_simulation/hook/cmake_prefix_path.dsv'
[0.481s] INFO:colcon.colcon_core.shell:Creating environment hook '/home/admlinar/Documents/destroyer_ws/install/turtlebot3_custom_simulation/share/turtlebot3_custom_simulation/hook/cmake_prefix_path.sh'
[0.481s] Level 1:colcon.colcon_core.environment:checking '/home/admlinar/Documents/destroyer_ws/install/turtlebot3_custom_simulation/lib'
[0.481s] Level 1:colcon.colcon_core.environment:checking '/home/admlinar/Documents/destroyer_ws/install/turtlebot3_custom_simulation/bin'
[0.481s] Level 1:colcon.colcon_core.environment:checking '/home/admlinar/Documents/destroyer_ws/install/turtlebot3_custom_simulation/lib/pkgconfig/turtlebot3_custom_simulation.pc'
[0.482s] Level 1:colcon.colcon_core.environment:checking '/home/admlinar/Documents/destroyer_ws/install/turtlebot3_custom_simulation/lib/python3.10/site-packages'
[0.482s] Level 1:colcon.colcon_core.environment:checking '/home/admlinar/Documents/destroyer_ws/install/turtlebot3_custom_simulation/bin'
[0.482s] INFO:colcon.colcon_core.shell:Creating package script '/home/admlinar/Documents/destroyer_ws/install/turtlebot3_custom_simulation/share/turtlebot3_custom_simulation/package.ps1'
[0.482s] INFO:colcon.colcon_core.shell:Creating package descriptor '/home/admlinar/Documents/destroyer_ws/install/turtlebot3_custom_simulation/share/turtlebot3_custom_simulation/package.dsv'
[0.482s] INFO:colcon.colcon_core.shell:Creating package script '/home/admlinar/Documents/destroyer_ws/install/turtlebot3_custom_simulation/share/turtlebot3_custom_simulation/package.sh'
[0.483s] INFO:colcon.colcon_core.shell:Creating package script '/home/admlinar/Documents/destroyer_ws/install/turtlebot3_custom_simulation/share/turtlebot3_custom_simulation/package.bash'
[0.483s] INFO:colcon.colcon_core.shell:Creating package script '/home/admlinar/Documents/destroyer_ws/install/turtlebot3_custom_simulation/share/turtlebot3_custom_simulation/package.zsh'
[0.483s] Level 1:colcon.colcon_core.environment:create_file_with_runtime_dependencies(/home/admlinar/Documents/destroyer_ws/install/turtlebot3_custom_simulation/share/colcon-core/packages/turtlebot3_custom_simulation)
[0.486s] DEBUG:colcon.colcon_core.event_handler.log_command:Invoking command in '/home/admlinar/Documents/destroyer_ws/build/grid_fastslam': AMENT_PREFIX_PATH=/home/admlinar/Documents/destroyer_ws/install/custom_msgs:${AMENT_PREFIX_PATH} CMAKE_PREFIX_PATH=/home/admlinar/Documents/destroyer_ws/install/custom_msgs:/home/admlinar/turtlebot3_ws/install/turtlebot3:/home/admlinar/turtlebot3_ws/install/turtlebot3_simulations:/home/admlinar/turtlebot3_ws/install/turtlebot3_bringup:/home/admlinar/turtlebot3_ws/install/turtlebot3_node:/home/admlinar/turtlebot3_ws/install/turtlebot3_navigation2:/home/admlinar/turtlebot3_ws/install/turtlebot3_fake_node:/home/admlinar/turtlebot3_ws/install/turtlebot3_custom_simulation:/home/admlinar/turtlebot3_ws/install/turtlebot3_msgs:/home/admlinar/turtlebot3_ws/install/turtlebot3_manipulation_gazebo:/home/admlinar/turtlebot3_ws/install/turtlebot3_gazebo:/home/admlinar/turtlebot3_ws/install/turtlebot3_description:/home/admlinar/turtlebot3_ws/install/turtlebot3_cartographer:/home/admlinar/turtlebot3_ws/install/dynamixel_sdk_examples:/home/admlinar/turtlebot3_ws/install/dynamixel_sdk_custom_interfaces:/home/admlinar/turtlebot3_ws/install/dynamixel_sdk:/home/admlinar/turtlebot3_ws/install/turtlebot3_teleop:/home/admlinar/turtlebot3_ws/install/turtlebot3_example:/opt/ros/humble LD_LIBRARY_PATH=/home/admlinar/Documents/destroyer_ws/install/custom_msgs/lib:/home/admlinar/turtlebot3_ws/install/turtlebot3_msgs/lib:/home/admlinar/turtlebot3_ws/install/dynamixel_sdk_custom_interfaces/lib:/home/admlinar/turtlebot3_ws/install/dynamixel_sdk/lib:/usr/lib/x86_64-linux-gnu/gazebo-11/plugins:/opt/ros/humble/opt/rviz_ogre_vendor/lib:/opt/ros/humble/lib/x86_64-linux-gnu:/opt/ros/humble/lib:/usr/lib/x86_64-linux-gnu/gazebo-11/plugins PYTHONPATH=/home/admlinar/Documents/destroyer_ws/install/custom_msgs/local/lib/python3.10/dist-packages:${PYTHONPATH} /usr/bin/cmake --build /home/admlinar/Documents/destroyer_ws/build/grid_fastslam -- -j16 -l16
[0.657s] INFO:colcon.colcon_core.task.python.build:Building Python package in '/home/admlinar/Documents/destroyer_ws/src/tools'
[0.657s] INFO:colcon.colcon_core.shell:Skip shell extension 'powershell' for command environment: Not usable outside of PowerShell
[0.657s] DEBUG:colcon.colcon_core.shell:Skip shell extension 'dsv' for command environment
[0.663s] DEBUG:colcon.colcon_core.event_handler.log_command:Invoking command in '/home/admlinar/Documents/destroyer_ws/src/mappeate_y_ubicate': PYTHONPATH=/home/admlinar/Documents/destroyer_ws/build/mappeate_y_ubicate/prefix_override:/usr/lib/python3/dist-packages/colcon_core/task/python/colcon_distutils_commands:/home/admlinar/Documents/destroyer_ws/install/mappeate_y_ubicate/lib/python3.10/site-packages:${PYTHONPATH} /usr/bin/python3 -W ignore:setup.py install is deprecated -W ignore:easy_install command is deprecated setup.py egg_info --egg-base ../../build/mappeate_y_ubicate build --build-base /home/admlinar/Documents/destroyer_ws/build/mappeate_y_ubicate/build install --record /home/admlinar/Documents/destroyer_ws/build/mappeate_y_ubicate/install.log --single-version-externally-managed install_data
[0.833s] Level 1:colcon.colcon_core.environment:checking '/home/admlinar/Documents/destroyer_ws/install/mappeate_y_ubicate' for CMake module files
[0.834s] DEBUG:colcon.colcon_core.event_handler.log_command:Invoked command in '/home/admlinar/Documents/destroyer_ws/src/mappeate_y_ubicate' returned '0': PYTHONPATH=/home/admlinar/Documents/destroyer_ws/build/mappeate_y_ubicate/prefix_override:/usr/lib/python3/dist-packages/colcon_core/task/python/colcon_distutils_commands:/home/admlinar/Documents/destroyer_ws/install/mappeate_y_ubicate/lib/python3.10/site-packages:${PYTHONPATH} /usr/bin/python3 -W ignore:setup.py install is deprecated -W ignore:easy_install command is deprecated setup.py egg_info --egg-base ../../build/mappeate_y_ubicate build --build-base /home/admlinar/Documents/destroyer_ws/build/mappeate_y_ubicate/build install --record /home/admlinar/Documents/destroyer_ws/build/mappeate_y_ubicate/install.log --single-version-externally-managed install_data
[0.834s] Level 1:colcon.colcon_core.environment:checking '/home/admlinar/Documents/destroyer_ws/install/mappeate_y_ubicate' for CMake config files
[0.834s] Level 1:colcon.colcon_core.environment:checking '/home/admlinar/Documents/destroyer_ws/install/mappeate_y_ubicate/lib'
[0.834s] Level 1:colcon.colcon_core.environment:checking '/home/admlinar/Documents/destroyer_ws/install/mappeate_y_ubicate/bin'
[0.834s] Level 1:colcon.colcon_core.environment:checking '/home/admlinar/Documents/destroyer_ws/install/mappeate_y_ubicate/lib/pkgconfig/mappeate_y_ubicate.pc'
[0.834s] Level 1:colcon.colcon_core.environment:checking '/home/admlinar/Documents/destroyer_ws/install/mappeate_y_ubicate/lib/python3.10/site-packages'
[0.834s] Level 1:colcon.colcon_core.shell:create_environment_hook('mappeate_y_ubicate', 'pythonpath')
[0.835s] INFO:colcon.colcon_core.shell:Creating environment hook '/home/admlinar/Documents/destroyer_ws/install/mappeate_y_ubicate/share/mappeate_y_ubicate/hook/pythonpath.ps1'
[0.835s] INFO:colcon.colcon_core.shell:Creating environment descriptor '/home/admlinar/Documents/destroyer_ws/install/mappeate_y_ubicate/share/mappeate_y_ubicate/hook/pythonpath.dsv'
[0.835s] INFO:colcon.colcon_core.shell:Creating environment hook '/home/admlinar/Documents/destroyer_ws/install/mappeate_y_ubicate/share/mappeate_y_ubicate/hook/pythonpath.sh'
[0.835s] Level 1:colcon.colcon_core.environment:checking '/home/admlinar/Documents/destroyer_ws/install/mappeate_y_ubicate/bin'
[0.835s] Level 1:colcon.colcon_core.environment:create_environment_scripts_only(mappeate_y_ubicate)
[0.836s] INFO:colcon.colcon_core.shell:Creating package script '/home/admlinar/Documents/destroyer_ws/install/mappeate_y_ubicate/share/mappeate_y_ubicate/package.ps1'
[0.836s] INFO:colcon.colcon_core.shell:Creating package descriptor '/home/admlinar/Documents/destroyer_ws/install/mappeate_y_ubicate/share/mappeate_y_ubicate/package.dsv'
[0.836s] INFO:colcon.colcon_core.shell:Creating package script '/home/admlinar/Documents/destroyer_ws/install/mappeate_y_ubicate/share/mappeate_y_ubicate/package.sh'
[0.836s] INFO:colcon.colcon_core.shell:Creating package script '/home/admlinar/Documents/destroyer_ws/install/mappeate_y_ubicate/share/mappeate_y_ubicate/package.bash'
[0.836s] INFO:colcon.colcon_core.shell:Creating package script '/home/admlinar/Documents/destroyer_ws/install/mappeate_y_ubicate/share/mappeate_y_ubicate/package.zsh'
[0.837s] Level 1:colcon.colcon_core.environment:create_file_with_runtime_dependencies(/home/admlinar/Documents/destroyer_ws/install/mappeate_y_ubicate/share/colcon-core/packages/mappeate_y_ubicate)
[0.871s] DEBUG:colcon.colcon_core.event_handler.log_command:Invoking command in '/home/admlinar/Documents/destroyer_ws/src/tools': AMENT_PREFIX_PATH=/home/admlinar/Documents/destroyer_ws/install/custom_msgs:${AMENT_PREFIX_PATH} CMAKE_PREFIX_PATH=/home/admlinar/Documents/destroyer_ws/install/custom_msgs:${CMAKE_PREFIX_PATH} LD_LIBRARY_PATH=/home/admlinar/Documents/destroyer_ws/install/custom_msgs/lib:/home/admlinar/turtlebot3_ws/install/turtlebot3_msgs/lib:/home/admlinar/turtlebot3_ws/install/dynamixel_sdk_custom_interfaces/lib:/home/admlinar/turtlebot3_ws/install/dynamixel_sdk/lib:/usr/lib/x86_64-linux-gnu/gazebo-11/plugins:/opt/ros/humble/opt/rviz_ogre_vendor/lib:/opt/ros/humble/lib/x86_64-linux-gnu:/opt/ros/humble/lib:/usr/lib/x86_64-linux-gnu/gazebo-11/plugins PYTHONPATH=/home/admlinar/Documents/destroyer_ws/build/tools/prefix_override:/usr/lib/python3/dist-packages/colcon_core/task/python/colcon_distutils_commands:/home/admlinar/Documents/destroyer_ws/install/tools/lib/python3.10/site-packages:/home/admlinar/Documents/destroyer_ws/install/custom_msgs/local/lib/python3.10/dist-packages:${PYTHONPATH} /usr/bin/python3 -W ignore:setup.py install is deprecated -W ignore:easy_install command is deprecated setup.py egg_info --egg-base ../../build/tools build --build-base /home/admlinar/Documents/destroyer_ws/build/tools/build install --record /home/admlinar/Documents/destroyer_ws/build/tools/install.log --single-version-externally-managed install_data
[1.037s] Level 1:colcon.colcon_core.environment:checking '/home/admlinar/Documents/destroyer_ws/install/tools' for CMake module files
[1.038s] DEBUG:colcon.colcon_core.event_handler.log_command:Invoked command in '/home/admlinar/Documents/destroyer_ws/src/tools' returned '0': AMENT_PREFIX_PATH=/home/admlinar/Documents/destroyer_ws/install/custom_msgs:${AMENT_PREFIX_PATH} CMAKE_PREFIX_PATH=/home/admlinar/Documents/destroyer_ws/install/custom_msgs:${CMAKE_PREFIX_PATH} LD_LIBRARY_PATH=/home/admlinar/Documents/destroyer_ws/install/custom_msgs/lib:/home/admlinar/turtlebot3_ws/install/turtlebot3_msgs/lib:/home/admlinar/turtlebot3_ws/install/dynamixel_sdk_custom_interfaces/lib:/home/admlinar/turtlebot3_ws/install/dynamixel_sdk/lib:/usr/lib/x86_64-linux-gnu/gazebo-11/plugins:/opt/ros/humble/opt/rviz_ogre_vendor/lib:/opt/ros/humble/lib/x86_64-linux-gnu:/opt/ros/humble/lib:/usr/lib/x86_64-linux-gnu/gazebo-11/plugins PYTHONPATH=/home/admlinar/Documents/destroyer_ws/build/tools/prefix_override:/usr/lib/python3/dist-packages/colcon_core/task/python/colcon_distutils_commands:/home/admlinar/Documents/destroyer_ws/install/tools/lib/python3.10/site-packages:/home/admlinar/Documents/destroyer_ws/install/custom_msgs/local/lib/python3.10/dist-packages:${PYTHONPATH} /usr/bin/python3 -W ignore:setup.py install is deprecated -W ignore:easy_install command is deprecated setup.py egg_info --egg-base ../../build/tools build --build-base /home/admlinar/Documents/destroyer_ws/build/tools/build install --record /home/admlinar/Documents/destroyer_ws/build/tools/install.log --single-version-externally-managed install_data
[1.038s] Level 1:colcon.colcon_core.environment:checking '/home/admlinar/Documents/destroyer_ws/install/tools' for CMake config files
[1.038s] Level 1:colcon.colcon_core.environment:checking '/home/admlinar/Documents/destroyer_ws/install/tools/lib'
[1.038s] Level 1:colcon.colcon_core.environment:checking '/home/admlinar/Documents/destroyer_ws/install/tools/bin'
[1.038s] Level 1:colcon.colcon_core.environment:checking '/home/admlinar/Documents/destroyer_ws/install/tools/lib/pkgconfig/tools.pc'
[1.039s] Level 1:colcon.colcon_core.environment:checking '/home/admlinar/Documents/destroyer_ws/install/tools/lib/python3.10/site-packages'
[1.039s] Level 1:colcon.colcon_core.shell:create_environment_hook('tools', 'pythonpath')
[1.039s] INFO:colcon.colcon_core.shell:Creating environment hook '/home/admlinar/Documents/destroyer_ws/install/tools/share/tools/hook/pythonpath.ps1'
[1.039s] INFO:colcon.colcon_core.shell:Creating environment descriptor '/home/admlinar/Documents/destroyer_ws/install/tools/share/tools/hook/pythonpath.dsv'
[1.039s] INFO:colcon.colcon_core.shell:Creating environment hook '/home/admlinar/Documents/destroyer_ws/install/tools/share/tools/hook/pythonpath.sh'
[1.040s] Level 1:colcon.colcon_core.environment:checking '/home/admlinar/Documents/destroyer_ws/install/tools/bin'
[1.040s] Level 1:colcon.colcon_core.environment:create_environment_scripts_only(tools)
[1.040s] INFO:colcon.colcon_core.shell:Creating package script '/home/admlinar/Documents/destroyer_ws/install/tools/share/tools/package.ps1'
[1.040s] INFO:colcon.colcon_core.shell:Creating package descriptor '/home/admlinar/Documents/destroyer_ws/install/tools/share/tools/package.dsv'
[1.040s] INFO:colcon.colcon_core.shell:Creating package script '/home/admlinar/Documents/destroyer_ws/install/tools/share/tools/package.sh'
[1.040s] INFO:colcon.colcon_core.shell:Creating package script '/home/admlinar/Documents/destroyer_ws/install/tools/share/tools/package.bash'
[1.041s] INFO:colcon.colcon_core.shell:Creating package script '/home/admlinar/Documents/destroyer_ws/install/tools/share/tools/package.zsh'
[1.041s] Level 1:colcon.colcon_core.environment:create_file_with_runtime_dependencies(/home/admlinar/Documents/destroyer_ws/install/tools/share/colcon-core/packages/tools)
[7.886s] DEBUG:colcon.colcon_core.event_handler.log_command:Invoked command in '/home/admlinar/Documents/destroyer_ws/build/grid_fastslam' returned '0': AMENT_PREFIX_PATH=/home/admlinar/Documents/destroyer_ws/install/custom_msgs:${AMENT_PREFIX_PATH} CMAKE_PREFIX_PATH=/home/admlinar/Documents/destroyer_ws/install/custom_msgs:/home/admlinar/turtlebot3_ws/install/turtlebot3:/home/admlinar/turtlebot3_ws/install/turtlebot3_simulations:/home/admlinar/turtlebot3_ws/install/turtlebot3_bringup:/home/admlinar/turtlebot3_ws/install/turtlebot3_node:/home/admlinar/turtlebot3_ws/install/turtlebot3_navigation2:/home/admlinar/turtlebot3_ws/install/turtlebot3_fake_node:/home/admlinar/turtlebot3_ws/install/turtlebot3_custom_simulation:/home/admlinar/turtlebot3_ws/install/turtlebot3_msgs:/home/admlinar/turtlebot3_ws/install/turtlebot3_manipulation_gazebo:/home/admlinar/turtlebot3_ws/install/turtlebot3_gazebo:/home/admlinar/turtlebot3_ws/install/turtlebot3_description:/home/admlinar/turtlebot3_ws/install/turtlebot3_cartographer:/home/admlinar/turtlebot3_ws/install/dynamixel_sdk_examples:/home/admlinar/turtlebot3_ws/install/dynamixel_sdk_custom_interfaces:/home/admlinar/turtlebot3_ws/install/dynamixel_sdk:/home/admlinar/turtlebot3_ws/install/turtlebot3_teleop:/home/admlinar/turtlebot3_ws/install/turtlebot3_example:/opt/ros/humble LD_LIBRARY_PATH=/home/admlinar/Documents/destroyer_ws/install/custom_msgs/lib:/home/admlinar/turtlebot3_ws/install/turtlebot3_msgs/lib:/home/admlinar/turtlebot3_ws/install/dynamixel_sdk_custom_interfaces/lib:/home/admlinar/turtlebot3_ws/install/dynamixel_sdk/lib:/usr/lib/x86_64-linux-gnu/gazebo-11/plugins:/opt/ros/humble/opt/rviz_ogre_vendor/lib:/opt/ros/humble/lib/x86_64-linux-gnu:/opt/ros/humble/lib:/usr/lib/x86_64-linux-gnu/gazebo-11/plugins PYTHONPATH=/home/admlinar/Documents/destroyer_ws/install/custom_msgs/local/lib/python3.10/dist-packages:${PYTHONPATH} /usr/bin/cmake --build /home/admlinar/Documents/destroyer_ws/build/grid_fastslam -- -j16 -l16
[7.887s] DEBUG:colcon.colcon_core.event_handler.log_command:Invoking command in '/home/admlinar/Documents/destroyer_ws/build/grid_fastslam': AMENT_PREFIX_PATH=/home/admlinar/Documents/destroyer_ws/install/custom_msgs:${AMENT_PREFIX_PATH} CMAKE_PREFIX_PATH=/home/admlinar/Documents/destroyer_ws/install/custom_msgs:/home/admlinar/turtlebot3_ws/install/turtlebot3:/home/admlinar/turtlebot3_ws/install/turtlebot3_simulations:/home/admlinar/turtlebot3_ws/install/turtlebot3_bringup:/home/admlinar/turtlebot3_ws/install/turtlebot3_node:/home/admlinar/turtlebot3_ws/install/turtlebot3_navigation2:/home/admlinar/turtlebot3_ws/install/turtlebot3_fake_node:/home/admlinar/turtlebot3_ws/install/turtlebot3_custom_simulation:/home/admlinar/turtlebot3_ws/install/turtlebot3_msgs:/home/admlinar/turtlebot3_ws/install/turtlebot3_manipulation_gazebo:/home/admlinar/turtlebot3_ws/install/turtlebot3_gazebo:/home/admlinar/turtlebot3_ws/install/turtlebot3_description:/home/admlinar/turtlebot3_ws/install/turtlebot3_cartographer:/home/admlinar/turtlebot3_ws/install/dynamixel_sdk_examples:/home/admlinar/turtlebot3_ws/install/dynamixel_sdk_custom_interfaces:/home/admlinar/turtlebot3_ws/install/dynamixel_sdk:/home/admlinar/turtlebot3_ws/install/turtlebot3_teleop:/home/admlinar/turtlebot3_ws/install/turtlebot3_example:/opt/ros/humble LD_LIBRARY_PATH=/home/admlinar/Documents/destroyer_ws/install/custom_msgs/lib:/home/admlinar/turtlebot3_ws/install/turtlebot3_msgs/lib:/home/admlinar/turtlebot3_ws/install/dynamixel_sdk_custom_interfaces/lib:/home/admlinar/turtlebot3_ws/install/dynamixel_sdk/lib:/usr/lib/x86_64-linux-gnu/gazebo-11/plugins:/opt/ros/humble/opt/rviz_ogre_vendor/lib:/opt/ros/humble/lib/x86_64-linux-gnu:/opt/ros/humble/lib:/usr/lib/x86_64-linux-gnu/gazebo-11/plugins PYTHONPATH=/home/admlinar/Documents/destroyer_ws/install/custom_msgs/local/lib/python3.10/dist-packages:${PYTHONPATH} /usr/bin/cmake --install /home/admlinar/Documents/destroyer_ws/build/grid_fastslam
[7.898s] Level 1:colcon.colcon_core.environment:create_environment_scripts_only(grid_fastslam)
[7.898s] Level 1:colcon.colcon_core.environment:checking '/home/admlinar/Documents/destroyer_ws/install/grid_fastslam' for CMake module files
[7.898s] DEBUG:colcon.colcon_core.event_handler.log_command:Invoked command in '/home/admlinar/Documents/destroyer_ws/build/grid_fastslam' returned '0': AMENT_PREFIX_PATH=/home/admlinar/Documents/destroyer_ws/install/custom_msgs:${AMENT_PREFIX_PATH} CMAKE_PREFIX_PATH=/home/admlinar/Documents/destroyer_ws/install/custom_msgs:/home/admlinar/turtlebot3_ws/install/turtlebot3:/home/admlinar/turtlebot3_ws/install/turtlebot3_simulations:/home/admlinar/turtlebot3_ws/install/turtlebot3_bringup:/home/admlinar/turtlebot3_ws/install/turtlebot3_node:/home/admlinar/turtlebot3_ws/install/turtlebot3_navigation2:/home/admlinar/turtlebot3_ws/install/turtlebot3_fake_node:/home/admlinar/turtlebot3_ws/install/turtlebot3_custom_simulation:/home/admlinar/turtlebot3_ws/install/turtlebot3_msgs:/home/admlinar/turtlebot3_ws/install/turtlebot3_manipulation_gazebo:/home/admlinar/turtlebot3_ws/install/turtlebot3_gazebo:/home/admlinar/turtlebot3_ws/install/turtlebot3_description:/home/admlinar/turtlebot3_ws/install/turtlebot3_cartographer:/home/admlinar/turtlebot3_ws/install/dynamixel_sdk_examples:/home/admlinar/turtlebot3_ws/install/dynamixel_sdk_custom_interfaces:/home/admlinar/turtlebot3_ws/install/dynamixel_sdk:/home/admlinar/turtlebot3_ws/install/turtlebot3_teleop:/home/admlinar/turtlebot3_ws/install/turtlebot3_example:/opt/ros/humble LD_LIBRARY_PATH=/home/admlinar/Documents/destroyer_ws/install/custom_msgs/lib:/home/admlinar/turtlebot3_ws/install/turtlebot3_msgs/lib:/home/admlinar/turtlebot3_ws/install/dynamixel_sdk_custom_interfaces/lib:/home/admlinar/turtlebot3_ws/install/dynamixel_sdk/lib:/usr/lib/x86_64-linux-gnu/gazebo-11/plugins:/opt/ros/humble/opt/rviz_ogre_vendor/lib:/opt/ros/humble/lib/x86_64-linux-gnu:/opt/ros/humble/lib:/usr/lib/x86_64-linux-gnu/gazebo-11/plugins PYTHONPATH=/home/admlinar/Documents/destroyer_ws/install/custom_msgs/local/lib/python3.10/dist-packages:${PYTHONPATH} /usr/bin/cmake --install /home/admlinar/Documents/destroyer_ws/build/grid_fastslam
[7.899s] Level 1:colcon.colcon_core.environment:checking '/home/admlinar/Documents/destroyer_ws/install/grid_fastslam' for CMake config files
[7.899s] Level 1:colcon.colcon_core.shell:create_environment_hook('grid_fastslam', 'cmake_prefix_path')
[7.899s] INFO:colcon.colcon_core.shell:Creating environment hook '/home/admlinar/Documents/destroyer_ws/install/grid_fastslam/share/grid_fastslam/hook/cmake_prefix_path.ps1'
[7.900s] INFO:colcon.colcon_core.shell:Creating environment descriptor '/home/admlinar/Documents/destroyer_ws/install/grid_fastslam/share/grid_fastslam/hook/cmake_prefix_path.dsv'
[7.900s] INFO:colcon.colcon_core.shell:Creating environment hook '/home/admlinar/Documents/destroyer_ws/install/grid_fastslam/share/grid_fastslam/hook/cmake_prefix_path.sh'
[7.901s] Level 1:colcon.colcon_core.environment:checking '/home/admlinar/Documents/destroyer_ws/install/grid_fastslam/lib'
[7.901s] Level 1:colcon.colcon_core.environment:checking '/home/admlinar/Documents/destroyer_ws/install/grid_fastslam/bin'
[7.901s] Level 1:colcon.colcon_core.environment:checking '/home/admlinar/Documents/destroyer_ws/install/grid_fastslam/lib/pkgconfig/grid_fastslam.pc'
[7.901s] Level 1:colcon.colcon_core.environment:checking '/home/admlinar/Documents/destroyer_ws/install/grid_fastslam/lib/python3.10/site-packages'
[7.901s] Level 1:colcon.colcon_core.environment:checking '/home/admlinar/Documents/destroyer_ws/install/grid_fastslam/bin'
[7.901s] INFO:colcon.colcon_core.shell:Creating package script '/home/admlinar/Documents/destroyer_ws/install/grid_fastslam/share/grid_fastslam/package.ps1'
[7.901s] INFO:colcon.colcon_core.shell:Creating package descriptor '/home/admlinar/Documents/destroyer_ws/install/grid_fastslam/share/grid_fastslam/package.dsv'
[7.902s] INFO:colcon.colcon_core.shell:Creating package script '/home/admlinar/Documents/destroyer_ws/install/grid_fastslam/share/grid_fastslam/package.sh'
[7.902s] INFO:colcon.colcon_core.shell:Creating package script '/home/admlinar/Documents/destroyer_ws/install/grid_fastslam/share/grid_fastslam/package.bash'
[7.902s] INFO:colcon.colcon_core.shell:Creating package script '/home/admlinar/Documents/destroyer_ws/install/grid_fastslam/share/grid_fastslam/package.zsh'
[7.902s] Level 1:colcon.colcon_core.environment:create_file_with_runtime_dependencies(/home/admlinar/Documents/destroyer_ws/install/grid_fastslam/share/colcon-core/packages/grid_fastslam)
[7.903s] Level 1:colcon.colcon_core.environment:create_environment_scripts_only(grid_fastslam)
[7.903s] Level 1:colcon.colcon_core.environment:checking '/home/admlinar/Documents/destroyer_ws/install/grid_fastslam' for CMake module files
[7.903s] Level 1:colcon.colcon_core.environment:checking '/home/admlinar/Documents/destroyer_ws/install/grid_fastslam' for CMake config files
[7.903s] Level 1:colcon.colcon_core.shell:create_environment_hook('grid_fastslam', 'cmake_prefix_path')
[7.903s] INFO:colcon.colcon_core.shell:Creating environment hook '/home/admlinar/Documents/destroyer_ws/install/grid_fastslam/share/grid_fastslam/hook/cmake_prefix_path.ps1'
[7.904s] INFO:colcon.colcon_core.shell:Creating environment descriptor '/home/admlinar/Documents/destroyer_ws/install/grid_fastslam/share/grid_fastslam/hook/cmake_prefix_path.dsv'
[7.904s] INFO:colcon.colcon_core.shell:Creating environment hook '/home/admlinar/Documents/destroyer_ws/install/grid_fastslam/share/grid_fastslam/hook/cmake_prefix_path.sh'
[7.904s] Level 1:colcon.colcon_core.environment:checking '/home/admlinar/Documents/destroyer_ws/install/grid_fastslam/lib'
[7.904s] Level 1:colcon.colcon_core.environment:checking '/home/admlinar/Documents/destroyer_ws/install/grid_fastslam/bin'
[7.904s] Level 1:colcon.colcon_core.environment:checking '/home/admlinar/Documents/destroyer_ws/install/grid_fastslam/lib/pkgconfig/grid_fastslam.pc'
[7.904s] Level 1:colcon.colcon_core.environment:checking '/home/admlinar/Documents/destroyer_ws/install/grid_fastslam/lib/python3.10/site-packages'
[7.905s] Level 1:colcon.colcon_core.environment:checking '/home/admlinar/Documents/destroyer_ws/install/grid_fastslam/bin'
[7.905s] INFO:colcon.colcon_core.shell:Creating package script '/home/admlinar/Documents/destroyer_ws/install/grid_fastslam/share/grid_fastslam/package.ps1'
[7.905s] INFO:colcon.colcon_core.shell:Creating package descriptor '/home/admlinar/Documents/destroyer_ws/install/grid_fastslam/share/grid_fastslam/package.dsv'
[7.905s] INFO:colcon.colcon_core.shell:Creating package script '/home/admlinar/Documents/destroyer_ws/install/grid_fastslam/share/grid_fastslam/package.sh'
[7.906s] INFO:colcon.colcon_core.shell:Creating package script '/home/admlinar/Documents/destroyer_ws/install/grid_fastslam/share/grid_fastslam/package.bash'
[7.906s] INFO:colcon.colcon_core.shell:Creating package script '/home/admlinar/Documents/destroyer_ws/install/grid_fastslam/share/grid_fastslam/package.zsh'
[7.906s] Level 1:colcon.colcon_core.environment:create_file_with_runtime_dependencies(/home/admlinar/Documents/destroyer_ws/install/grid_fastslam/share/colcon-core/packages/grid_fastslam)
[7.906s] DEBUG:colcon.colcon_parallel_executor.executor.parallel:closing loop
[7.906s] DEBUG:colcon.colcon_parallel_executor.executor.parallel:loop closed
[7.907s] DEBUG:colcon.colcon_parallel_executor.executor.parallel:run_until_complete finished with '0'
[7.907s] DEBUG:colcon.colcon_core.event_reactor:joining thread
[7.910s] INFO:colcon.colcon_core.plugin_system:Skipping extension 'colcon_notification.desktop_notification.terminal_notifier': Not used on non-Darwin systems
[7.910s] INFO:colcon.colcon_core.plugin_system:Skipping extension 'colcon_notification.desktop_notification.win32': Not used on non-Windows systems
[7.910s] INFO:colcon.colcon_notification.desktop_notification:Sending desktop notification using 'notify2'
[7.918s] DEBUG:colcon.colcon_core.event_reactor:joined thread
[7.918s] INFO:colcon.colcon_core.shell:Creating prefix script '/home/admlinar/Documents/destroyer_ws/install/local_setup.ps1'
[7.919s] INFO:colcon.colcon_core.shell:Creating prefix util module '/home/admlinar/Documents/destroyer_ws/install/_local_setup_util_ps1.py'
[7.920s] INFO:colcon.colcon_core.shell:Creating prefix chain script '/home/admlinar/Documents/destroyer_ws/install/setup.ps1'
[7.921s] INFO:colcon.colcon_core.shell:Creating prefix script '/home/admlinar/Documents/destroyer_ws/install/local_setup.sh'
[7.921s] INFO:colcon.colcon_core.shell:Creating prefix util module '/home/admlinar/Documents/destroyer_ws/install/_local_setup_util_sh.py'
[7.921s] INFO:colcon.colcon_core.shell:Creating prefix chain script '/home/admlinar/Documents/destroyer_ws/install/setup.sh'
[7.922s] INFO:colcon.colcon_core.shell:Creating prefix script '/home/admlinar/Documents/destroyer_ws/install/local_setup.bash'
[7.922s] INFO:colcon.colcon_core.shell:Creating prefix chain script '/home/admlinar/Documents/destroyer_ws/install/setup.bash'
[7.923s] INFO:colcon.colcon_core.shell:Creating prefix script '/home/admlinar/Documents/destroyer_ws/install/local_setup.zsh'
[7.924s] INFO:colcon.colcon_core.shell:Creating prefix chain script '/home/admlinar/Documents/destroyer_ws/install/setup.zsh'
