[0.351s] Invoking command in '/home/admlinar/Documents/destroyer_ws/src/tools': AMENT_PREFIX_PATH=/home/admlinar/Documents/destroyer_ws/install/custom_msgs:${AMENT_PREFIX_PATH} CMAKE_PREFIX_PATH=/home/admlinar/Documents/destroyer_ws/install/custom_msgs:${CMAKE_PREFIX_PATH} LD_LIBRARY_PATH=/home/admlinar/Documents/destroyer_ws/install/custom_msgs/lib:/home/admlinar/turtlebot3_ws/install/turtlebot3_msgs/lib:/home/admlinar/turtlebot3_ws/install/dynamixel_sdk_custom_interfaces/lib:/home/admlinar/turtlebot3_ws/install/dynamixel_sdk/lib:/usr/lib/x86_64-linux-gnu/gazebo-11/plugins:/opt/ros/humble/opt/rviz_ogre_vendor/lib:/opt/ros/humble/lib/x86_64-linux-gnu:/opt/ros/humble/lib:/usr/lib/x86_64-linux-gnu/gazebo-11/plugins PYTHONPATH=/home/admlinar/Documents/destroyer_ws/build/tools/prefix_override:/usr/lib/python3/dist-packages/colcon_core/task/python/colcon_distutils_commands:/home/admlinar/Documents/destroyer_ws/install/tools/lib/python3.10/site-packages:/home/admlinar/Documents/destroyer_ws/install/custom_msgs/local/lib/python3.10/dist-packages:${PYTHONPATH} /usr/bin/python3 -W ignore:setup.py install is deprecated -W ignore:easy_install command is deprecated setup.py egg_info --egg-base ../../build/tools build --build-base /home/admlinar/Documents/destroyer_ws/build/tools/build install --record /home/admlinar/Documents/destroyer_ws/build/tools/install.log --single-version-externally-managed install_data
[0.488s] running egg_info
[0.489s] writing ../../build/tools/tools.egg-info/PKG-INFO
[0.489s] writing dependency_links to ../../build/tools/tools.egg-info/dependency_links.txt
[0.489s] writing entry points to ../../build/tools/tools.egg-info/entry_points.txt
[0.489s] writing requirements to ../../build/tools/tools.egg-info/requires.txt
[0.489s] writing top-level names to ../../build/tools/tools.egg-info/top_level.txt
[0.490s] reading manifest file '../../build/tools/tools.egg-info/SOURCES.txt'
[0.490s] adding license file 'LICENSE'
[0.491s] writing manifest file '../../build/tools/tools.egg-info/SOURCES.txt'
[0.491s] running build
[0.491s] running build_py
[0.491s] running install
[0.491s] running install_lib
[0.492s] running install_data
[0.492s] running install_egg_info
[0.493s] removing '/home/admlinar/Documents/destroyer_ws/install/tools/lib/python3.10/site-packages/tools-0.0.0-py3.10.egg-info' (and everything under it)
[0.493s] Copying ../../build/tools/tools.egg-info to /home/admlinar/Documents/destroyer_ws/install/tools/lib/python3.10/site-packages/tools-0.0.0-py3.10.egg-info
[0.493s] running install_scripts
[0.506s] Installing delta_odom script to /home/admlinar/Documents/destroyer_ws/install/tools/lib/tools
[0.506s] Installing map_saver script to /home/admlinar/Documents/destroyer_ws/install/tools/lib/tools
[0.506s] writing list of installed files to '/home/admlinar/Documents/destroyer_ws/build/tools/install.log'
[0.522s] Invoked command in '/home/admlinar/Documents/destroyer_ws/src/tools' returned '0': AMENT_PREFIX_PATH=/home/admlinar/Documents/destroyer_ws/install/custom_msgs:${AMENT_PREFIX_PATH} CMAKE_PREFIX_PATH=/home/admlinar/Documents/destroyer_ws/install/custom_msgs:${CMAKE_PREFIX_PATH} LD_LIBRARY_PATH=/home/admlinar/Documents/destroyer_ws/install/custom_msgs/lib:/home/admlinar/turtlebot3_ws/install/turtlebot3_msgs/lib:/home/admlinar/turtlebot3_ws/install/dynamixel_sdk_custom_interfaces/lib:/home/admlinar/turtlebot3_ws/install/dynamixel_sdk/lib:/usr/lib/x86_64-linux-gnu/gazebo-11/plugins:/opt/ros/humble/opt/rviz_ogre_vendor/lib:/opt/ros/humble/lib/x86_64-linux-gnu:/opt/ros/humble/lib:/usr/lib/x86_64-linux-gnu/gazebo-11/plugins PYTHONPATH=/home/admlinar/Documents/destroyer_ws/build/tools/prefix_override:/usr/lib/python3/dist-packages/colcon_core/task/python/colcon_distutils_commands:/home/admlinar/Documents/destroyer_ws/install/tools/lib/python3.10/site-packages:/home/admlinar/Documents/destroyer_ws/install/custom_msgs/local/lib/python3.10/dist-packages:${PYTHONPATH} /usr/bin/python3 -W ignore:setup.py install is deprecated -W ignore:easy_install command is deprecated setup.py egg_info --egg-base ../../build/tools build --build-base /home/admlinar/Documents/destroyer_ws/build/tools/build install --record /home/admlinar/Documents/destroyer_ws/build/tools/install.log --single-version-externally-managed install_data
